[darwersi-gtp] data path: /home/oliv/coach/engines/f22dc4f8618f27c5/../Lib:/home/oliv/coach/engines/f22dc4f8618f27c5/../Database:/home/oliv/coach/engines/f22dc4f8618f27c5/../DataSrc:.
Ply 8, lastPly 0
4|6|(6) |G5||E7||C3|
(5) |G3||B6||G6||H4||G4||F2||B4||F3||C6||E2|
(4) |F3||D3||D7||C3||F7||B3||E7|
(3) |G4||E2||C6||B4||B5||B6||D3||F2||H4||H5|
8|(8) |G5||E7||C3|
(7) |G6||H4||G4||F2||B4||F3||C6||E2||G3||B6|
(6) |D3||C3||F3||B4||D7||E7||B3||C7||F7||G7|
(5) |C6||D2||E2||B4||G4||B5||C2||G3||H4||H5||C3||F3|
(4) |F7||D7||B4||C7||B6||E7||B5||H7||G7|
(3) |G3||F2||C2||D2||H5||G4||E8||E2||G8|
10|(10) |G5||E7||C3|
(9) |G6||H4||G4||F2||B4||F3||C6||E2||G3||B6|
(8) |D3||C3||F3||B4||D7||E7||B3||C7||F7||G7|
(7) |C3||F3||C6||D2||E2||B4||G4||B5||C2||G3||H4||H5|
(6) |F3||B4||B5||D7||E7||C2||B3||C7||F7||H7||G7|
(5) |C6||D2||E2||B4||G4||B5||H4||H5||C2||F2||G3||B6|
(4) |C7||B4||F7||B6||B3||D7||B5||E7||H7||G7||B7|
(3) |E7||D7||D2||C2||H5||C8||H4||E2||G4||F2||G3||G2|
12
(12) |C3||G5||E7|
(11) |F2||B3||B6||B2||D2||E2||B4||B5|
(10) |G5||E7||F7||G1||G7||G4|
(9) |C6||B4||G4||H6||B3||B6||G6||H4||B2|
(8) |D3||F3||D2||E2||G4||D7||E7||G3||C7||F7||G1||G7|
(7) |F3||H6||D2||B4||G4||B5||H4||H5||C2||B3||B6||B2|
(6) |E2||G4||D7||E7||G3||C7||F7||G1||G7||F1||D2|
(5) |B5||D1||E1||H4||H5||C2||B3||B6||B2||H6||D2||B4||G4|
(4) |G3||C7||G4||B6||E7||D7||A5||A6||F7||F1||G1||G7||B7||G2|
(3) |B4||B3||G4||D2||E1||F1||C2||H5||H4||H2||G2||B2|
[C3][F2][G5][C6][F3][G5][B4][G4][G3][B6][F2][G6]{F2}{B3}{B6}{B2}{D2}{E2}{B4}{B5}
Ply 9, lastPly 8
4|6|(6) |B3||B6||B2||E2||B4||B5||F2||D2|
(5) |G5||E7||G7||A3|
(4) |G6||G3||B6||C6||B4||F2||D3||C2||E2||G4||F3||H4||B2|
(3) |D3||F3||D7||B4||C7||F7||A3||E7||A2||G7|
8|(8) |F2||D2||E2||B4||B5||B3||B6||B2|
(7) |E7||F7||G1||G7||G5||G4|
(6) |C7||D8||E8||B2||C6||B4||B5||D7||B3||B6|
(5) |F7||G1||G7||E2||G4||G5|
(4) |C6||D7||B5||B6||E8||D8||B4||F8||B2|
(3) |G5||B6||E2||G6||G4||C8||F3||G1||G7|
10|(10) |F2||D2||E2||B4||B5||B3||B6||B2|
(9) |E7||F7||G1||G7||G5||G4|
(8) |C7||D8||E8||B2||C6||B4||B5||D7||B3||B6|
(7) |G5||F7||G1||G7||E2||G4|
(6) |C6||H6||F8||B4||G4||E8||B3||B6||G6||F7||B2||G7|
(5) |F7||G1||B8||D3||F3||C8||D2||E2||G4||D7||G3||B6|
(4) |G6||B6||E8||B4||H6||C2||F8||B2||G7|
(3) |D7||D3||H5||G3||F3||E2||G4||D2||C8||B8||G1||G7||B7|
12
(12) |F2||D2||E2||B4||B5||B3||B6||B2|
(11) |E7||F7||G1||G7||G5||G4|
(10) |C7||D8||E8||B2||C6||B4||B5||D7||B3||B6|
(9) |G5||F7||G1||G7||E2||G4|
(8) |B3||B6||G6||F7||B2||G7||C6||H6||F8||B4||G4||E8|
(7) |D7||G3||G1||B8||F3||C6||A3||D2||E2||D3|
(6) |C6||H6||F8||B4||B5||H5||D8||E8||C2||B6||G6||F7||B2||G7||D3|
(5) |B6||A2||B8||B7||D3||F3||A3||C8||D2||E2||B4||B5||G3|
(4) |D3||D8||G6||C2||E8||F8||H6||A5||H5||F7||A7||B2||G7||B7|
(3) |B5||B4||E2||G3||F3||C8||D8||D2||C2||B8||A2||G1||B2||B7|
[F2][E7][C7][G5][D3][G5][D3][F7][G6][D7][C7][C2]{E7}{F7}{G1}{G7}{G5}{G4}
