[darwersi-gtp] data path: /home/oliv/coach/engines/f22dc4f8618f27c5/../Lib:/home/oliv/coach/engines/f22dc4f8618f27c5/../Database:/home/oliv/coach/engines/f22dc4f8618f27c5/../DataSrc:.
Ply 8, lastPly 0
4|6|(6) |G5||E7||C3|
(5) |G3||B6||G6||H4||G4||F2||B4||F3||C6||E2|
(4) |F3||D3||D7||C3||F7||B3||E7|
(3) |G4||E2||C6||B4||B5||B6||D3||F2||H4||H5|
8|(8) |G5||E7||C3|
(7) |G6||H4||G4||F2||B4||F3||C6||E2||G3||B6|
(6) |D3||C3||F3||B4||D7||E7||B3||C7||F7||G7|
(5) |C6||D2||E2||B4||G4||B5||C2||G3||H4||H5||C3||F3|
(4) |F7||D7||B4||C7||B6||E7||B5||H7||G7|
(3) |G3||F2||C2||D2||H5||G4||E8||E2||G8|
10|(10) |G5||E7||C3|
(9) |G6||H4||G4||F2||B4||F3||C6||E2||G3||B6|
(8) |D3||C3||F3||B4||D7||E7||B3||C7||F7||G7|
(7) |C3||F3||C6||D2||E2||B4||G4||B5||C2||G3||H4||H5|
(6) |F3||B4||B5||D7||E7||C2||B3||C7||F7||H7||G7|
(5) |C6||D2||E2||B4||G4||B5||H4||H5||C2||F2||G3||B6|
(4) |C7||B4||F7||B6||B3||D7||B5||E7||H7||G7||B7|
(3) |E7||D7||D2||C2||H5||C8||H4||E2||G4||F2||G3||G2|
12
(12) |C3||G5||E7|
(11) |F2||B3||B6||B2||D2||E2||B4||B5|
(10) |G5||E7||F7||G1||G7||G4|
(9) |C6||B4||G4||H6||B3||B6||G6||H4||B2|
(8) |D3||F3||D2||E2||G4||D7||E7||G3||C7||F7||G1||G7|
(7) |F3||H6||D2||B4||G4||B5||H4||H5||C2||B3||B6||B2|
(6) |E2||G4||D7||E7||G3||C7||F7||G1||G7||F1||D2|
(5) |B5||D1||E1||H4||H5||C2||B3||B6||B2||H6||D2||B4||G4|
(4) |G3||C7||G4||B6||E7||D7||A5||A6||F7||F1||G1||G7||B7||G2|
(3) |B4||B3||G4||D2||E1||F1||C2||H5||H4||H2||G2||B2|
[C3][F2][G5][C6][F3][G5][B4][G4][G3][B6][F2][G6]{F2}{B3}{B6}{B2}{D2}{E2}{B4}{B5}
