[darwersi-gtp] data path: /home/oliv/coach/engines/f22dc4f8618f27c5/../Lib:/home/oliv/coach/engines/f22dc4f8618f27c5/../Database:/home/oliv/coach/engines/f22dc4f8618f27c5/../DataSrc:.
Ply 5, lastPly 0
4|6|(6) |F4||F3||B5||G5||B3||G6|
(5) |E6||F3||C6||F6||C2||D2||E2||G4||D7||C5||E3|
(4) |B5||F6||B4||G6||B3|
(3) |C5||B4||E3||D2||D7||C6||F3||G4||B3||C2||C7||G3|
8
(8) |F4||F3||B5||G5||B3||G6|
(7) |C5||E3||E6||F3||C6||F6||C2||D2||E2||G4||D7|
(6) |B4||B5||B3||G6||F6|
(5) |B3||G3||C7||D2||B5||D7||A5||E3||F3||C6||C2|
(4) |B5||E6||C6||D2||F6||C2||G6||G5||A3||B2|
(3) |C6||E3||D2||C2||D7||F3||G3||B6||C7||A5|
[F4][E6][G6][C6][C5][B6][E7][F3]{E6}{F3}{C6}{F6}{C2}{D2}{E2}{G4}{D7}{C5}{E3}
Ply 5, lastPly 5
4|6|(6) |F4||F3||B5||G5||B3||G6|
(5) |E6||F3||C6||F6||C2||D2||E2||G4||D7||C5||E3|
(4) |B5||F6||B4||G6||B3|
(3) |C5||B4||E3||D2||D7||C6||F3||G4||B3||C2||C7||G3|
8
(8) |F4||F3||B5||G5||B3||G6|
(7) |C5||E3||E6||F3||C6||F6||C2||D2||E2||G4||D7|
(6) |B4||B5||B3||G6||F6|
(5) |B3||G3||C7||D2||B5||D7||A5||E3||F3||C6||C2|
(4) |B5||E6||C6||D2||F6||C2||G6||G5||A3||B2|
(3) |C6||E3||D2||C2||D7||F3||G3||B6||C7||A5|
[F4][E6][G6][C6][C5][B6][E7][F3]{E6}{F3}{C6}{F6}{C2}{D2}{E2}{G4}{D7}{C5}{E3}
