[darwersi-gtp] data path: /home/oliv/coach/engines/f22dc4f8618f27c5/../Lib:/home/oliv/coach/engines/f22dc4f8618f27c5/../Database:/home/oliv/coach/engines/f22dc4f8618f27c5/../DataSrc:.
Ply 5, lastPly 0
Direct eval of depth 4
[F4][E6][B5][C5]{E6}{F3}{C6}{F6}{C2}{D2}{E2}{G4}{D7}{C5}{E3}
Ply 6, lastPly 5
Direct eval of depth 4
[C5][B4][E3][E6]{B4}{B5}{B3}{G6}{F6}
Ply 7, lastPly 6
Direct eval of depth 4
[B4][B3][B5][C6]{B3}{G3}{C7}{D2}{B5}{D7}{A5}{E3}{F3}{C6}{C2}
Ply 8, lastPly 7
Direct eval of depth 4
[E3][E6][F3][F6]{E6}{F6}{D2}{E2}{G5}{C2}{F2}{B2}
Ply 9, lastPly 8
Direct eval of depth 4
[E6][F3][F6][E7]{F3}{C6}{G4}{B5}{G5}{D7}{E7}{G3}{B6}{C7}{A4}{A5}
Ply 1, lastPly 0
Direct eval of depth 4
[D6][C4][D3][C3]{C4}{C5}{C7}{C3}{C6}
Ply 4, lastPly 1
Direct eval of depth 4
[G5][E7][D7][C5]{E7}{H4}{G6}{H6}{C6}{D6}
Ply 7, lastPly 4
Direct eval of depth 4
[G4][D3][C6][E3]{D3}{E3}{C3}{F3}{G3}{C7}{F7}{D7}{E7}{G7}
Ply 8, lastPly 0
Direct eval of depth 4
[G5][G3][F3][G4]{G3}{B6}{G6}{H4}{G4}{F2}{B4}{F3}{C6}{E2}
Ply 9, lastPly 8
Direct eval of depth 4
[G6][D3][C6][D7]{D3}{C3}{F3}{B4}{D7}{E7}{B3}{C7}{F7}{G7}
Ply 10, lastPly 9
Direct eval of depth 4
[D3][C6][F7][G3]{C6}{D2}{E2}{B4}{G4}{B5}{C2}{G3}{H4}{H5}{C3}{F3}
Ply 11, lastPly 10
Direct eval of depth 4
[C3][F3][C6][B4]{F3}{B4}{B5}{D7}{E7}{C2}{B3}{C7}{F7}{H7}{G7}
