
WARNING: Unknown command/Illegal move: "boardsize 8"

WARNING: Unknown command/Illegal move: "clear_board "

WARNING: Unknown command/Illegal move: "game_time 30.0"

WARNING: Unknown command/Illegal move: "boardsize 8"

WARNING: Unknown command/Illegal move: "clear_board "

WARNING: Unknown command/Illegal move: "game_time 30.0"

WARNING: Unknown command/Illegal move: "genmove B"

WARNING: Unknown command/Illegal move: "stats "

WARNING: Unknown command/Illegal move: "final_score "

WARNING: Unknown command/Illegal move: "boardsize 8"

WARNING: Unknown command/Illegal move: "clear_board "

WARNING: Unknown command/Illegal move: "game_time 30.0"

WARNING: Unknown command/Illegal move: "genmove W"

WARNING: Unknown command/Illegal move: "boardsize 8"

WARNING: Unknown command/Illegal move: "clear_board "

WARNING: Unknown command/Illegal move: "game_time 30.0"

WARNING: Unknown command/Illegal move: "genmove B"

WARNING: Unknown command/Illegal move: "stats "

WARNING: Unknown command/Illegal move: "genmove B"

WARNING: Unknown command/Illegal move: "final_score "
