[darwersi-gtp] data path: /home/oliv/coach/engines/f22dc4f8618f27c5/../Lib:/home/oliv/coach/engines/f22dc4f8618f27c5/../Database:/home/oliv/coach/engines/f22dc4f8618f27c5/../DataSrc:.
Ply 8, lastPly 0
4|6|(6) |G5||E7||C3|
(5) |G3||B6||G6||H4||G4||F2||B4||F3||C6||E2|
(4) |F3||D3||D7||C3||F7||B3||E7|
(3) |G4||E2||C6||B4||B5||B6||D3||F2||H4||H5|
8
(8) |G5||E7||C3|
(7) |G6||H4||G4||F2||B4||F3||C6||E2||G3||B6|
(6) |D3||C3||F3||B4||D7||E7||B3||C7||F7||G7|
(5) |C6||D2||E2||B4||G4||B5||C2||G3||H4||H5||C3||F3|
(4) |F7||D7||B4||C7||B6||E7||B5||H7||G7|
(3) |G3||F2||C2||D2||H5||G4||E8||E2||G8|
[G5][G6][D3][C3][F3][C6][C7][E7]{G6}{H4}{G4}{F2}{B4}{F3}{C6}{E2}{G3}{B6}
Ply 9, lastPly 8
4|6|(6) |G6||H4||G4||F2||G3||B6||C6||E2||B4||F3|
(5) |D3||C3||F3||B4||D7||E7||B3||C7||F7||G7|
(4) |C6||D2||B5||C3||E2||F3||G3||B4||C2||G4||H5||H4|
(3) |D7||F7||B6||C7||E7||B4||B5||H7||G7|
8
(8) |G6||H4||G4||F2||G3||B6||C6||E2||B4||F3|
(7) |D3||C3||F3||B4||D7||E7||B3||C7||F7||G7|
(6) |C3||E2||F3||G3||B4||C2||G4||H5||H4||B5||C6||D2|
(5) |F3||B4||B5||D7||E7||C2||B3||C7||F7||H7||G7|
(4) |C6||D2||C2||B4||B6||G4||H5||H4||E2||B5||F2||G3|
(3) |B4||B6||D7||C7||E7||F7||B3||B5||H7||B7||G7|
[G6][D3][C3][F3][C6][B4][B3][B6]{D3}{C3}{F3}{B4}{D7}{E7}{B3}{C7}{F7}{G7}
