[darwersi-gtp] data path: /home/oliv/coach/engines/f22dc4f8618f27c5/../Lib:/home/oliv/coach/engines/f22dc4f8618f27c5/../Database:/home/oliv/coach/engines/f22dc4f8618f27c5/../DataSrc:.
Ply 5, lastPly 0
4|6|(6) |F4||F3||B5||G5||B3||G6|
(5) |E6||F3||C6||F6||C2||D2||E2||G4||D7||C5||E3|
(4) |B5||F6||B4||G6||B3|
(3) |C5||B4||E3||D2||D7||C6||F3||G4||B3||C2||C7||G3|
8|(8) |F4||F3||B5||G5||B3||G6|
(7) |C5||E3||E6||F3||C6||F6||C2||D2||E2||G4||D7|
(6) |B4||B5||B3||G6||F6|
(5) |B3||G3||C7||D2||B5||D7||A5||E3||F3||C6||C2|
(4) |B5||E6||C6||D2||F6||C2||G6||G5||A3||B2|
(3) |C6||E3||D2||C2||D7||F3||G3||B6||C7||A5|
10|(10) |F4||F3||B5||G5||B3||G6|
(9) |E6||F3||C6||F6||C2||D2||E2||G4||D7||C5||E3|
(8) |G6||F6||B4||B5||B3|
(7) |C6||G3||C7||D2||E2||G4||G5||D7||E3||F3|
(6) |C5||B4||B5||D7||E7||B3||C7||B7|
(5) |B6||E3||F3||F6||D2||E2||B4||G4||G3|
(4) |E7||F7||B4||D7||B5||C7||B3||B7||B2|
(3) |F3||F6||F7||G5||E3||D2||G3||E2||G4||F8|
12
(12) |F4||F3||B5||G5||B3||G6|
(11) |E6||F3||C6||F6||C2||D2||E2||G4||D7||C5||E3|
(10) |B3||F6||B4||B5||G6|
(9) |C2||G3||C7||D2||E2||G4||D7||A2||B2||C6||F3|
(8) |E3||F6||D2||B4||F7||D1|
(7) |D2||E2||G4||D7||F2||G3||C7||A4||A2||B2||F3||C6|
(6) |C5||F6||B4||E7||C1||F7||D1||E1|
(5) |B4||G4||B5||G5||D7||A3||G3||C7||A4||A2||B2||E2||F3||C6|
(4) |B5||C1||D1||A3||F7||F6||A4||G5||E7|
(3) |E2||B6||F2||A3||D7||C7||A6||G4||G3||A4||A5||C6||F3||G5||A2|
[F4][E6][B3][C6][E6][C5][E6][F7][C6][G5][B5][B3]{E6}{F3}{C6}{F6}{C2}{D2}{E2}{G4}{D7}{C5}{E3}
Ply 5, lastPly 5
4|6|(6) |F4||F3||B5||G5||B3||G6|
(5) |E6||F3||C6||F6||C2||D2||E2||G4||D7||C5||E3|
(4) |B5||F6||B4||G6||B3|
(3) |C5||B4||E3||D2||D7||C6||F3||G4||B3||C2||C7||G3|
8|(8) |F4||F3||B5||G5||B3||G6|
(7) |C5||E3||E6||F3||C6||F6||C2||D2||E2||G4||D7|
(6) |B4||B5||B3||G6||F6|
(5) |B3||G3||C7||D2||B5||D7||A5||E3||F3||C6||C2|
(4) |B5||E6||C6||D2||F6||C2||G6||G5||A3||B2|
(3) |C6||E3||D2||C2||D7||F3||G3||B6||C7||A5|
10|(10) |F4||F3||B5||G5||B3||G6|
(9) |E6||F3||C6||F6||C2||D2||E2||G4||D7||C5||E3|
(8) |G6||F6||B4||B5||B3|
(7) |C6||G3||C7||D2||E2||G4||G5||D7||E3||F3|
(6) |C5||B4||B5||D7||E7||B3||C7||B7|
(5) |B6||E3||F3||F6||D2||E2||B4||G4||G3|
(4) |E7||F7||B4||D7||B5||C7||B3||B7||B2|
(3) |F3||F6||F7||G5||E3||D2||G3||E2||G4||F8|
12
(12) |F4||F3||B5||G5||B3||G6|
(11) |E6||F3||C6||F6||C2||D2||E2||G4||D7||C5||E3|
(10) |B3||F6||B4||B5||G6|
(9) |C2||G3||C7||D2||E2||G4||D7||A2||B2||C6||F3|
(8) |E3||F6||D2||B4||F7||D1|
(7) |D2||E2||G4||D7||F2||G3||C7||A4||A2||B2||F3||C6|
(6) |C5||F6||B4||E7||C1||F7||D1||E1|
(5) |B4||G4||B5||G5||D7||A3||G3||C7||A4||A2||B2||E2||F3||C6|
(4) |B5||C1||D1||A3||F7||F6||A4||G5||E7|
(3) |E2||B6||F2||A3||D7||C7||A6||G4||G3||A4||A5||C6||F3||G5||A2|
[F4][E6][B3][C6][E6][G5][D2][E6][C6][G5][B5][B3]{E6}{F3}{C6}{F6}{C2}{D2}{E2}{G4}{D7}{C5}{E3}
