[darwersi-gtp] data path: /home/oliv/coach/engines/f22dc4f8618f27c5/../Lib:/home/oliv/coach/engines/f22dc4f8618f27c5/../Database:/home/oliv/coach/engines/f22dc4f8618f27c5/../DataSrc:.
Ply 2, lastPly 0
4|6|(6) |E6||F7||D3||C4|
(5) |F4||D6|
(4) |G5||D3||C3||E3||F3||G4||G7||G3||G6|
(3) |E7||C6||H4||D6||H6||G6|
8|(8) |E6||F7||D3||C4|
(7) |F4||D6|
(6) |G5||D3||C3||E3||F3||G4||G7||G3||G6|
(5) |E7||C6||H4||D6||H6||G6|
(4) |D7||E3||F3||D3||F7||D8|
(3) |C5||D6||C6||G6||C7||H6||H5||H4|
10|(10) |E6||F7||D3||C4|
(9) |F4||D6|
(8) |G5||D3||C3||E3||F3||G4||G7||G3||G6|
(7) |E7||C6||H4||D6||H6||G6|
(6) |E3||F3||D3||F7||D8||D7|
(5) |F3||C6||E2||G4||F2||G3||G6||H4||H5||D6||C5||C4|
(4) |D3||C5||F7||G3||E8||D8||G2|
(3) |E2||D2||C6||C5||C4||C2||C3||H6||H5||H4|
12
(12) |E6||F7||D3||C4|
(11) |F4||D6|
(10) |G5||D3||C3||E3||F3||G4||G7||G3||G6|
(9) |D6||H6||G6||E7||C6||H4|
(8) |E7||D7||F3||F7||C5||E3||D3|
(7) |G6||F7||H6||F8||H5||E8||G7||G4|
(6) |C5||G7||E3|
(5) |C4||C6||G4||D7||H6||B6||C7||H4||D8||E8|
(4) |F7||D7||F3||D3||G3||C3||E3||H6||H7||G7|
(3) |D7||G4||B5||C7||H6||B6||F8||C6||H5||E8||G8||G7|
[E6][F4][F3][G5][C4][E3][D2][F4][E2][F1][F2][C1]{F4}{D6}
Ply 3, lastPly 2
4|6|(6) |F4||D6|
(5) |E3||G4||G5||G3||G6||G7||F3||D3||C3|
(4) |C5||D3||D6||D7||D2||F2|
(3) |C6||C4||G5||G4||G6||B6|
8|(8) |F4||D6|
(7) |E3||G4||G5||G3||G6||G7||F3||D3||C3|
(6) |D3||D6||D7||D2||F2||C5|
(5) |F3||G3||G6||D2||G4||G5||G7||C5||C3|
(4) |D2||C5||D7||D6||F2||G3|
(3) |E2||G5||C4||G4||C3||G3||C2||G6||F7||D1||G7|
10|(10) |F4||D6|
(9) |G5||G3||G6||G7||F3||D3||C3||E3||G4|
(8) |C6||E7||H4||G6||H6||D6|
(7) |D3||E3||C4||C5||C3||F3||G3||G6||F7||E7||G7|
(6) |F3||D2||F7||H6||H4||H5||D6|
(5) |D6||C3||F2||G3||G6||F7||E7||G7||C4||C5||E3|
(4) |C4||E7||G6||C3||C7||C2||H6||H4|
(3) |E3||C3||B5||E7||G3||B3||G6||F7||B6||F2||G7||G2||B7|
12
(12) |F4||D6|
(11) |G5||G3||G6||G7||F3||D3||C3||E3||G4|
(10) |C6||E7||H4||G6||H6||D6|
(9) |F3||G3||G6||F7||E7||G7||D3||E3||C4||C5||C3|
(8) |E7||F2||G6||F7||H4||H5||G2||G4||D6|
(7) |D6||F7||D7||D8||B7||D3||C4||C5|
(6) |G6||H4||H5||G2||C5||G4||D7||F2|
(5) |E3||C4||C5||C3||H6||F8||B6||F7||D8||E8||B7||G7||D3|
(4) |D3||D7||C5||E2||G4||F2||H5||H4||G2|
(3) |C4||F7||C5||B6||C3||D2||F8||H6||E8||D8||B7||G7|
[F4][G5][D6][E3][G4][E3][C3][E3][C3][D2][C2][F2]{G5}{G3}{G6}{G7}{F3}{D3}{C3}{E3}{G4}
