[darwersi-gtp] data path: /home/oliv/coach/engines/f22dc4f8618f27c5/../Lib:/home/oliv/coach/engines/f22dc4f8618f27c5/../Database:/home/oliv/coach/engines/f22dc4f8618f27c5/../DataSrc:.
Ply 5, lastPly 0
Direct eval of depth 4
[F4][E6][B5][C5]{E6}{F3}{C6}{F6}{C2}{D2}{E2}{G4}{D7}{C5}{E3}
Ply 6, lastPly 5
Direct eval of depth 4
[C5][B4][E3][E6]{B4}{B5}{B3}{G6}{F6}
Ply 7, lastPly 6
Direct eval of depth 4
[B4][B3][B5][C6]{B3}{G3}{C7}{D2}{B5}{D7}{A5}{E3}{F3}{C6}{C2}
Ply 8, lastPly 7
Direct eval of depth 4
[E3][E6][F3][F6]{E6}{F6}{D2}{E2}{G5}{C2}{F2}{B2}
Ply 9, lastPly 8
Direct eval of depth 4
[E6][F3][F6][E7]{F3}{C6}{G4}{B5}{G5}{D7}{E7}{G3}{B6}{C7}{A4}{A5}
Ply 10, lastPly 9
Direct eval of depth 4
[F3][F6][F7][G5]{F6}{D2}{E2}{G4}{G5}{C2}{F2}{G3}{B2}{G2}
Ply 11, lastPly 10
Direct eval of depth 4
[F6][F7][C2][E7]{F7}{A4}{A5}{G7}{B5}{D7}{E7}{B6}{C7}{C6}
Ply 12, lastPly 11
Direct eval of depth 4
[F7][C2][E7][D2]{C2}{F2}{G3}{G6}{G8}{B2}{G2}{G7}{G5}{G4}{E2}{D2}
Ply 13, lastPly 12
Direct eval of depth 4
[C2][E7][D2][C7]{E7}{A4}{B3}{B6}{C7}{B1}{B2}{D7}{C6}{B5}
Ply 14, lastPly 13
Direct eval of depth 4
[E7][D2][B3][F2]{D2}{E2}{G4}{G5}{F2}{G3}{G6}{G8}{G2}{G7}{F8}
Ply 15, lastPly 14
Direct eval of depth 4
[D2][B3][G4][B6]{B3}{B6}{C7}{B1}{B2}{C6}{C1}{A3}{B5}{A4}
Ply 16, lastPly 15
Direct eval of depth 4
[C7][D7][C6][B5]{D7}{F2}{G3}{G6}{G8}{G2}{G7}{G4}{G5}{F8}
Ply 17, lastPly 16
Direct eval of depth 4
[D7][C6][B5][B6]{C6}{C1}{A3}{C8}{B5}{A4}{B3}{B6}{B1}{B2}
Ply 18, lastPly 17
Direct eval of depth 4
[C8][D8][C6][B5]{D8}{F2}{G3}{G6}{B8}{G8}{G2}{G7}{G4}{G5}{F8}
Ply 19, lastPly 18
Direct eval of depth 4
[F2][C6][G3][E2]{C6}{C1}{F1}{A3}{E2}{B5}{D1}{A4}{B3}{B1}{B2}
Ply 20, lastPly 19
Direct eval of depth 4
[C6][G4][E2][G3]{G4}{G5}{D8}{E8}{G3}{G6}{G8}{G7}{F8}
Ply 21, lastPly 20
Direct eval of depth 4
[G4][E2][G3][D1]{E2}{B5}{D1}{H5}{B3}{G3}{B1}{B2}{F1}{A3}{H3}{C1}
Ply 22, lastPly 21
Direct eval of depth 4
[E2][G3][B5][G6]{G3}{G6}{B8}{G8}{G7}{F1}{F8}{G5}{D1}{D8}
Ply 23, lastPly 22
Direct eval of depth 4
[G3][B5][E1][D1]{B5}{C1}{F1}{A3}{H3}{D1}{A4}{H4}{H5}{B3}{B1}{H2}{B2}{G2}
Ply 24, lastPly 23
Direct eval of depth 4
[D1][C1][B6][G6]{C1}{F1}{F8}{E1}{E8}{G6}{B8}{G8}{B7}{G7}{G5}
Ply 25, lastPly 24
Direct eval of depth 4
[G5][B5][C1][B6]{B5}{C1}{F1}{A3}{H3}{H6}{A4}{H4}{A5}{H5}{B3}{B6}{G6}{B1}{G1}{H2}{B2}{G2}
Ply 26, lastPly 25
Direct eval of depth 4
[B6][C1][G6][F1]{C1}{F1}{F8}{E1}{D8}{E8}{A7}{B8}{G8}{B7}{G7}{B5}
Ply 27, lastPly 26
Direct eval of depth 4
[B5][C1][B3][G6]{C1}{F1}{A3}{H3}{A6}{H6}{A4}{H4}{A5}{H5}{B1}{G1}{H2}{B2}{G2}{G6}{B3}
Ply 28, lastPly 27
Direct eval of depth 4
[G1][F8][E8][F1]{F8}{A7}{B8}{G8}{G2}{B7}{G7}{D8}{E8}{C1}{F1}{E1}
Ply 0, lastPly 0
Direct eval of depth 4
[D3][C3][C4][E3]{C3}{C5}{E3}
Ply 1, lastPly 0
Direct eval of depth 4
[C5][E6][F5][F6]{E6}{B6}{F6}{D6}{C6}
Ply 3, lastPly 1
Direct eval of depth 4
[E3][C3][F3][C4]{C3}{F3}{C6}{C4}{D6}{E2}{B5}
Ply 4, lastPly 3
Direct eval of depth 4
[D6][C3][D2][F5]{C3}{E7}{F5}
Ply 5, lastPly 4
Direct eval of depth 4
[C3][D2][F5][C4]{D2}{E2}{B4}{B5}{B2}{C2}{F2}{B6}
Ply 6, lastPly 0
Direct eval of depth 4
[D2][F5][C4][D7]{F5}{F6}{E7}{C1}{E1}
Ply 7, lastPly 5
Direct eval of depth 4
[F5][C6][D7][C4]{C6}{F6}{F2}{B3}{B6}{G6}{E2}{B4}{G4}{B2}{C4}{F4}{F3}
Ply 8, lastPly 6
Direct eval of depth 4
[C6][D7][C4][B3]{D7}{E7}{C1}{C2}{C7}{E1}
Ply 9, lastPly 7
Direct eval of depth 4
[C2][F3][E2][F4]{F3}{F6}{E2}{B4}{G4}{B5}{G5}{F2}{B6}{B2}{C4}{F4}
Ply 10, lastPly 8
Direct eval of depth 4
[F3][E7][C4][B3]{E7}{C1}{G3}{C7}{D1}{E1}{E2}{D7}
Ply 11, lastPly 9
Direct eval of depth 4
[E7][C4][B3][D7]{C4}{F4}{F6}{E2}{B4}{B5}{G5}{D7}{F2}{B3}{B6}{G6}{F7}{E8}{B1}{B2}
Ply 12, lastPly 10
Direct eval of depth 4
[C4][B4][F4][B3]{B4}{B5}{D1}{E1}{B3}{G3}{B6}{C7}{E2}{C1}
Ply 13, lastPly 11
Direct eval of depth 4
[B3][F4][G4][D7]{F4}{F6}{C1}{A3}{F8}{E2}{B4}{G5}{D7}{E8}{F2}{G6}{B1}{B2}
Ply 14, lastPly 12
Direct eval of depth 4
[F4][B4][D7][G4]{B4}{G4}{B5}{D1}{E1}{F2}{G3}{B6}{C7}{G2}{B7}{E2}
Ply 15, lastPly 13
Direct eval of depth 4
[B4][D7][G4][G3]{D7}{A4}{A5}{E8}{B6}{G6}{C7}{B1}{B2}{A3}{F6}{C1}
Ply 16, lastPly 14
Direct eval of depth 4
[D7][D1][B5][E2]{D1}{E1}{D8}{F2}{G3}{B6}{C7}{G4}{E2}{C8}
Ply 17, lastPly 15
Direct eval of depth 4
[G4][B5][B6][F6]{B5}{G5}{A5}{H5}{E8}{G3}{B6}{F7}{A2}{B2}{F8}{F6}{C1}{A3}{H3}
Ply 18, lastPly 16
Direct eval of depth 4
[B5][A6][C1][B6]{A6}{C8}{E2}{D1}{E1}{A5}{D8}{F2}{G3}{B6}{C7}{G2}{B7}{C1}
Ply 19, lastPly 17
Direct eval of depth 4
[B6][F6][F2][C7]{F6}{A3}{H3}{G5}{A4}{A5}{H5}{E8}{F7}{A2}{A7}{B2}{B7}
Ply 20, lastPly 18
Direct eval of depth 4
[F6][G3][F2][G6]{G3}{G6}{C7}{G2}{G7}{F2}{D8}{E8}{C8}{E2}{G5}{D1}{E1}
Ply 21, lastPly 19
Direct eval of depth 4
[G3][F7][G5][E2]{F7}{B1}{A2}{B2}{G2}{B7}{D8}{F2}{H3}{A6}{G5}{A4}{A5}
Ply 22, lastPly 20
Direct eval of depth 4
[D8][G5][F7][G6]{G5}{D1}{E1}{E8}{G6}{F7}{G7}{C8}{F8}{E2}{C1}
Ply 23, lastPly 21
Direct eval of depth 4
[E2][F7][G5][D1]{F7}{B1}{A2}{B2}{G2}{B7}{D1}{E1}{A4}{A5}{F2}{H3}{A6}{A3}
Ply 24, lastPly 22
Direct eval of depth 4
[F7][G5][F2][C8]{G5}{C8}{F8}{E8}{G6}{G8}{G7}
Ply 25, lastPly 23
Direct eval of depth 4
[G5][H5][C8][C7]{H5}{F2}{A2}{B2}{G2}{B7}{H4}{A5}{E1}{A4}{H3}{A6}{D1}{A3}
Ply 26, lastPly 24
Direct eval of depth 4
[F2][C8][C7][E8]{C8}{F8}{E1}{E8}{G6}{G1}{G8}{G2}{G7}
Ply 27, lastPly 25
Direct eval of depth 4
[C8][C1][D1][E1]{C1}{A3}{H3}{A6}{H6}{D1}{E1}{A4}{H4}{A5}{H5}{A2}{H2}{A7}{B8}{B2}{B7}{C7}
Ply 28, lastPly 26
Direct eval of depth 4
[C7][G6][E1][D1]{G6}{E1}{E8}{F1}{F8}{G1}{B8}{G8}{G2}{G7}
Ply 29, lastPly 27
Direct eval of depth 4
[G6][A6][E1][A5]{A6}{H6}{D1}{E1}{A4}{H4}{A5}{H5}{A2}{H2}{A7}{B8}{B2}{B7}{G7}{H3}{C1}{A3}
Ply 30, lastPly 28
Direct eval of depth 4
[A6][E8][E1][B8]{E8}{F1}{F8}{G1}{A7}{B8}{G8}{G2}{B7}{E1}
Ply 31, lastPly 29
Direct eval of depth 4
[E8][A4][A5][A3]{A4}{H4}{A5}{H5}{C1}{F1}{A3}{H3}{H6}{F8}{A2}{H2}{G8}{B2}{B7}{G7}{E1}{D1}
Ply 32, lastPly 30
Direct eval of depth 4
[A4][A3][A5][B8]{A3}{G1}{A7}{B8}{G2}{B7}{A5}{F1}{E1}
Ply 33, lastPly 31
Direct eval of depth 4
[A5][A3][E1][F1]{A3}{H3}{H6}{F8}{B1}{A2}{H2}{A7}{H7}{B8}{G8}{B2}{B7}{G7}{E1}{H4}{H5}{C1}{F1}{D1}
Ply 34, lastPly 32
Direct eval of depth 4
[A3][E1][B7][B2]{E1}{F1}{G1}{A2}{A7}{B2}{G2}
Ply 35, lastPly 33
Direct eval of depth 4
[E1][B7][B2][H4]{B7}{G7}{H4}{H5}{C1}{F1}{H3}{H6}{F8}{B1}{G1}{H2}{A7}{H7}{B8}{G8}{D1}
Ply 36, lastPly 34
Direct eval of depth 4
[B7][B2][F8][G8]{B2}{A2}{A7}
Ply 37, lastPly 35
Direct eval of depth 4
[B2][F8][G8][A1]{F8}{B1}{G1}{H2}{H7}{B8}{G8}{G7}{H4}{H5}{C1}{F1}{H3}{H6}{D1}
Ply 38, lastPly 36
Direct eval of depth 4
[H4][H5][H3][H2]{H5}{H3}{A2}{A7}{B8}
Ply 39, lastPly 37
Direct eval of depth 4
[H5][H3][H2][H6]{H3}{H6}{F8}{B1}{G1}{H2}{H7}{B8}{G8}{G2}{G7}{F1}{D1}{C1}
Ply 40, lastPly 38
Direct eval of depth 4
[H3][H2][F8][G8]{H2}{A7}{B8}{G2}{A2}
Ply 41, lastPly 39
Direct eval of depth 4
[H2][H7][B8][A8]{H7}{B8}{G8}{G7}{F8}{B1}{G1}{H6}{F1}{D1}{C1}
Ply 42, lastPly 40
Direct eval of depth 4
[H7][B8][F8][G8]{B8}{G7}{A7}{A2}{H6}
Ply 43, lastPly 41
Direct eval of depth 4
[B8][F8][G8][A8]{F8}{B1}{G1}{A2}{A7}{G8}{G2}{A8}{D1}{C1}{F1}{H6}
Ply 44, lastPly 42
Direct eval of depth 4
[A8][A7][F8][G2]{A7}{G7}{A2}{H6}
Ply 0, lastPly 0
Direct eval of depth 4
[D3][C3][C4][E3]{C3}{C5}{E3}
Ply 1, lastPly 0
Direct eval of depth 4
[C5][E6][F5][F6]{E6}{B6}{F6}{D6}{C6}
Ply 2, lastPly 1
Direct eval of depth 4
[C6][E3][C4][D6]{E3}{C3}{C7}
Ply 3, lastPly 2
Direct eval of depth 4
[E3][C4][D6][F4]{C4}{F5}{B5}{F3}
Ply 3, lastPly 3
Direct eval of depth 4
[E3][C4][D6][F4]{C4}{F5}{B5}{F3}
Ply 4, lastPly 3
Direct eval of depth 4
[C4][D6][D7][B5]{D6}{C3}{D2}{B4}{B5}{C2}{B6}{B7}
Ply 5, lastPly 4
Direct eval of depth 4
[D6][E7][D7][E6]{E7}{D7}{F4}{F5}{E6}{F3}{F2}
Ply 6, lastPly 5
Direct eval of depth 4
[E7][D7][E6][F5]{D7}{C2}{B3}{B6}{C7}{B7}{B4}{B5}{D2}{C3}
Ply 7, lastPly 6
Direct eval of depth 4
[D7][E6][C7][F4]{E6}{F3}{F2}{C7}{D8}{E8}{F4}{F5}
Ply 8, lastPly 7
Direct eval of depth 4
[C7][B5][E6][B4]{B5}{F8}{C2}{B3}{B6}{D8}{B8}{B7}{C3}{D2}{B4}
Ply 9, lastPly 8
Direct eval of depth 4
[B5][E6][B4][C3]{E6}{F3}{A6}{B4}{A4}{F5}{F4}
Ply 10, lastPly 9
Direct eval of depth 4
[B4][B6][E6][D2]{B6}{A4}{D8}{E8}{B8}{B7}{C3}{D2}{E2}{C2}{B3}
Ply 11, lastPly 10
Direct eval of depth 4
[B6][E6][A3][F4]{E6}{F3}{A6}{A4}{A5}{B7}{F5}{F4}
Ply 12, lastPly 11
Direct eval of depth 4
[E6][A3][A6][C2]{A3}{C8}{F8}{D2}{E2}{A4}{D8}{E8}{C2}{B3}{B8}{B7}{F6}{C3}
Ply 13, lastPly 12
Direct eval of depth 4
[D2][F5][C3][F4]{F5}{F3}{A6}{E2}{D1}{A4}{A5}{B7}{F4}
Ply 14, lastPly 13
Direct eval of depth 4
[F5][C3][F4][F6]{C3}{F6}{A3}{C8}{F8}{G5}{A4}{D8}{E8}{B3}{G6}{B7}
Ply 15, lastPly 14
Direct eval of depth 4
[C3][B3][A4][A3]{B3}{B2}{B7}{F4}{F3}{A6}{E2}{D1}{E1}{A4}{A5}{C2}
Ply 16, lastPly 15
Direct eval of depth 4
[F4][C8][F2][D8]{C8}{F8}{G5}{A5}{D8}{E8}{B3}{G6}{F6}{A3}
Ply 17, lastPly 16
Direct eval of depth 4
[C8][A5][F6][F7]{A5}{C2}{F2}{A7}{B8}{B2}{B7}{A4}{D1}{E1}{E2}{A6}{C1}
Ply 18, lastPly 17
Direct eval of depth 4
[F2][D8][E2][F3]{D8}{E8}{B3}{G3}{G6}{F7}{G1}{F8}{G4}{G5}{A5}{F3}{F6}{A3}
Ply 19, lastPly 18
Direct eval of depth 4
[D8][E2][F3][G4]{E2}{E1}{A5}{C2}{B3}{A7}{B8}{B2}{B7}{C1}{A6}
Ply 20, lastPly 19
Direct eval of depth 4
[E2][F3][G4][G3]{F3}{F6}{F1}{A3}{F8}{G4}{G5}{A4}{A5}{B3}{G3}{F7}{G1}{G2}
Ply 21, lastPly 20
Direct eval of depth 4
[F3][A5][A6][B3]{A5}{C2}{A7}{B8}{B2}{B7}{G4}{E1}{C1}{A6}
Ply 22, lastPly 21
Direct eval of depth 4
[G4][B3][C1][E8]{B3}{G3}{G6}{F7}{G1}{G2}{A5}{E8}{E1}{A4}{H4}{F1}{A3}{H3}{F8}{G5}{F6}
Ply 23, lastPly 22
Direct eval of depth 4
[A5][B3][C2][A4]{B3}{A7}{B8}{B2}{B7}{C1}{A3}{A6}{A4}{C2}
Ply 24, lastPly 23
Direct eval of depth 4
[B3][F1][A4][C2]{F1}{H3}{F8}{E1}{H4}{E8}{C2}{G3}{G6}{F7}{G1}{A2}{B2}{G2}{G5}{F6}
Ply 25, lastPly 24
Direct eval of depth 4
[C2][A4][A3][A6]{A4}{B1}{A7}{B8}{B2}{B7}{A3}{A6}{D1}{C1}
Ply 26, lastPly 25
Direct eval of depth 4
[A4][F1][A6][A3]{F1}{A3}{H3}{F8}{G3}{G6}{F7}{G1}{A2}{B2}{G2}{F6}{G5}
Ply 27, lastPly 26
Direct eval of depth 4
[F8][A6][F6][F7]{A6}{D1}{E1}{E8}{B1}{A7}{B8}{B2}{B7}{C1}
Ply 28, lastPly 27
Direct eval of depth 4
[A6][F1][E8][F7]{F1}{A3}{H3}{G1}{A2}{A7}{G2}{B7}{F6}{G5}{G3}{G6}{F7}{E1}
Ply 29, lastPly 28
Direct eval of depth 4
[A3][A2][F6][E1]{A2}{B8}{B2}{E8}{B1}{E1}{C1}{D1}
Ply 30, lastPly 29
Direct eval of depth 4
[E8][F1][A2][F7]{F1}{H3}{G1}{A7}{G2}{B7}{F6}{G5}{G3}{G6}{F7}{H4}
Ply 31, lastPly 30
Direct eval of depth 4
[F1][A2][B7][E1]{A2}{B8}{G8}{B2}{B7}{C1}{B1}{E1}{D1}
Ply 32, lastPly 31
Direct eval of depth 4
[A2][G1][D1][C1]{G1}{A7}{B2}{G2}{B7}{F7}{H4}{H5}{H3}{G6}{G5}{G3}{F6}
Ply 33, lastPly 32
Direct eval of depth 4
[G1][B2][F7][E1]{B2}{B7}{D1}{E1}{C1}{B1}{B8}{G8}
Ply 34, lastPly 33
Direct eval of depth 4
[B2][F7][F6][G6]{F7}{H4}{H5}{H3}{B1}{A7}{G2}{B7}{G6}{G5}{G3}{F6}
Ply 35, lastPly 34
Direct eval of depth 4
[F7][F6][G6][E1]{F6}{G6}{D1}{E1}{C1}{B1}{B8}{G8}{G2}
Ply 36, lastPly 35
Direct eval of depth 4
[E1][D1][C1][G5]{D1}{H4}{H3}{B1}{A7}{G2}{B7}{G5}{G3}{G6}{F6}
Ply 37, lastPly 36
Direct eval of depth 4
[D1][C1][G2][H1]{C1}{B1}{B8}{G8}{G2}{F6}{G6}
Ply 38, lastPly 37
Direct eval of depth 4
[C1][G2][H1][G5]{G2}{B7}{G5}{G3}{G6}{H4}{H5}{H3}{B1}{A7}{F6}
Ply 39, lastPly 38
Direct eval of depth 4
[G2][H1][G5][F6]{H1}{F6}{G3}{G6}{H2}{B8}{G8}
Ply 40, lastPly 39
Direct eval of depth 4
[H1][H4][G3][A1]{H4}{H3}{B1}{H2}{A7}{B7}{F6}{G5}{G3}{G6}
Ply 41, lastPly 40
Direct eval of depth 4
[G5][G3][H4][F6]{G3}{G6}{H5}{H6}{B8}{G8}{F6}
Ply 42, lastPly 41
Direct eval of depth 4
[G3][H4][F6][G6]{H4}{H3}{B1}{H2}{A7}{B7}{A1}
Ply 43, lastPly 42
Direct eval of depth 4
[H4][F6][G6][H6]{F6}{G6}{H5}{H6}{B8}{G8}
Ply 44, lastPly 43
Direct eval of depth 4
[F6][G6][H3][B7]{G6}{H3}{B1}{H2}{A7}{B7}
Ply 45, lastPly 44
Direct eval of depth 4
[G6][H3][B7][A7]{H3}{H6}{H7}{B8}{G8}{G7}{H5}
Ply 46, lastPly 45
Direct eval of depth 4
[H3][H2][H5][A1]{H2}{A7}{B7}{B1}
Ply 47, lastPly 46
Direct eval of depth 4
[H2][H5][A1][B1]{H5}{H6}{H7}{B8}{G8}{G7}
Ply 48, lastPly 47
Direct eval of depth 4
[H5][A1][B1][A7]{A1}{H6}{B1}{A7}{H7}{G8}{B7}{G7}
Ply 49, lastPly 48
Direct eval of depth 4
[A1][B1][A7][B8]{B1}{B8}{G8}{B7}
