[darwersi-gtp] data path: /home/oliv/coach/engines/f22dc4f8618f27c5/../Lib:/home/oliv/coach/engines/f22dc4f8618f27c5/../Database:/home/oliv/coach/engines/f22dc4f8618f27c5/../DataSrc:.
Ply 5, lastPly 0
Direct eval of depth 2
[F4][F6]{F6}{C5}{E6}{C6}{E3}{F3}{G4}{D2}{E2}{D7}{C2}
Ply 6, lastPly 5
Direct eval of depth 2
[C5][B5]{B5}{F6}{B4}{G6}{B3}
Ply 7, lastPly 6
Direct eval of depth 2
[F6][E3]{E3}{G5}{D2}{E2}{G4}{D7}{E7}{C2}{G6}{G3}{C7}{G7}
Ply 8, lastPly 7
Direct eval of depth 2
[E3][B4]{B4}{D2}{B5}{C2}{B2}
Ply 9, lastPly 8
Direct eval of depth 2
[B5][E6]{E6}{C6}{G4}{G5}{D7}{B6}{G6}{A6}{G7}
Ply 10, lastPly 9
Direct eval of depth 2
[E6][B4]{B4}{D7}{F2}{E2}{D2}{C2}{B2}
Ply 11, lastPly 10
Direct eval of depth 2
[D7][C6]{C6}{F7}{B6}{E7}{G6}{G4}{G3}{C7}{A6}{G5}{A5}{D8}{G7}
Ply 12, lastPly 11
Direct eval of depth 2
[C6][B6]{B6}{B3}{C2}{B4}{E2}{D2}{B2}
Ply 13, lastPly 12
Direct eval of depth 2
[B6][F7]{F7}{G6}{C7}{A5}{G3}{G4}{E7}{A6}{D8}{G5}{A7}{B7}{G7}
Ply 14, lastPly 13
Direct eval of depth 2
[C7][B3]{B3}{B4}{F2}{C2}{D8}{D2}{E2}{B8}{B2}{B7}
Ply 15, lastPly 14
Direct eval of depth 2
[B4][B3]{B3}{F3}{F7}{A3}{G3}{D8}{E8}{A4}{E7}{G5}{A6}{G6}{A5}{A7}{G7}
Ply 16, lastPly 15
Direct eval of depth 2
[F3][E7]{E7}{E2}{F2}{C2}{D8}{C8}{D2}{B8}{B2}{B7}
Ply 17, lastPly 16
Direct eval of depth 2
[E7][B3]{B3}{D8}{G3}{G4}{G5}{E8}{G6}{A6}{A4}{A5}{F7}{A7}{G7}
Ply 18, lastPly 17
Direct eval of depth 2
[B3][E2]{E2}{C2}{F2}{D2}{C8}{D8}{A2}{B8}{B7}{B2}
Ply 19, lastPly 18
Direct eval of depth 2
[E2][G3]{G3}{D2}{G5}{D8}{G6}{A6}{A4}{E8}{D1}{A5}{F7}{G7}{B7}
Ply 20, lastPly 19
Direct eval of depth 2
[D2][D1]{D1}{F2}{G4}{C2}{G3}{D8}{C8}{C1}{A3}{E1}{B8}{A2}{B7}{B2}{G2}
Ply 21, lastPly 20
Direct eval of depth 2
[F2][G3]{G3}{D8}{F1}{G4}{E8}{A4}{G5}{G6}{F7}{A6}{A5}{A7}{G1}{G7}{B7}{G2}
Ply 22, lastPly 21
Direct eval of depth 2
[F1][D1]{D1}{D8}{C1}{C2}{C8}{A3}{E1}{A2}{B8}{B2}{B7}
Ply 23, lastPly 22
Direct eval of depth 2
[C2][D8]{D8}{E8}{A4}{C1}{G6}{G4}{G5}{G3}{A5}{D1}{A6}{G1}{F7}{A7}{G7}{B7}{B2}{G2}
Ply 24, lastPly 23
Direct eval of depth 2
[E8][D8]{D8}{A3}{A4}{C8}{B8}{A2}{B7}{B2}
Ply 25, lastPly 24
Direct eval of depth 2
[A3][D1]{D1}{E1}{G3}{A4}{G5}{A5}{G6}{C1}{G4}{A6}{G1}{F7}{A7}{A2}{B2}{G7}{G2}
Ply 26, lastPly 25
Direct eval of depth 2
[A4][A6]{A6}{A5}{D8}{C8}{B8}{B7}
Ply 27, lastPly 26
Direct eval of depth 2
[A5][A6]{A6}{D1}{E1}{G3}{G5}{C1}{G6}{A7}{G4}{G1}{A2}{F7}{B2}{G2}{G7}
Ply 28, lastPly 27
Direct eval of depth 2
[A6][A7]{A7}{C8}{D8}{B8}{B7}
Ply 29, lastPly 28
Direct eval of depth 2
[A7][D1]{D1}{E1}{G3}{G5}{C1}{G6}{G1}{G4}{B2}{F7}{A2}{G2}{B7}{G7}
Ply 30, lastPly 29
Direct eval of depth 2
[G1][D8]{D8}{C8}{B8}{B7}{G2}
Ply 31, lastPly 30
Direct eval of depth 2
[D8][E1]{E1}{C8}{G3}{G4}{C1}{G5}{G6}{D1}{F7}{B2}{G2}{A2}{G7}{B7}
Ply 32, lastPly 31
Direct eval of depth 2
[C8][B8]{B8}{B7}{G2}
Ply 33, lastPly 32
Direct eval of depth 2
[B7][E1]{E1}{G3}{C1}{D1}{G4}{G5}{F7}{B2}{A2}{G7}{B8}
Ply 34, lastPly 33
Direct eval of depth 2
[E1][D1]{D1}{G2}
Ply 35, lastPly 34
Direct eval of depth 2
[D1][C1]{C1}{G3}{G4}{G5}{B2}{F7}{A2}{G7}{B8}
Ply 36, lastPly 35
Direct eval of depth 2
[C1][B2]{B2}{B1}{G2}
Ply 37, lastPly 36
Direct eval of depth 2
[B2][G3]{G3}{G4}{G5}{B1}{F7}{A2}{B8}
Ply 38, lastPly 37
Direct eval of depth 2
[G3][G4]{G4}{H3}{H2}{G2}
Ply 39, lastPly 38
Direct eval of depth 2
[G4][H4]{H4}{H5}{H3}{F7}{G5}{B1}{A2}{B8}
Ply 40, lastPly 39
Direct eval of depth 2
[H4][G5]{G5}{H5}{H3}{H2}{G2}
Ply 41, lastPly 40
Direct eval of depth 2
[G5][G6]{G6}{H6}{H5}{A1}{A8}{F7}{G2}{B1}{G7}{A2}{B8}
Ply 42, lastPly 41
Direct eval of depth 2
[H6][H5]{H5}{H3}{H2}{G2}
Ply 43, lastPly 42
Direct eval of depth 2
[H5][H3]{H3}{G6}{F7}{A8}{A1}{G7}{G2}{B1}{A2}{B8}
Ply 44, lastPly 43
Direct eval of depth 2
[H3][G6]{G6}{F7}{H2}{H7}{G2}
Ply 45, lastPly 44
Direct eval of depth 2
[G6][F7]{F7}{A1}{G7}{B1}{A2}{B8}
Ply 46, lastPly 45
Direct eval of depth 2
[F7][H7]{H7}{G7}{F8}{G8}{H2}{G2}
Ply 47, lastPly 46
Direct eval of depth 2
[F8][A1]{A1}{G8}{G7}{B1}{A2}{B8}
Ply 48, lastPly 47
Direct eval of depth 2
[G8][G7]{G7}{H7}{H2}{G2}
Ply 49, lastPly 48
Direct eval of depth 2
[G2][A1]{A1}{B1}{G7}{A2}{H2}{B8}
Ply 50, lastPly 49
Direct eval of depth 2
[A1][B1]{B1}{G7}{H7}{H2}{A2}
Ply 51, lastPly 50
Direct eval of depth 2
[B1][A2]{A2}{G7}{H2}{B8}
Ply 51, lastPly 51
Direct eval of depth 2
[B1][A2]{A2}{G7}{H2}{B8}
Ply 52, lastPly 51
Direct eval of depth 2
[A2][H1]{H1}{G7}{H7}{H2}
Ply 53, lastPly 52
Direct eval of depth 2
[H1][A8]{A8}{H2}{G7}{H7}{B8}
Ply 54, lastPly 53
Direct eval of depth 2
[H2][H7]{H7}{G7}
Ply 55, lastPly 54
Direct eval of depth 2
[G7][H8]{H8}{A8}{B8}{H7}
Ply 56, lastPly 55
Direct eval of depth 2
[H8][H7]{H7}
Ply 58, lastPly 56
Direct eval of depth 2
[A8][B8]{B8}
Ply 8, lastPly 0
Direct eval of depth 2
[C3][B5]{B5}{E2}{D2}{B4}{B3}{B6}{F2}{B2}
Ply 8, lastPly 8
Direct eval of depth 2
[C3][B5]{B5}{E2}{D2}{B4}{B3}{B6}{F2}{B2}
Ply 9, lastPly 8
Direct eval of depth 2
[B3][G5]{G5}{E7}{A3}{G7}
Ply 10, lastPly 9
Direct eval of depth 2
[G5][G6]{G6}{G3}{G4}{B4}{F3}{C6}{E2}{B6}{C2}{D3}{F2}{H4}{B2}
Ply 11, lastPly 10
Direct eval of depth 2
[G6][D3]{D3}{F3}{D7}{B4}{C7}{F7}{A3}{E7}{A2}{G7}
Ply 12, lastPly 11
Direct eval of depth 2
[F3][G3]{G3}{C2}{D3}{E2}{C6}{B4}{B5}{G4}{B6}{H5}{H4}{F2}{B2}
Ply 13, lastPly 12
Direct eval of depth 2
[D3][B4]{B4}{C7}{D7}{D2}{F7}{C2}{E7}{A3}{A2}{G7}{B2}
Ply 14, lastPly 13
Direct eval of depth 2
[B4][E2]{E2}{C6}{F2}{G4}{H5}{A5}{H4}{G3}{A3}{B5}
Ply 15, lastPly 14
Direct eval of depth 2
[C6][B5]{B5}{B6}{C2}{D7}{F7}{C7}{D2}{E7}{A3}{A2}{H7}{B7}{B2}{G7}
Ply 16, lastPly 15
Direct eval of depth 2
[B5][E2]{E2}{A3}{A6}{H5}{H4}{F2}{G4}{B6}{A4}{G3}{A5}{G2}
Ply 17, lastPly 16
Direct eval of depth 2
[E2][F2]{F2}{F7}{E7}{C2}{D2}{C7}{D7}{D1}{F1}{A3}{A2}{B7}{G7}{B2}
Ply 18, lastPly 17
Direct eval of depth 2
[F2][G3]{G3}{A3}{A6}{H5}{G4}{H4}{B6}{F1}{A5}{A4}{G2}
Ply 19, lastPly 18
Direct eval of depth 2
[G3][G4]{G4}{F7}{C2}{F1}{D2}{E7}{C7}{H4}{D7}{A2}{G2}{G7}{B7}{B2}
Ply 20, lastPly 19
Direct eval of depth 2
[G4][H3]{H3}{H6}{A6}{A3}{H4}{F1}{E1}{B6}{H5}{A4}{A5}{G1}{G2}
Ply 21, lastPly 20
Direct eval of depth 2
[H3][E1]{E1}{D2}{F7}{C2}{F1}{H4}{E7}{C7}{D7}{H2}{A2}{H7}{G2}{B7}{G7}{B2}
Ply 22, lastPly 21
Direct eval of depth 2
[E1][H4]{H4}{F1}{A3}{D1}{A6}{H5}{B6}{A4}{A5}
Ply 23, lastPly 22
Direct eval of depth 2
[H4][D2]{D2}{C2}{H5}{H6}{E7}{C7}{F7}{D7}{A3}{H7}{A2}{H2}{G2}{B7}{G7}{B2}
Ply 24, lastPly 23
Direct eval of depth 2
[D2][C2]{C2}{C1}{A3}{F1}{A6}{A5}{D1}{B6}{A4}{B2}
Ply 25, lastPly 24
Direct eval of depth 2
[C2][A3]{A3}{C1}{H6}{H5}{E7}{F7}{D7}{C7}{A2}{H2}{G2}{B7}{G7}{B2}
Ply 26, lastPly 25
Direct eval of depth 2
[C1][A3]{A3}{D1}{F1}{A5}{A6}{A4}{B6}{B2}{B1}
Ply 27, lastPly 26
Direct eval of depth 2
[A3][B6]{B6}{A5}{A4}{H6}{E7}{H5}{D7}{C7}{F7}{H7}{A2}{H2}{G2}{B2}{G7}{B7}
Ply 28, lastPly 27
Direct eval of depth 2
[A5][A4]{A4}{A6}{B6}{D1}{F1}{B2}{G1}{B1}
Ply 29, lastPly 28
Direct eval of depth 2
[A4][B6]{B6}{A6}{A2}{H6}{D7}{E7}{H5}{F7}{C7}{H7}{G2}{H2}{G7}{B7}
Ply 30, lastPly 29
Direct eval of depth 2
[A2][D1]{D1}{F1}{G1}{B1}{B2}
Ply 31, lastPly 30
Direct eval of depth 2
[F1][A6]{A6}{H5}{H6}{B6}{G1}{F7}{E7}{C7}{D7}{H7}{H2}{G2}{G7}{B7}
Ply 32, lastPly 31
Direct eval of depth 2
[A6][B6]{B6}{D1}{B1}{B2}
Ply 33, lastPly 32
Direct eval of depth 2
[B6][A7]{A7}{H5}{G1}{D7}{E7}{F7}{C7}{H7}{H2}{G2}{B7}{H6}{G7}
Ply 34, lastPly 33
Direct eval of depth 2
[A7][D1]{D1}{B1}{B2}{B7}
Ply 35, lastPly 34
Direct eval of depth 2
[D1][H5]{H5}{G1}{E7}{C7}{F7}{D7}{G2}{H2}{H7}{G7}{H6}{B7}
Ply 36, lastPly 35
Direct eval of depth 2
[G1][B2]{B2}{G2}{B1}{B7}
Ply 37, lastPly 36
Direct eval of depth 2
[B2][H5]{H5}{E7}{C7}{F7}{G2}{D7}{H2}{B7}{H6}{B1}
Ply 38, lastPly 37
Direct eval of depth 2
[H5][H6]{H6}{B7}{G2}
Ply 39, lastPly 38
Direct eval of depth 2
[H6][A1]{A1}{E7}{C7}{G2}{F7}{D7}{B7}{H2}{G7}{H7}{B1}
Ply 40, lastPly 39
Direct eval of depth 2
[E7][C7]{C7}{F7}{D7}{D8}{F8}{E8}{B7}{G2}
Ply 41, lastPly 40
Direct eval of depth 2
[F7][A1]{A1}{C7}{F8}{D7}{G8}{G2}{G7}{B7}{H7}{H2}{B1}
Ply 42, lastPly 41
Direct eval of depth 2
[C7][F8]{F8}{E8}{D7}{D8}{C8}{B8}{B7}{G2}
Ply 43, lastPly 42
Direct eval of depth 2
[F8][D7]{D7}{A1}{E8}{G2}{G7}{G8}{H7}{H2}{B1}
Ply 44, lastPly 43
Direct eval of depth 2
[D7][E8]{E8}{C8}{B8}{G2}{B7}
Ply 45, lastPly 44
Direct eval of depth 2
[E8][C8]{C8}{A1}{D8}{G2}{B7}{G7}{H7}{G8}{H2}{B1}
Ply 46, lastPly 45
Direct eval of depth 2
[C8][G2]{G2}{B7}{B8}
Ply 47, lastPly 46
Direct eval of depth 2
[G2][H1]{H1}{A1}{B7}{G7}{G8}{H7}{B1}{H2}
Ply 48, lastPly 47
Direct eval of depth 2
[H1][H2]{H2}{D8}{B7}{B8}
Ply 49, lastPly 48
Direct eval of depth 2
[H2][H7]{H7}{A1}{G7}{B7}{G8}{B1}
Ply 50, lastPly 49
Direct eval of depth 2
[H7][D8]{D8}{G7}{B7}{B8}
Ply 51, lastPly 50
Direct eval of depth 2
[D8][A1]{A1}{B7}{G8}{G7}{B1}
Ply 52, lastPly 51
Direct eval of depth 2
[G8][B7]{B7}{B8}{G7}
Ply 53, lastPly 52
Direct eval of depth 2
[B7][B8]{B8}{B1}{A1}{A8}{G7}
Ply 54, lastPly 53
Direct eval of depth 2
[B8][G7]{G7}
