[darwersi-gtp] data path: /home/oliv/coach/engines/f22dc4f8618f27c5/../Lib:/home/oliv/coach/engines/f22dc4f8618f27c5/../Database:/home/oliv/coach/engines/f22dc4f8618f27c5/../DataSrc:.
Ply 5, lastPly 0
4|6|(6) |F4||F3||B5||G5||B3||G6|
(5) |E6||F3||C6||F6||C2||D2||E2||G4||D7||C5||E3|
(4) |B5||F6||B4||G6||B3|
(3) |C5||B4||E3||D2||D7||C6||F3||G4||B3||C2||C7||G3|
8|(8) |F4||F3||B5||G5||B3||G6|
(7) |C5||E3||E6||F3||C6||F6||C2||D2||E2||G4||D7|
(6) |B4||B5||B3||G6||F6|
(5) |B3||G3||C7||D2||B5||D7||A5||E3||F3||C6||C2|
(4) |B5||E6||C6||D2||F6||C2||G6||G5||A3||B2|
(3) |C6||E3||D2||C2||D7||F3||G3||B6||C7||A5|
10|(10) |F4||F3||B5||G5||B3||G6|
(9) |E6||F3||C6||F6||C2||D2||E2||G4||D7||C5||E3|
(8) |G6||F6||B4||B5||B3|
(7) |C6||G3||C7||D2||E2||G4||G5||D7||E3||F3|
(6) |C5||B4||B5||D7||E7||B3||C7||B7|
(5) |B6||E3||F3||F6||D2||E2||B4||G4||G3|
(4) |E7||F7||B4||D7||B5||C7||B3||B7||B2|
(3) |F3||F6||F7||G5||E3||D2||G3||E2||G4||F8|
12
(12) |F4||F3||B5||G5||B3||G6|
(11) |E6||F3||C6||F6||C2||D2||E2||G4||D7||C5||E3|
(10) |B3||F6||B4||B5||G6|
(9) |C2||G3||C7||D2||E2||G4||D7||A2||B2||C6||F3|
(8) |E3||F6||D2||B4||F7||D1|
(7) |D2||E2||G4||D7||F2||G3||C7||A4||A2||B2||F3||C6|
(6) |C5||F6||B4||E7||C1||F7||D1||E1|
(5) |B4||G4||B5||G5||D7||A3||G3||C7||A4||A2||B2||E2||F3||C6|
(4) |B5||C1||D1||A3||F7||F6||A4||G5||E7|
(3) |E2||B6||F2||A3||D7||C7||A6||G4||G3||A4||A5||C6||F3||G5||A2|
[F4][E6][B3][C6][E6][G5][E3][F7][C6][G5][B5][B3]{E6}{F3}{C6}{F6}{C2}{D2}{E2}{G4}{D7}{C5}{E3}
Ply 5, lastPly 5
4|6|(6) |F4||F3||B5||G5||B3||G6|
(5) |E6||F3||C6||F6||C2||D2||E2||G4||D7||C5||E3|
(4) |B5||F6||B4||G6||B3|
(3) |C5||B4||E3||D2||D7||C6||F3||G4||B3||C2||C7||G3|
8|(8) |F4||F3||B5||G5||B3||G6|
(7) |C5||E3||E6||F3||C6||F6||C2||D2||E2||G4||D7|
(6) |B4||B5||B3||G6||F6|
(5) |B3||G3||C7||D2||B5||D7||A5||E3||F3||C6||C2|
(4) |B5||E6||C6||D2||F6||C2||G6||G5||A3||B2|
(3) |C6||E3||D2||C2||D7||F3||G3||B6||C7||A5|
10|(10) |F4||F3||B5||G5||B3||G6|
(9) |E6||F3||C6||F6||C2||D2||E2||G4||D7||C5||E3|
(8) |G6||F6||B4||B5||B3|
(7) |C6||G3||C7||D2||E2||G4||G5||D7||E3||F3|
(6) |C5||B4||B5||D7||E7||B3||C7||B7|
(5) |B6||E3||F3||F6||D2||E2||B4||G4||G3|
(4) |E7||F7||B4||D7||B5||C7||B3||B7||B2|
(3) |F3||F6||F7||G5||E3||D2||G3||E2||G4||F8|
12
(12) |F4||F3||B5||G5||B3||G6|
(11) |E6||F3||C6||F6||C2||D2||E2||G4||D7||C5||E3|
(10) |B3||F6||B4||B5||G6|
(9) |C2||G3||C7||D2||E2||G4||D7||A2||B2||C6||F3|
(8) |E3||F6||D2||B4||F7||D1|
(7) |D2||E2||G4||D7||F2||G3||C7||A4||A2||B2||F3||C6|
(6) |C5||F6||B4||E7||C1||F7||D1||E1|
(5) |B4||G4||B5||G5||D7||A3||G3||C7||A4||A2||B2||E2||F3||C6|
(4) |B5||C1||D1||A3||F7||F6||A4||G5||E7|
(3) |E2||B6||F2||A3||D7||C7||A6||G4||G3||A4||A5||C6||F3||G5||A2|
[F4][E6][B3][C6][E6][G5][E3][F7][C6][G5][B5][B3]{E6}{F3}{C6}{F6}{C2}{D2}{E2}{G4}{D7}{C5}{E3}
Ply 6, lastPly 5
4|6|(6) |C5||E6||F3||C6||F6||C2||D2||E2||G4||D7||E3|
(5) |B4||B5||B3||G6||F6|
(4) |E3||B5||C6||D7||D2||F3||B3||C7||G3||C2||A5|
(3) |E6||E2||F6||F2||G5||C2||D2||B2|
8|(8) |C5||E6||F3||C6||F6||C2||D2||E2||G4||D7||E3|
(7) |B4||B5||B3||G6||F6|
(6) |E3||B5||C6||D7||D2||F3||B3||C7||G3||C2||A5|
(5) |E6||E2||F6||F2||G5||C2||D2||B2|
(4) |F3||G5||B5||C6||G4||G3||E7||D7||B6||C7||A4||A5|
(3) |F6||F2||G3||C2||E2||G5||D2||G4||B2||G2|
10|(10) |E6||F3||C6||F6||C2||D2||E2||G4||D7||E3||C5|
(9) |G6||B3||F6||B4||B5|
(8) |F3||C6||G3||C7||D2||E2||G4||G5||D7||E3|
(7) |C5||F6||B4||B5||D7||F2||B3|
(6) |E3||C6||F6||D2||E2||G4||D7||C2||B6||H7|
(5) |F6||D2||E2||B4||D7||E7||C2||F2||B3||F7||B2||G2|
(4) |G4||B6||G5||C6||E7||D7||F7||H7||G7|
(3) |G3||E2||D2||B3||H3||F2||C2||B2||G2|
12
(12) |F6||C2||D2||E2||G4||D7||E3||C5||E6||F3||C6|
(11) |G5||B3||G6||F7||B4||B5||F3|
(10) |E6||F3||C6||C2||G6||D2||E2||G4||D7||H4||E3|
(9) |F7||D7||E7||B3||G6||C5||B4||B5|
(8) |E3||C6||D2||E2||G4||D7||C2||G3||G6||C7||H5||G8||G7|
(7) |C5||D2||B4||D7||C2||B3||B2|
(6) |D7||H6||B6||G6||G8||G7||C6||G4|
(5) |E7||C2||F2||B3||C7||B2||C6||C8||D2||E2||B4|
(4) |B5||C6||B6||E8||G6||G4||H5||H6||G8||G7|
(3) |E2||B3||C2||C7||D8||B4||A5||C8||D2||B2|
[F6][G5][E6][D7][C5][E6][C5][B5][E2][C5][G4][F7]{G5}{B3}{G6}{F7}{B4}{B5}{F3}
Ply 7, lastPly 6
4|6|(6) |F3||B4||B5||G5||B3||G6||F7|
(5) |E6||C2||F2||G3||C7||D2||E2||G4||D7||E3||C5|
(4) |E7||C6||B5||B4||F7||B3||G6|
(3) |E3||G4||C6||D2||F7||D7||E2||C2||F2||D8||G2|
8|(8) |F3||B4||B5||G5||B3||G6||F7|
(7) |E6||C2||F2||G3||C7||D2||E2||G4||D7||E3||C5|
(6) |E7||C6||B5||B4||F7||B3||G6|
(5) |F7||D7||E2||C2||F2||D8||G2||C6||D2||E3||G4|
(4) |C5||G5||B5||B4||G6||C6||B3||F8||B2||G7|
(3) |B5||G4||B6||E3||D2||C6||E2||C2||D7||F2||E8||D8|
10|(10) |G5||B3||G6||F7||F3||B4||B5|
(9) |E6||F3||C6||C2||G6||D2||E2||G4||D7||H4||E3|
(8) |C5||B4||B5||D7||E7||B3||G6||F7|
(7) |D7||C2||B6||G6||H4||E3||F3||C6||D2||E2||G4|
(6) |E3||B4||B5||E7||C8||C2||B3||C7||F7||D8||B2||G7|
(5) |C6||D2||E2||B4||G4||B5||G3||H4||H5||F3|
(4) |F7||B6||B3||B4||E7||C7||B5||C8||D8||B7||G7||B2|
(3) |G6||D2||G3||G4||F2||H5||F3||E2||G8||G7|
12
(12) |G5||B3||G6||F7||F3||B4||B5|
(11) |C6||C2||G6||D2||E2||G4||D7||H4||E3||E6||F3|
(10) |C5||B4||B5||E7||B3||B6||F7||B2||G7||E3|
(9) |E3||E6||F3||D2||E2||G4||D7||C2||B6||G6||H4|
(8) |F3||D2||E2||B4||E7||C2||F2||B3||B6||C7||F7||B2||B7||G7|
(7) |D7||H6||F2||G3||B6||G6||H4||G2||E6||G4|
(6) |B4||E7||C2||F2||B3||C7||F7||B2||B7||G7||D2||E2|
(5) |E6||A3||H6||B5||H4||A5||H5||F2||B3||G3||B6||G6||G2|
(4) |F2||D2||F7||E7||C7||E2||C8||D8||B3||C2||B2||G7||B7|
(3) |B3||E2||G6||B5||G4||G3||A4||H4||H5||A5||A3||F1||G2|
[G5][C6][C5][E3][C5][D7][F7][H6][E7][D7][B6][B5]{C6}{C2}{G6}{D2}{E2}{G4}{D7}{H4}{E3}{E6}{F3}
Ply 8, lastPly 7
4|6|(6) |E6||F3||C6||C2||G6||D2||E2||G4||D7||H4||E3|
(5) |C5||B4||B5||D7||E7||B3||G6||F7|
(4) |G6||E3||G4||D2||C2||D7||F3||E2||B6||C6||H4|
(3) |E3||F3||B5||B4||E7||F7||C2||B3||H6||H7||B2||G7|
8|(8) |E6||F3||C6||C2||G6||D2||E2||G4||D7||H4||E3|
(7) |D7||E7||B3||G6||F7||C5||B4||B5|
(6) |E3||F3||C6||D2||E2||G4||E7||C2||G3||G6||C7||F7||H4||H5||D8|
(5) |E7||C2||B3||G6||F7||C5||D2||E2||B4|
(4) |F7||G4||G3||C7||G6||E8||D8||H6||H5||G7|
(3) |C5||E2||C2||B4||F8||D2||G7||B2|
10|(10) |E6||F3||C6||C2||G6||D2||E2||G4||D7||H4||E3|
(9) |F7||C5||B4||B5||D7||E7||B3||G6|
(8) |E3||C6||D2||E2||G4||D7||C2||G3||G6||C7||H5||G8||G7|
(7) |C5||D2||B4||D7||C2||B3||B2|
(6) |D7||H6||B6||G6||G8||G7||G4||C6|
(5) |E7||C2||F2||B3||C7||B2||C6||C8||D2||E2||B4|
(4) |B5||C6||B6||E8||G6||G4||H5||H6||G8||G7|
(3) |E2||B3||C2||C7||D8||B4||A5||C8||D2||B2|
12
(12) |E6||F3||C6||C2||G6||D2||E2||G4||D7||H4||E3|
(11) |D7||E7||B3||G6||C5||B4||B5||F7|
(10) |F7||H4||H5||D8||E3||F3||C6||D2||E2||G4||E7||C2||G3||G6||C7|
(9) |E7||F8||B3||G6||C5||B4||B5|
(8) |C6||D2||E2||G4||C8||C2||G3||G6||C7||H5||D8||E8||G7||E3||F3|
(7) |C7||B2||G7||E3||C5||F8||B4||B5||B3||B6|
(6) |D8||E8||C2||G6||B7||G7||E3||F3||C8||D2||E2||G4||H5|
(5) |E3||C5||C8||F8||B4||B5||B3||B6||B2||G7|
(4) |E8||G6||G3||C8||F8||G4||D2||F2||B6||H5||E2||H4||F3||B8||B7||G7|
(3) |C8||B4||B6||B5||C5||B3||F8||B2||B7||G7|
[E6][D7][F7][E7][F3][E7][C6][F3][G3][B6][C7][B5]{D7}{E7}{B3}{G6}{C5}{B4}{B5}{F7}
Ply 9, lastPly 8
4|6|(6) |C5||B4||B5||D7||E7||B3||G6||F7|
(5) |F3||C6||D2||E2||G4||D7||C2||B6||G6||H4||E3|
(4) |E3||F7||B5||B3||C2||G3||E7||G6||B2||G7||G2|
(3) |G4||B5||C2||E2||C6||H5||H4|
8|(8) |C5||B4||B5||D7||E7||B3||G6||F7|
(7) |D7||C2||B6||G6||H4||E3||F3||C6||D2||E2||G4|
(6) |E3||B4||B5||E7||C8||C2||B3||C7||F7||D8||B2||G7|
(5) |C6||D2||E2||B4||G4||B5||G3||H4||H5||F3|
(4) |F7||B6||B3||B4||E7||C7||B5||D8||C8||B7||G7||B2|
(3) |G6||D2||G3||G4||F2||H5||F3||E2||G8||G7|
10|(10) |C5||B4||B5||D7||E7||B3||G6||F7|
(9) |F3||C6||D2||E2||G4||E3||B6||G6||H4||D7||C2|
(8) |F7||B2||G2||G7||E3||B5||E7||C2||B3||G3||G6|
(7) |E7||H6||F8||C2||B6||C7||H4||H5||G8||E3||C6||D2||E2||B5||D7|
(6) |B5||D7||D8||C2||F2||B3||G3||G6||G2||E3||F8|
(5) |D7||H4||A5||H5||C2||B3||B6||C7||G8||G7||E3||C6||H6||F8||D2||B4|
(4) |G6||E3||B3||G4||C2||F8||F2||C7||D8|
(3) |G4||E3||D2||B3||B4||C6||B6||F8||H5||H4||H6||A5||G8||G7|
12
(12) |C5||B4||B5||D7||E7||B3||G6||F7|
(11) |F3||C6||D2||E2||G4||E3||B6||G6||H4||D7||C2|
(10) |C5||D2||B4||D7||C2||B3||B2|
(9) |C6||G4||D7||B6||G6||G8||G7|
(8) |C5||B4||B5||D7||E7||B3||B6||C7||H2||B2|
(7) |F3||C6||H6||F8||D2||E2||C2||G6||C7||G8||G7|
(6) |B4||D7||E7||H4||C2||F2||B3||H2||B2||G2||H3||D2||E2|
(5) |H6||F8||B5||D7||A4||A5||B3||B6||G6||C7||G8||G7||C6|
(4) |E7||C2||D2||D7||E2||H3||F2||H5||H4||H2||G2||B2|
(3) |G6||C7||B6||D7||B5||C6||E8||A5||F8||A4||D8||G7|
[C5][F3][C5][C6][C5][F3][B4][H6][E7][G6][E7][G6]{F3}{C6}{D2}{E2}{G4}{E3}{B6}{G6}{H4}{D7}{C2}
Ply 10, lastPly 9
4|6|(6) |E3||F3||C6||D2||E2||G4||D7||C2||B6||G6||H4|
(5) |F3||D2||E2||B4||D7||E7||C2||F2||B3||G6||F7||B2||G7|
(4) |G6||G4||B6||F2||G3||H4||C6||D7||H6|
(3) |E2||F2||B4||E7||D2||F7||C2||H6||B3||B2||G7|
8|(8) |F3||C6||D2||E2||G4||D7||C2||B6||G6||H4||E3|
(7) |F7||B2||G2||G7||E3||B5||E7||C2||B3||G3||G6|
(6) |E7||H6||F8||C2||B6||C7||H4||H5||G8||E3||C6||D2||E2||B5||D7|
(5) |B5||D7||D8||C2||F2||B3||G3||G6||G2||E3||F8|
(4) |E3||C2||D7||B3||D2||C7||B6||F8||B4||C6||H6||A5||H5||H4||G8||G7|
(3) |G6||G3||E2||G4||C2||D2||D7||F8||D8||F2||G2|
10|(10) |E3||F3||C6||D2||E2||G4||D7||C2||B6||G6||H4|
(9) |F3||D2||E2||B4||D7||E7||C2||F2||B3||G6||F7||B2||G7|
(8) |G3||B6||G6||H4||C6||G4||D7||H6||F2|
(7) |D7||E7||C2||F2||B3||G6||F7||H2||B2||G2||G7||E2||B4||D2|
(6) |E7||H4||D8||B6||G6||C7||F7||C6||H6||G4|
(5) |B3||G6||F7||H2||G2||F8||D2||B4||D8||C2||F2|
(4) |G4||B5||C8||B4||C6||H4||H6||D8||C7||A3||G6||B6||H5||A2|
(3) |G6||C2||E2||F2||D2||H4||F8||F7||D8||H3||H2||G2|
12
(12) |E3||F3||C6||D2||E2||G4||D7||C2||B6||G6||H4|
(11) |F3||D2||E2||B4||D7||E7||C2||F2||B3||G6||F7||B2||G7|
(10) |G3||B6||G6||H4||C6||G4||D7||H6||F2|
(9) |D2||E2||G4||E7||C2||F2||G3||G6||F7||B2||G2||G7|
(8) |C2||G3||G6||G1||F3||E2||G4||D1||E1||H4||H5|
(7) |F3||D2||E2||B4||B5||C2||B6||C7||A2||B2||B7|
(6) |C7||F7||A7||H7||B7||G7||G4||D7||E7||H5||H6|
(5) |F3||D2||E2||B4||A5||D8||C2||F2||B3||B8||B2||B7|
(4) |D7||A5||F7||E7||G4||G3||H5||H6||A7||H7||G7||G2||B7|
(3) |F2||B4||C2||E2||A5||D2||C8||D8||B3||B8||B7||B2|
[E3][F3][G3][D2][C2][F3][C7][F3][D7][F2][D7][F2]{F3}{D2}{E2}{B4}{D7}{E7}{C2}{F2}{B3}{G6}{F7}{B2}{G7}
Ply 11, lastPly 10
4|6|(6) |F3||D2||E2||B4||D7||E7||C2||F2||B3||G6||F7||B2||G7|
(5) |G6||H4||B6||G4||D7||H6||F2||G3||C6|
(4) |E2||E7||B4||F2||F7||C2||D2||B3||H6||G7||B2|
(3) |D7||G4||H5||B6||G3||H4||B5||F2||F1||E1||C6|
8|(8) |F3||D2||E2||B4||D7||E7||C2||F2||B3||G6||F7||B2||G7|
(7) |G6||H4||B6||G4||D7||H6||F2||G3||C6|
(6) |E7||B4||F2||F7||C2||D2||B3||H6||G7||B2||E2|
(5) |H5||E8||F2||G3||B6||F7||G2||G7||B5||D7||G4||H6||C6|
(4) |G4||C2||B4||F2||D2||E2||H4||B3||H6||B2|
(3) |H4||B5||B6||F7||D7||G3||E8||D8||E2||C6||G7||G2|
10|(10) |F3||D2||E2||B4||D7||E7||C2||F2||B3||G6||F7||B2||G7|
(9) |G3||C6||G4||D7||H6||F2||G6||H4||B6|
(8) |D7||E7||C2||F2||B3||G6||F7||H2||B2||G2||G7||E2||B4||D2|
(7) |E7||H4||D8||B6||G6||C7||F7||G4||C6||H6|
(6) |G6||F7||H2||G2||B3||F8||D2||B4||D8||C2||F2|
(5) |G4||B5||H4||H5||D8||B6||C7||F7||H7||G7||C6||H6||B4|
(4) |H3||E8||D8||F7||B3||E2||F8||D2||F2||C2||H2||B2||G2|
(3) |F7||H6||H4||C7||B4||B6||C6||H5||B5||D8||H7||G7|
12
(12) |F3||D2||E2||B4||D7||E7||C2||F2||B3||G6||F7||B2||G7|
(11) |G3||C6||G4||D7||H6||F2||G6||H4||B6|
(10) |E2||B4||D2||D7||E7||C2||F2||B3||G6||F7||H2||B2||G2||G7|
(9) |E2||G4||B5||E1||H4||H5||C2||B6||C6|
(8) |B3||G6||F7||G1||B2||G2||G7||B4||E7||C2||F1|
(7) |C6||H6||B5||D7||A4||H4||A5||H5||B3||B6||C7|
(6) |C2||B3||G3||G6||F7||G1||B2||G2||G7||B4||E7||E1|
(5) |B4||B5||D7||D1||H4||H5||B3||B6||G6||C7||B1||B2||C6||H6|
(4) |B3||F7||G3||G6||E7||A5||E1||A3||G1||G7||G2|
(3) |B5||B6||D1||A3||G6||E1||C7||D7||C6||H6||E7||H5||H4||A2||B1||B2|
[F3][G3][E2][E2][B3][C6][C2][B4][B3][B5][B3][B5]{G3}{C6}{G4}{D7}{H6}{F2}{G6}{H4}{B6}
Ply 12, lastPly 11
4|6|(6) |G6||H4||G4||D7||H6||F2||G3||B6||C6|
(5) |E7||C2||F2||B3||F7||B2||G7||E2||B4||D2||H6|
(4) |B6||G4||E8||F7||B5||H5||D7||H6||G3||C6||F2||G7||G2|
(3) |G4||E2||B5||B4||H6||D2||B3||B2||G7|
8|(8) |G3||B6||C6||G4||D7||H6||F2||G6||H4|
(7) |D7||E7||C2||F2||B3||G6||F7||H2||B2||G2||G7||E2||B4||D2|
(6) |E7||H4||D8||B6||G6||C7||F7||C6||H6||G4|
(5) |B3||G6||F7||H2||G2||F8||D2||B4||D8||C2||F2|
(4) |G4||B5||C8||B4||C6||H4||H6||D8||C7||A3||G6||B6||H5||A2|
(3) |G6||C2||E2||F2||D2||H4||F8||F7||D8||H3||H2||G2|
10|(10) |G3||B6||C6||G4||D7||H6||F2||G6||H4|
(9) |E2||B4||D2||D7||E7||C2||F2||B3||G6||F7||H2||B2||G2||G7|
(8) |G4||D7||D1||E1||H4||F2||B6||G6||C7||F1||C6|
(7) |D2||B5||E7||H5||C2||B3||G6||F7||H2||B2||G2||G7||H3|
(6) |C2||G6||C7||B5||D1||E1||H4||H5||C1||F1||H6||C6|
(5) |H4||H5||B3||G6||F7||H2||B2||G2||G7||C1||H3||B4||B5||E7|
(4) |H3||G6||C7||B5||D7||H5||E1||C6||F1||F2||D1|
(3) |H5||F2||B5||B4||B3||E7||G6||F7||H2||C1||B1||G2||B2||G7|
12
(12) |G3||B6||C6||G4||D7||H6||F2||G6||H4|
(11) |E2||B4||D2||D7||E7||C2||F2||B3||G6||F7||H2||B2||G2||G7|
(10) |G4||D7||D1||E1||H4||F2||B6||G6||C7||F1||C6|
(9) |B4||D7||E7||C2||F2||B3||G6||F7||H2||B2||G2||G7|
(8) |G4||E1||H4||H5||D8||E8||G6||G1||G2||H6||C8||F1|
(7) |E2||B5||E7||H4||H5||B3||B6||C7||F7||H2||B2||G2||B7||G7||H3||D2|
(6) |G6||G1||G2||D2||D1||E1||H4||H5||D8||E8||F1||H6||C8|
(5) |C7||F7||H2||H7||B2||B7||G7||E7||H4||H5||C2||B3||B6||H6||D2||B4||B5||H3|
(4) |E7||D2||D8||E8||D1||C8||E1||F1||B8||G1||G2|
(3) |D2||B6||H6||E8||B4||F7||H5||H4||B5||H3||B3||C2||H2||H7||B7||G7||B2|
[G3][E2][G4][B4][G4][E2][G6][C7][E7][D2][E7][D2]{E2}{B4}{D2}{D7}{E7}{C2}{F2}{B3}{G6}{F7}{H2}{B2}{G2}{G7}
Ply 13, lastPly 12
4|6|(6) |E2||B4||D7||E7||C2||F2||B3||G6||F7||H2||B2||G2||G7||D2|
(5) |G4||D7||D1||E1||H4||F2||B6||G6||C7||F1||C6|
(4) |D2||E7||B5||F7||G6||C2||B3||H5||H3||H2||B2||G7||G2|
(3) |C2||B5||C7||C1||F1||G6||D1||H6||H5||H4||C6||E1|
8|(8) |D7||E7||C2||F2||B3||G6||F7||H2||B2||G2||G7||D2||E2||B4|
(7) |E7||H4||D8||B6||G6||C7||F7||G4||H6||C6|
(6) |G6||F7||H2||G2||B3||F8||D2||B4||D8||C2||F2|
(5) |G4||B5||H4||H5||D8||B6||C7||F7||H7||G7||C6||H6||B4|
(4) |H3||E8||D8||F7||B3||E2||F8||D2||F2||C2||H2||B2||G2|
(3) |F7||H6||H4||C7||B4||B6||C6||H5||B5||D8||H7||G7|
10|(10) |E2||B4||D7||E7||C2||F2||B3||G6||F7||H2||B2||G2||G7||D2|
(9) |G4||D7||D1||E1||H4||F2||B6||G6||C7||F1||C6|
(8) |D2||B5||E7||H5||C2||B3||G6||F7||H2||B2||G2||G7||H3|
(7) |C2||G6||C7||C1||F1||H6||B5||D1||E1||H4||H5||C6|
(6) |H3||B4||B5||E7||H4||H5||B3||G6||F7||H2||B2||G2||G7||C1|
(5) |H4||H5||F2||G6||C7||H2||G2||D7||D1||E1||F1||H6||B5||C6||C1|
(4) |B5||D7||E7||F7||B4||B3||H5||C1||G6||H6||G7||B2|
(3) |B4||B3||C1||C7||C6||E1||D1||A5||H2||F2||G2|
12
(12) |E2||B4||D7||E7||C2||F2||B3||G6||F7||H2||B2||G2||G7||D2|
(11) |G4||D7||D1||E1||H4||F2||B6||G6||C7||F1||C6|
(10) |D2||B5||E7||H5||C2||B3||G6||F7||H2||B2||G2||G7||H3|
(9) |C6||G4||B5||H4||H5||C2||G6||C7|
(8) |B4||B5||E7||H5||C2||B3||F7||B2||G7||D2||H6|
(7) |B5||D7||E1||A5||F2||B3||H2||C6||F1||D2|
(6) |C6||A6||H6||D2||E7||H5||C2||B3||B6||F7||H7||B2||G7|
(5) |G4||D7||E7||E1||A4||A5||F2||B3||B6||C7||H2||F1||A3||D2|
(4) |B6||C2||D2||B3||E7||D7||F7||H6||A5||A4||A6||H5||G7|
(3) |D7||D2||F2||C7||A4||A5||F1||E1||H2||D1||A6||B7||G2|
[E2][G4][D2][C6][B4][B5][C6][G4][B6][D7][B6][D7]{G4}{D7}{D1}{E1}{H4}{F2}{B6}{G6}{C7}{F1}{C6}
Ply 14, lastPly 13
4|6|(6) |G4||D7||D1||E1||H4||F2||B6||G6||C7||F1||C6|
(5) |D2||B5||E7||H5||C2||B3||G6||F7||H2||B2||G2||G7||H3|
(4) |C2||B5||H5||C7||H4||G6||D1||F1||C1||H6||C6||E1|
(3) |B5||H4||F7||H5||G6||B4||B3||E7||H3||C1||H2||G7||B2||G2|
8|(8) |G4||D7||D1||E1||H4||F2||B6||G6||C7||F1||C6|
(7) |D2||B5||E7||H5||C2||B3||G6||F7||H2||B2||G2||G7||H3|
(6) |C2||B5||H5||C7||H4||G6||D1||F1||C1||H6||C6||E1|
(5) |H4||F7||H5||G6||B4||B3||E7||H3||C1||H2||G7||B2||G2||B5|
(4) |H3||G6||C7||B5||D7||H5||E1||C6||F1||F2||D1|
(3) |H5||F2||B5||B4||B3||E7||G6||F7||H2||C1||B1||G2||B2||G7|
10|(10) |G4||D7||D1||E1||H4||F2||B6||G6||C7||F1||C6|
(9) |D2||B5||E7||H5||C2||B3||G6||F7||H2||B2||G2||G7||H3|
(8) |G6||D1||F1||C1||H6||C6||E1||C2||B5||H5||C7||H4|
(7) |H3||H6||B4||B5||E7||H4||H5||C2||B3||F7||H2||H7||B2||G2||G7|
(6) |F2||C7||H2||G2||C6||C1||F1||B5||D1||E1||C2|
(5) |H4||H5||C2||B3||F7||G1||H7||B2||G2||G7||E1||E7||B4||B5||D7||H6|
(4) |H5||D1||C1||F1||B6||B5||C2||C6||E1||G2|
(3) |B5||D7||E1||F1||H7||E7||H6||C2||F7||B4||B3||G1||G7||G2||B2|
12
(12) |G4||D7||D1||E1||H4||F2||B6||G6||C7||F1||C6|
(11) |D2||B5||E7||H5||C2||B3||G6||F7||H2||B2||G2||G7||H3|
(10) |G6||D1||F1||C1||H6||C6||E1||C2||B5||H5||C7||H4|
(9) |C1||H3||B5||D1||H5||C2||F2||B3||H2||B2||G2|
(8) |B5||E1||H4||A5||F2||B3||G6||G2||H3||F1||A3|
(7) |B5||D7||E7||B6||G6||C7||F7||H2||G2||B7||G7|
(6) |B5||H4||C2||F2||G6||A2||B2||G2||H3||A3|
(5) |G6||C7||F7||H2||G2||B7||G7||D2||D7||E7||D1||E1||A5||C2||B6||H3|
(4) |C2||F2||H6||A4||H3||H4||A3||A2||H7||G2||B2||G7|
(3) |D2||F7||A5||H3||C7||D7||E7||E1||D1||H2||B6||B1||G2||B2||G7||B7|
[G4][D2][G6][C1][B5][B5][B5][G6][C2][D2][C2][D2]{D2}{B5}{E7}{H5}{C2}{B3}{G6}{F7}{H2}{B2}{G2}{G7}{H3}
Ply 15, lastPly 14
4|6|(6) |D2||B5||E7||H5||C2||B3||G6||F7||H2||B2||G2||G7||H3|
(5) |C2||G6||C7||B5||D1||E1||H4||H5||H6||C1||F1||C6|
(4) |F7||B5||H4||H5||E7||G6||B4||B3||H3||C1||H2||G7||B2||G2|
(3) |G6||C1||E7||F1||C7||B5||H6||F8||D7||H5||H4||F2||D1||E1||C6||G8|
8|(8) |D2||B5||E7||H5||C2||B3||G6||F7||H2||B2||G2||G7||H3|
(7) |C2||G6||C7||B5||D1||E1||H4||H5||H6||C1||F1||C6|
(6) |H3||C1||H2||G7||B2||G2||B5||H4||H5||E7||G6||B4||B3||F7|
(5) |H4||H5||F2||G6||C7||H2||G2||D7||D1||E1||F1||H6||B5||C1||C6|
(4) |B5||D7||E7||F7||B4||B3||H5||C1||G6||H6||G7||B2|
(3) |B4||B3||C1||C7||C6||E1||D1||A5||H2||F2||G2|
10|(10) |D2||B5||E7||H5||C2||B3||G6||F7||H2||B2||G2||G7||H3|
(9) |G6||C7||B5||D1||E1||H4||H5||H6||C1||F1||C6||C2|
(8) |C2||B3||F7||H2||H7||B2||G2||G7||H3||H6||B4||B5||E7||H4||H5|
(7) |D1||E1||B3||C7||B1||B2||C6||C1||B4||B5|
(6) |F1||H3||H6||E7||E1||H4||H5||F2||F7||H2||H7||G2||G7|
(5) |C7||B1||B2||C6||C1||B4||B5||D7||E1||B3|
(4) |D7||E7||H4||H6||F7||H3||H5||H7||G2||G7|
(3) |C6||C1||E1||B4||B5||E7||C8||B3||D8||B1||B2|
12
(12) |D2||B5||E7||H5||C2||B3||G6||F7||H2||B2||G2||G7||H3|
(11) |G6||C7||B5||D1||E1||H4||H5||H6||C1||F1||C6||C2|
(10) |C2||B3||F7||H2||H7||B2||G2||G7||H3||H6||B4||B5||E7||H4||H5|
(9) |B4||B5||D1||E1||B3||C7||B1||B2||C6||C1|
(8) |H3||H6||B4||B5||D7||E7||D1||H5||C2||F2||B3||F7||H2||H7||B2||G2||G7|
(7) |C6||C1||F1||B5||D1||E1||C2||G2|
(6) |H5||F2||B3||F7||H2||H7||G2||G7||A3||H6||B5||E7||A4||A5|
(5) |F2||B3||B6||C7||B1||B2||G2||F1||H6||D7||E7||D1||E1||C6||C1|
(4) |H2||B3||B5||D7||A3||E1||E7||F1||H6||A5||A4||F7||H7||G1||G7||G2|
(3) |B3||F1||B6||D7||C6||D1||E7||E1||C1||H6||B1||B2||G2|
[D2][G6][C2][B4][H3][C6][H5][F2][H2][B3][H2][B3]{G6}{C7}{B5}{D1}{E1}{H4}{H5}{H6}{C1}{F1}{C6}{C2}
Ply 16, lastPly 15
4|6|(6) |C2||G6||C7||B5||D1||E1||H4||H5||C1||F1||H6||C6|
(5) |H4||H5||B3||G6||F7||H2||B2||G2||G7||H3||B4||B5||E7||C1|
(4) |H3||G6||C7||B5||D7||H5||E1||C6||F1||F2||D1|
(3) |H5||F2||B5||B4||B3||E7||G6||F7||H2||C1||B1||G2||B2||G7|
8|(8) |G6||C7||B5||D1||E1||H4||H5||C1||F1||H6||C6||C2|
(7) |H3||H6||B4||B5||E7||H4||H5||C2||B3||F7||H2||H7||B2||G2||G7|
(6) |F2||C7||H2||G2||C6||C1||F1||B5||D1||E1||C2|
(5) |H4||H5||C2||B3||F7||G1||H7||B2||G2||G7||E1||E7||B4||B5||D7||H6|
(4) |H5||D1||C1||F1||B6||B5||C2||C6||E1||G2|
(3) |B5||D7||E1||F1||H7||E7||H6||C2||F7||B4||B3||G1||G7||G2||B2|
10|(10) |G6||C7||B5||D1||E1||H4||H5||C1||F1||H6||C6||C2|
(9) |B5||E7||H4||H5||C2||B3||F7||H2||H7||B2||G2||G7||B4||H3||H6|
(8) |B4||D1||E1||A5||C2||B3||C7||C1||C6|
(7) |C2||B3||F7||H2||H7||B2||G2||G7||A3||H3||H6||E7||A5||H5|
(6) |F2||B3||B6||C7||B1||B2||C6||C1||D7||E7||D1||E1||A5|
(5) |B3||F7||G1||H2||H7||G2||G7||A3||H3||H6||E7||A4||H4||A5||H5|
(4) |C7||C6||A3||C1||D7||D1||B6||E1||A4||A5||B1||A2||B2|
(3) |D7||F7||H6||H4||E7||H3||H5||H7||G1||G7||G2|
12
(12) |G6||C7||B5||D1||E1||H4||H5||C1||F1||H6||C6||C2|
(11) |B5||E7||H4||H5||C2||B3||F7||H2||H7||B2||G2||G7||B4||H3||H6|
(10) |B4||D1||E1||A5||C2||B3||C7||C1||C6|
(9) |H6||B4||B5||D7||H4||H5||B3||B6||C7||H2||H7||B2||G7||H3|
(8) |C2||F2||B6||C7||D1||E1||A4||A5||D8||E8||B5||D7||C6|
(7) |H3||B4||B5||D7||D1||H4||H5||C2||F2||B3||B6||C7||F7||H2||B2||G2||G7|
(6) |F1||A3||F8||B4||B5||D1||D8||E8||B6||F7||A2||B2|
(5) |F2||C7||F7||G1||H2||G7||H3||H6||H4||H5||D8|
(4) |D1||F7||E8||B5||B4||D8||F8||A3||A2||B2|
(3) |F7||C2||H5||H3||H6||C7||D8||H4||H2||G7|
[G6][B5][B4][H6][C2][H3][F1][F2][D1][A9][C6][F2]{B5}{E7}{H4}{H5}{C2}{B3}{F7}{H2}{H7}{B2}{G2}{G7}{B4}{H3}{H6}
Ply 17, lastPly 16
4|6|(6) |B5||E7||H4||H5||C2||B3||F7||H2||H7||B2||G2||G7||H3||H6||B4|
(5) |B4||D1||E1||A5||C2||B3||C7||C1||C6|
(4) |C2||B3||E7||H3||F7||A3||H5||A5||H6||H2||H7||B2||G7||G2|
(3) |B3||F2||C6||B6||C7||D7||E7||C1||A5||D1||E1||B1||B2|
8|(8) |C2||B3||F7||H2||H7||B2||G2||G7||H3||H6||B4||E7||H4||H5||B5|
(7) |D1||E1||B3||C7||B1||B2||B4||B5||C6||C1|
(6) |F1||H3||H6||E7||E1||H4||H5||F2||F7||H2||H7||G2||G7|
(5) |C7||B1||B2||C6||C1||B4||B5||D7||E1||B3|
(4) |D7||E7||H4||H6||F7||H3||H5||H7||G2||G7|
(3) |C6||C1||E1||B4||B5||E7||C8||B3||D8||B1||B2|
10|(10) |C2||B3||F7||H2||H7||B2||G2||G7||H3||H6||B4||E7||H4||H5||B5|
(9) |B4||B5||C6||C1||D1||E1||B3||C7||B1||B2|
(8) |B5||E7||A5||H5||B3||F7||H2||H7||G2||G7||A3||H3||H6|
(7) |F2||B3||B6||C7||B1||B2||C6||C1||D7||E7||D1||E1||A5|
(6) |B3||F7||G1||H2||H7||G2||G7||H3||H6||E7||A4||H4||A5||H5||A3|
(5) |C7||B1||A2||B2||A3||D7||D1||E1||A4||A5||B6||C6||C1|
(4) |E7||D7||F7||H6||H4||H3||H5||H7||G1||G2||G7|
(3) |C6||D7||B6||A4||A3||A5||C1||D8||D1||B1||B2|
12
(12) |C2||B3||F7||H2||H7||B2||G2||G7||H3||H6||B4||E7||H4||H5||B5|
(11) |B4||B5||C6||C1||D1||E1||B3||C7||B1||B2|
(10) |B5||E7||A5||H5||B3||F7||H2||H7||G2||G7||A3||H3||H6|
(9) |F2||B3||B6||C7||B1||B2||C6||C1||D7||E7||D1||E1||A5|
(8) |E7||A4||H4||A5||H5||F7||G1||H2||H7||G2||G7||H3||H6||B5||A3|
(7) |A3||F8||B5||D7||D1||E1||D8||E8||B6||C7||B1||B2||C1||C6|
(6) |A5||H5||G1||A2||H2||H7||B2||G2||G7||H3||H6||A4||H4|
(5) |A4||D8||E8||B6||C7||F7||B1||B2||C6||B5||D7||C1||F1||F8||D1||E1|
(4) |B5||H4||H3||A2||H5||H6||G1||H7||H2||G2||G7|
(3) |A6||F7||B6||C7||C1||E1||D7||C6||D8||E8||D1||F8||B1||B2|
[C2][B4][B5][F2][E7][A3][A5][A4][B5][A6][B5][A6]{B4}{B5}{C6}{C1}{D1}{E1}{B3}{C7}{B1}{B2}
Ply 18, lastPly 17
4|6|(6) |B4||B5||D1||E1||B3||C7||B1||B2||C6||C1|
(5) |B5||E7||A5||H5||B3||F7||H2||H7||G2||G7||A3||H3||H6|
(4) |F2||C7||B3||C6||C1||D7||B6||E7||E1||A5||D1||B1||B2|
(3) |F7||E7||H4||B3||H3||A5||A4||A3||H5||H6||H7||G1||H2||G7||G2|
8|(8) |B4||B5||D1||E1||B3||C7||B1||B2||C6||C1|
(7) |B5||E7||A5||H5||B3||F7||H2||H7||G2||G7||A3||H3||H6|
(6) |F2||C7||B3||C6||C1||D7||B6||E7||E1||A5||D1||B1||B2|
(5) |B3||H3||A5||A4||A3||H5||H6||H7||G1||H2||G7||G2||H4||F7||E7|
(4) |C7||C6||A3||C1||D7||D1||B6||E1||A4||A5||B1||A2||B2|
(3) |D7||F7||H6||H4||E7||H3||H5||H7||G1||G7||G2|
10|(10) |B4||B5||D1||E1||B3||C7||B1||B2||C6||C1|
(9) |B3||F7||H2||H7||G2||G7||A3||H3||H6||B5||E7||A5||H5|
(8) |F2||B6||C7||B1||A2||B2||C6||C1||A3||B5||D7||E7||D1||E1|
(7) |H3||H6||B5||E7||A4||H4||A5||H5||F7||G1||H2||H7||G2||G7||A3|
(6) |H4||B6||C7||B1||A2||H2||B2||G2||B5||D7||E7||D1||E1||C6||C1|
(5) |D7||E7||A4||A5||H5||F7||G1||H2||H7||G2||G7||F1||A3||H6||B5|
(4) |B5||C6||E1||A3||C1||H2||E7||B6||D1||C7||D8||B1||G2||B2|
(3) |C6||H5||F7||F1||A6||A3||A4||A5||B6||H6||H7||H2||G1||G2||G7|
12
(12) |B4||B5||D1||E1||B3||C7||B1||B2||C6||C1|
(11) |B3||F7||H2||H7||G2||G7||A3||H3||H6||B5||E7||A5||H5|
(10) |F2||B6||C7||B1||A2||B2||C6||C1||A3||B5||D7||E7||D1||E1|
(9) |H3||H6||B5||D7||E7||A5||H5||F2||B6||C7||F7||H2||G2||G7|
(8) |F1||D1||E1||B1||G1||B2||G2||C1|
(7) |H3||H6||B5||D7||E7||A4||H4||A5||H5||B6||C7||F7||H2||H7||G7|
(6) |E1||F2||G2||G7||F1||H3||H6|
(5) |B3||B6||C7||F7||B1||B2||G7||F1||H3||H5||F2||B5||D7||E7|
(4) |A4||A3||A2||H6||H3||G2||B2||G7|
(3) |H3||H5||F1||F2||A3||B5||F7||E7||A5||D7||C7||B6||G7||B1|
[B4][B3][F2][H3][F1][H3][E1][B3][A4][H3][A4][H3]{B3}{F7}{H2}{H7}{G2}{G7}{A3}{H3}{H6}{B5}{E7}{A5}{H5}
Ply 19, lastPly 18
4|6|(6) |B5||E7||A5||H5||B3||F7||H2||H7||G2||G7||A3||H3||H6|
(5) |F2||B3||B6||C7||B1||B2||D7||E7||D1||E1||A5||C6||C1|
(4) |B3||F7||E7||H5||A5||A3||A4||H3||H4||H6||H7||G1||H2||G7||G2|
(3) |B6||A4||E1||C7||C1||A3||D7||C6||D1||A5||B1||A2||B2|
8|(8) |B5||E7||A5||H5||B3||F7||H2||H7||G2||G7||A3||H3||H6|
(7) |F2||B3||B6||C7||B1||B2||D7||E7||D1||E1||A5||C6||C1|
(6) |B3||F7||E7||H5||A5||A3||A4||H3||H4||H6||H7||G1||H2||G7||G2|
(5) |C7||C1||A3||D7||C6||D1||A5||B1||A2||B2||E1||A4||B6|
(4) |E7||D7||F7||H6||H4||H3||H5||H7||G1||G2||G7|
(3) |C6||D7||B6||A4||A3||A5||C1||D8||D1||B1||B2|
10|(10) |B3||F7||H2||H7||G2||G7||A3||H3||H6||B5||E7||A5||H5|
(9) |F2||B6||C7||B1||A2||B2||B5||D7||E7||D1||E1||C6||C1||A3|
(8) |E7||A4||H4||A5||H5||F7||G1||H2||H7||G2||G7||H3||H6||B5||A3|
(7) |A3||F8||B5||D7||D1||E1||D8||E8||B6||C7||B1||B2||C1||C6|
(6) |A5||H5||G1||A2||H2||H7||B2||G2||G7||H3||H6||A4||H4|
(5) |A4||D8||E8||B6||C7||F7||B1||B2||C6||B5||D7||C1||F1||F8||D1||E1|
(4) |B5||H4||H3||A2||H5||H6||G1||H7||H2||G2||G7|
(3) |A6||F7||B6||C7||C1||E1||D7||C6||D8||E8||D1||F8||B1||B2|
12
(12) |B3||F7||H2||H7||G2||G7||A3||H3||H6||B5||E7||A5||H5|
(11) |F2||B6||C7||B1||A2||B2||B5||D7||E7||D1||E1||C6||C1||A3|
(10) |E7||A4||H4||A5||H5||F7||G1||H2||H7||G2||G7||H3||H6||B5||A3|
(9) |C6||C1||F1||B5||D7||D1||E1||A4||F2||B6||C7||B1||B2|
(8) |D7||E7||H4||H5||C7||F7||G1||H2||H7||G2||G7||H6||H3|
(7) |C6||B5||C1||D1||E1||A4||B1||A2|
(6) |D7||E7||H3||H6||H4||H5||F7||B1||A2||H7||G2|
(5) |A2||C8||D1||E1||A4||A5||D8||F2||B6||B1||C6||B5||E7|
(4) |A4||H4||B1||H5||B5||H3||H6||E7||H2||B8||H7||B7|
(3) |A5||B1||C6||B5||B6||D8||C8||E7||F1||E1||F2||D1|
[B3][F2][E7][C6][D7][C6][D7][A2][A4][A5][A4][A5]{F2}{B6}{C7}{B1}{A2}{B2}{B5}{D7}{E7}{D1}{E1}{C6}{C1}{A3}
Ply 20, lastPly 19
4|6|(6) |F2||B6||C7||B1||A2||B2||C6||C1||A3||B5||D7||E7||D1||E1|
(5) |B5||E7||A4||H4||A5||H5||F7||G1||H2||H7||G2||G7||A3||H3||H6|
(4) |C7||C6||A3||C1||D7||D1||B6||E1||A4||A5||B1||A2||B2|
(3) |D7||F7||H6||H4||E7||H3||H5||H7||G1||G7||G2|
8|(8) |F2||B6||C7||B1||A2||B2||C6||C1||A3||B5||D7||E7||D1||E1|
(7) |H3||H6||F7||G1||H2||H7||G2||G7||A3||E7||A4||H4||A5||H5||B5|
(6) |H4||B6||C7||B1||A2||H2||B2||G2||B5||D7||E7||D1||E1||C6||C1|
(5) |D7||E7||A4||A5||H5||F7||G1||H2||H7||G2||G7||F1||A3||H6||B5|
(4) |B5||C6||E1||A3||C1||H2||E7||B6||D1||C7||D8||B1||G2||B2|
(3) |C6||H5||F7||F1||A6||A3||A4||A5||B6||H6||H7||H2||G1||G2||G7|
10|(10) |F2||B6||C7||B1||A2||B2||C6||C1||A3||B5||D7||E7||D1||E1|
(9) |H3||H6||F7||G1||H2||H7||G2||G7||A3||E7||A4||H4||A5||H5||B5|
(8) |H4||B6||C7||B1||A2||H2||B2||G2||B5||D7||E7||D1||E1||C6||C1|
(7) |D7||E7||A4||A5||H5||F7||G1||H2||H7||G2||G7||F1||A3||H6||B5|
(6) |H2||E7||B6||D1||C7||D8||B1||G2||B2||A3||C1||C6||E1||B5|
(5) |F7||G1||H7||G2||G7||F1||A3||H6||A4||A5||H5||B5|
(4) |B5||C1||E1||B6||A3||D1||E7||C7||C6||E8||F8||D8||C8||B1||G2||G7||B2|
(3) |H7||C6||H5||A6||F1||A3||A4||H6||A5||B6||G1||G7||G2|
12
(12) |F2||B6||C7||B1||A2||B2||C6||C1||A3||B5||D7||E7||D1||E1|
(11) |H3||H6||F7||G1||H2||H7||G2||G7||A3||E7||A4||H4||A5||H5||B5|
(10) |A3||F8||B5||D7||E7||D1||E1||E8||B6||C7||B1||B2||C1||C6|
(9) |A3||H3||H6||B5||D7||A4||H4||A5||H5||C7||F7||G1||H2||H7||G2||G7|
(8) |B5||D7||A3||F8||D1||D8||E8||B6||C7||B1||B2||C6|
(7) |C6||B5||F1||A3||H3||H6||C8||D1||E1||A4||A5||D8||C7||F7||G1||H2||H7||G2||G7|
(6) |A6||F8||D1||E1||D8||E8||B6||C7||B1||B2||C6||B5||D7||F1|
(5) |D1||E1||H4||H5||G1||H2||H7||B2||G2||G7||H3||H6|
(4) |B5||E1||B6||D7||C7||D8||E8||C6||F8||B2||B1|
(3) |C6||B1||B6||H5||H3||H4||H6||B2||H2||H7||G1||G2||G7|
[F2][H3][A3][A3][B5][C6][A6][D1][B5][C6][B5][C6]{H3}{H6}{F7}{G1}{H2}{H7}{G2}{G7}{A3}{E7}{A4}{H4}{A5}{H5}{B5}
Ply 21, lastPly 20
4|6|(6) |B5||E7||A4||H4||A5||H5||F7||G1||H2||H7||G2||G7||H3||H6||A3|
(5) |C7||B1||A2||B2||A3||D7||D1||E1||A4||A5||B6||C6||C1|
(4) |E7||D7||F7||H6||H4||H3||H5||H7||G1||G2||G7|
(3) |C6||D7||B6||A4||A3||A5||C1||D8||D1||B1||B2|
8|(8) |E7||A4||H4||A5||H5||F7||G1||H2||H7||G2||G7||H3||H6||A3||B5|
(7) |A3||F8||B5||D7||D1||E1||D8||E8||B6||C7||B1||B2||C1||C6|
(6) |A5||H5||G1||A2||H2||H7||B2||G2||G7||H3||H6||A4||H4|
(5) |A4||D8||E8||B6||C7||F7||B1||B2||C6||B5||D7||C1||F1||F8||D1||E1|
(4) |B5||H4||H3||A2||H5||H6||G1||H7||H2||G2||G7|
(3) |A6||F7||B6||C7||C1||E1||D7||C6||D8||E8||D1||F8||B1||B2|
10|(10) |E7||A4||H4||A5||H5||F7||G1||H2||H7||G2||G7||H3||H6||A3||B5|
(9) |A3||F8||B5||D7||D1||E1||D8||E8||B6||C7||B1||B2||C1||C6|
(8) |H3||H6||A4||H4||A5||H5||G1||A2||H2||H7||B2||G2||G7|
(7) |F1||F8||D1||E1||H4||H5||D8||E8||B6||C7||F7||B1||B2||B5||D7||C1||C6|
(6) |E1||A4||H4||A5||H5||F7||G1||A2||H2||H7||B2||G2||G7||H6||D1|
(5) |H4||H5||D8||B6||C7||F7||B1||B2||B5||D7||C1||F8||D1||C6|
(4) |F7||G1||H6||A4||H7||A5||H5||B2||G2||G7||H2||A2|
(3) |H2||C7||B6||B5||E8||D8||D7||C1||D1||C6||B1||F8||G8||G7||B2|
12
(12) |E7||A4||H4||A5||H5||F7||G1||H2||H7||G2||G7||H3||H6||A3||B5|
(11) |A3||F8||B5||D7||D1||E1||D8||E8||B6||C7||B1||B2||C1||C6|
(10) |H3||H6||A4||H4||A5||H5||G1||A2||H2||H7||B2||G2||G7|
(9) |D1||E1||A4||A5||D8||E8||B6||C7||B1||B2||C6||B5||D7|
(8) |F1||H3||H6||E1||H4||H5||G1||H2||H7||G2||G7|
(7) |D7||A3||D1||E1||A4||A5||D8||E8||C7||B1||B2||B7|
(6) |E1||H4||H5||D8||C7||F7||G1||H2||H7||G2||G7||H3|
(5) |G1||A2||B2||C6||B6||F7||A3||F8||A4||A5||D8||E8||B1|
(4) |F7||H5||H4||H7||C7||H2||H6||D8||H3||G7||G2|
(3) |B1||B6||D8||A6||E8||C6||F8||A3||A5||A4||B2||G7|
[E7][A3][H3][D1][F1][D7][E1][G1][F7][B1][F7][B1]{A3}{F8}{B5}{D7}{D1}{E1}{D8}{E8}{B6}{C7}{B1}{B2}{C1}{C6}
Ply 22, lastPly 21
4|6|(6) |A3||F8||B5||D7||D1||E1||D8||E8||B6||C7||B1||B2||C1||C6|
(5) |H3||H6||A4||H4||A5||H5||G1||A2||H2||H7||B2||G2||G7|
(4) |H5||F1||C1||B5||H4||E1||B6||F7||C7||D8||D7||C6||E8||F8||D1||B1||B2|
(3) |F7||H4||A5||F1||A4||H6||H7||H2||A2||G1||B2||G7||G2|
8|(8) |A3||F8||B5||D7||D1||E1||D8||E8||B6||C7||B1||B2||C1||C6|
(7) |H3||H6||A4||H4||A5||H5||G1||A2||H2||H7||B2||G2||G7|
(6) |F1||C1||B5||H4||E1||B6||F7||C7||D8||D7||C6||E8||F8||D1||B1||B2||H5|
(5) |F7||G1||A2||H2||H7||B2||G2||G7||D1||E1||A4||H4||A5||H5||H6|
(4) |H4||H5||E1||C1||B5||B6||D1||C7||D7||D8||C6||E8||F8||G8||G7||B1||B2|
(3) |A5||E1||H5||A4||H6||H7||H2||A2||G1||B2||G2|
10|(10) |A3||F8||B5||D7||D1||E1||D8||E8||B6||C7||B1||B2||C1||C6|
(9) |H3||H6||A4||H4||A5||H5||G1||A2||H2||H7||B2||G2||G7|
(8) |F1||C1||B5||H4||E1||B6||F7||C7||D8||D7||C6||E8||F8||D1||B1||B2||H5|
(7) |F7||G1||A2||H2||H7||B2||G2||G7||D1||E1||A4||H4||A5||H5||H6|
(6) |H4||H5||E1||C1||B5||B6||D1||C7||D7||D8||C6||E8||F8||G8||G7||B1||B2|
(5) |E1||H5||A4||H6||H7||H2||A2||G1||B2||G2||A5|
(4) |H2||B5||D1||B6||C7||E8||D7||D8||C1||C6||B1||F8||G7||G8||B2|
(3) |H7||H6||A5||G1||A4||H5||B2||A2||G2|
12
(12) |A3||F8||B5||D7||D1||E1||D8||E8||B6||C7||B1||B2||C1||C6|
(11) |H3||H6||A4||H4||A5||H5||G1||A2||H2||H7||B2||G2||G7|
(10) |F1||C1||B5||H4||E1||B6||F7||C7||D8||D7||C6||E8||F8||D1||B1||B2||H5|
(9) |F7||G1||A2||H2||H7||B2||G2||G7||H3||H6||A4||H4||H5||D8||C7|
(8) |C6||B5||D7||F8||A4||D8||E8||B6||C7||F7||B1||B2|
(7) |D7||F1||H3||H6||A4||H4||H5||B6||C7||F7||G1||A2||H2||B2||G2||G7|
(6) |C6||D7||B6||C7||F7||C1||F8||D1||E8||B1||H7||B2||G7|
(5) |F1||H3||A2||H2||G2||B6||C7||D1||A4|
(4) |C7||D7||C1||D1||G1||F7||F8||E8||B1||G7||G2||B2||H7|
(3) |D7||D1||B6||A6||H4||A4||H3||C8||A2||B7||G2|
[A3][H3][F1][F7][C6][D7][C6][F1][C7][D7][C7][D7]{H3}{H6}{A4}{H4}{A5}{H5}{G1}{A2}{H2}{H7}{B2}{G2}{G7}
Ply 23, lastPly 22
4|6|(6) |A5||H5||G1||A2||H2||H7||B2||G2||G7||H3||H6||A4||H4|
(5) |A4||D8||E8||B6||C7||F7||B1||B2||E1||F1||F8||D1||C1||D7||B5||C6|
(4) |B5||H4||H3||A2||H5||H6||G1||H7||H2||G2||G7|
(3) |A6||F7||B6||C7||C1||E1||D7||C6||D8||E8||D1||F8||B1||B2|
8|(8) |H3||H6||A4||H4||A5||H5||G1||A2||H2||H7||B2||G2||G7|
(7) |F1||F8||D1||E1||H4||H5||D8||E8||B6||C7||F7||B1||B2||B5||D7||C1||C6|
(6) |E1||A4||H4||A5||H5||F7||G1||A2||H2||H7||B2||G2||G7||H6||D1|
(5) |H4||H5||D8||B6||C7||F7||B1||B2||B5||D7||C1||F8||D1||C6|
(4) |F7||G1||H6||A4||H7||A5||H5||B2||G2||G7||H2||A2|
(3) |H2||C7||B6||B5||E8||D8||D7||C1||D1||C6||B1||F8||G8||G7||B2|
10|(10) |H3||H6||A4||H4||A5||H5||G1||A2||H2||H7||B2||G2||G7|
(9) |B5||D7||C1||C6||F1||F8||D1||E1||H4||H5||D8||E8||B6||C7||F7||B1||B2|
(8) |H4||A5||A2||H2||H7||G2||G7||C6||A6||H6||A4|
(7) |H5||E8||C7||F7||B1||B2||G7||C6||D7||C1||F1||H6||F8||D1||E1|
(6) |F1||A6||H6||E1||A4||A5||A2||H2||H7||B2||G2||C6|
(5) |H2||G2||G7||C6||D7||C7||F7||C1||F8||D1||E1||D8||E8||B1||G1|
(4) |B6||H7||C6||A5||A6||A4||H6||B2||A2|
(3) |F7||C7||D7||C1||C6||E1||E8||D1||F8||D8||B1||G2||B7||G7|
12
(12) |H3||H6||A4||H4||A5||H5||G1||A2||H2||H7||B2||G2||G7|
(11) |F1||F8||D1||E1||H4||H5||D8||E8||B6||C7||F7||B1||B2||B5||D7||C1||C6|
(10) |E1||A4||H4||A5||H5||F7||G1||A2||H2||H7||B2||G2||G7||D1||H6|
(9) |B5||D7||C1||F8||D1||H4||H5||D8||B6||C7||F7||B1||B2||C6|
(8) |B5||H3||A4||H4||A5||H5||D8||B6||C7||H2||B2||G2||B7|
(7) |H4||D8||E8||B1||B2||G2||B7||B5||D7||B6||F7||C1||F8||E1|
(6) |H5||H6||C8||G1||A2||H2||H7||B8||G2||F7||A4||A5|
(5) |H6||F8||E1||D8||E8||B1||B2||G2||B7||B5||D7||B6||F7||C1|
(4) |E1||F7||A5||H7||A4||C8||B8||G2||G7||H2||A2||G1|
(3) |B5||D7||F7||C1||H2||D8||B6||B1||E8||F8||G1||G2||B7|
[H3][F1][E1][B5][B5][H4][H5][H6][E1][B5][E1][B5]{F1}{F8}{D1}{E1}{H4}{H5}{D8}{E8}{B6}{C7}{F7}{B1}{B2}{B5}{D7}{C1}{C6}
Ply 24, lastPly 23
4|6|(6) |F1||F8||D1||E1||H4||H5||D8||E8||B6||C7||F7||B1||B2||B5||D7||C1||C6|
(5) |F7||G1||A2||H2||H7||B2||G2||G7||D1||E1||A4||H4||A5||H5||H6|
(4) |H4||H5||E1||C1||B5||B6||D1||C7||D7||D8||C6||E8||F8||G8||G7||B1||B2|
(3) |A5||E1||H5||A4||H6||H7||H2||A2||G1||B2||G2|
8|(8) |F1||F8||D1||E1||H4||H5||D8||E8||B6||C7||F7||B1||B2||B5||D7||C1||C6|
(7) |F7||G1||A2||H2||H7||B2||G2||G7||D1||E1||A4||H4||A5||H5||H6|
(6) |H4||H5||E1||C1||B5||B6||D1||C7||D7||D8||C6||E8||F8||G8||G7||B1||B2|
(5) |E1||H5||A4||H6||H7||H2||A2||G1||B2||G2||A5|
(4) |H2||B5||D1||B6||C7||E8||D7||D8||C1||C6||B1||F8||G7||G8||B2|
(3) |H7||H6||A5||G1||A4||H5||B2||A2||G2|
10|(10) |F1||F8||D1||E1||H4||H5||D8||E8||B6||C7||F7||B1||B2||B5||D7||C1||C6|
(9) |E1||A4||H4||A5||H5||H6||F7||G1||A2||H2||H7||B2||G2||G7||D1|
(8) |H4||H5||D8||B6||C7||F7||B1||B2||D1||B5||D7||C1||F8||C6|
(7) |F7||G1||A2||H2||H7||B2||G2||G7||H6||A4||A5||H5|
(6) |D1||D8||E8||B1||H2||G8||B2||G7||B6||C7||C1||F8||C6||B5||D7|
(5) |A4||H5||C1||H6||B1||G1||A2||H2||H7||B2||G2|
(4) |A5||H2||B5||B6||C7||D7||D8||C6||E8||F8||G7||G8|
(3) |H6||H5||C1||B1||H7||H2||A2||G2||G1||B2|
12
(12) |F1||F8||D1||E1||H4||H5||D8||E8||B6||C7||F7||B1||B2||B5||D7||C1||C6|
(11) |E1||A4||H4||A5||H5||H6||F7||G1||A2||H2||H7||B2||G2||G7||D1|
(10) |B6||C7||F7||B1||B2||D1||B5||D7||C1||F8||C6||H4||H5||D8|
(9) |B5||D1||E1||A4||A5||B6||C7||G1||A2||H2||B2||G2|
(8) |E1||H4||H5||D8||E8||B1||G8||B2||C1||F8||D1|
(7) |B5||D7||B6||C7||A4||A5||H5||H6||G1||A2||H2||H7||B2||G2||B7||G7|
(6) |D8||E8||G8||H4||H5||D1||F8|
(5) |E8||B1||A2||H2||H7||B2||G2||B7||G7||B5||D7||B6||C7||A4||H4||A5||H5|
(4) |H5||G8||H4||F8||D1|
(3) |C8||H6||C7||B5||H4||A4||A5||H7||H2||B6||B1||G2||G7||B2||A2||B7|
[F1][E1][B6][B5][E1][B5][D8][E8][H5][C8][H5][C8]{E1}{A4}{H4}{A5}{H5}{H6}{F7}{G1}{A2}{H2}{H7}{B2}{G2}{G7}{D1}
Ply 25, lastPly 24
4|6|(6) |E1||A4||H4||A5||H5||F7||G1||A2||H2||H7||B2||G2||G7||D1||H6|
(5) |H4||H5||D8||B6||C7||F7||B1||B2||B5||D7||C1||F8||D1||C6|
(4) |F7||G1||H6||A4||H7||A5||H5||B2||G2||G7||H2||A2|
(3) |H2||C7||B6||B5||E8||D8||D7||C1||D1||C6||B1||F8||G8||G7||B2|
8|(8) |E1||A4||H4||A5||H5||F7||G1||A2||H2||H7||B2||G2||G7||D1||H6|
(7) |B5||D7||C1||F8||D1||C6||H4||H5||D8||B6||C7||F7||B1||B2|
(6) |B6||G1||A2||H2||H7||G2||G7||C6||A6||H6||A4||H4||A5|
(5) |C6||D7||C7||F7||C1||F8||D1||H4||H5||D8||E8||B1||A7||B2||B7|
(4) |D7||C7||G1||A4||A6||A5||H4||H6||H7||B2||B7||G2||G7|
(3) |F7||C7||H5||H4||F8||C1||A6||D1||D8||E8||B1||A7||B7||B2|
10|(10) |E1||A4||H4||A5||H5||F7||G1||A2||H2||H7||B2||G2||G7||D1||H6|
(9) |B5||D7||C1||F8||D1||C6||H4||H5||D8||B6||C7||F7||B1||B2|
(8) |B6||G1||A2||H2||H7||G2||G7||C6||A6||H6||A4||H4||A5|
(7) |C7||F7||C1||F8||D1||H4||H5||D8||E8||B1||A7||B2||B7||C6||D7|
(6) |C6||D7||A4||H4||A5||H5||D8||A6||H6||G1||A2||H7||B2||G2||G7|
(5) |D7||F7||C1||A6||F8||D1||H4||A5||H5||D8||E8||B1||A7||B2||B7|
(4) |A4||D8||G1||A6||H4||A5||H5||H6||C8||H7||B2||G2||B7||G7|
(3) |H5||H4||A6||D1||F7||A5||C1||F8||D8||E8||B1||A7||A2||B2||B7|
12
(12) |E1||A4||H4||A5||H5||F7||G1||A2||H2||H7||B2||G2||G7||D1||H6|
(11) |B5||D7||C1||F8||D1||C6||H4||H5||D8||B6||C7||F7||B1||B2|
(10) |G1||A2||H2||H7||B2||G2||G7||F7||H5||A5||A4||H6|
(9) |C6||B5||D7||B6||C7||F7||C1||D1||H4||H5||B1||B2|
(8) |G1||A2||H2||A7||H7||G2||G7||H6||A5||A6||A4||H4|
(7) |F7||C1||F8||D1||H4||H5||D8||E8||B1||B7||D7||C7|
(6) |D7||A4||H4||A5||A6||H6||F8||H2||A7||H7||G2||G7|
(5) |H4||H5||D8||E8||C1||F8||B1||B7||C7||D1|
(4) |F8||H5||A6||A5||A4||H6||H7||A7||G8||G2||G7||A2||H2|
(3) |B1||H2||C7||C1||C8||D1||D8||E8||G7||G8||B7|
[E1][B5][G1][C6][G1][F7][D7][H4][F8][B1][F8][B1]{B5}{D7}{C1}{F8}{D1}{C6}{H4}{H5}{D8}{B6}{C7}{F7}{B1}{B2}
Ply 26, lastPly 25
4|6|(6) |H4||H5||D8||B6||C7||F7||B1||B2||D1||B5||D7||C1||F8||C6|
(5) |F7||G1||A2||H2||H7||B2||G2||G7||A5||H5||A4||H6|
(4) |H2||B5||D1||B6||C7||E8||D7||D8||C6||C1||B1||F8||G7||G8||B2|
(3) |H7||H6||A5||G1||A4||H5||B2||A2||G2|
8|(8) |H4||H5||D8||B6||C7||F7||B1||B2||D1||B5||D7||C1||F8||C6|
(7) |F7||G1||A2||H2||H7||B2||G2||G7||A5||H5||A4||H6|
(6) |D1||B6||C7||E8||D7||D8||C6||C1||B1||F8||G7||G8||B2||B5||H2|
(5) |A4||H5||C1||H6||B1||G1||A2||H2||H7||B2||G2|
(4) |A5||H2||B5||B6||C7||D7||D8||C6||E8||F8||G7||G8|
(3) |H6||H5||C1||B1||H7||H2||A2||G2||G1||B2|
10|(10) |B6||C7||F7||B1||B2||D1||B5||D7||C1||F8||C6||H4||H5||D8|
(9) |B5||H6||A4||H4||A5||H5||F7||G1||A2||H2||A7||H7||B2||G2||G7||C6|
(8) |H4||A5||H5||D8||B1||B2||C6||D7||C7||F7||C1||A6||F8||D1|
(7) |H5||H6||G1||A2||H2||A7||H7||B2||G2||B7||G7||A4||A5||F7|
(6) |H6||F8||D1||D8||B1||B2||C6||D7||C7||F7||C1||A6|
(5) |H7||B2||G2||B7||G7||F7||A4||A5||G1||A2||H2||A7|
(4) |C7||D7||D8||F7||D1||C1||A6||F8||C6||A5||B1||B2||G7|
(3) |C6||D7||A5||F7||G1||A4||A7||B2||A2||G2||B7|
12
(12) |B6||C7||F7||B1||B2||D1||B5||D7||C1||F8||C6||H4||H5||D8|
(11) |B5||H6||A4||H4||A5||H5||F7||G1||A2||H2||A7||H7||B2||G2||G7||C6|
(10) |A6||F8||D1||H4||A5||H5||D8||B1||B2||C6||D7||C7||F7||C1|
(9) |C6||B5||F7||A4||H4||A5||G1||A2||H2||A7||G8||G2|
(8) |B5||C1||F8||D1||H4||H5||D8||E8||B1||B2||G2|
(7) |F7||A4||H4||A5||H5||A6||H6||C8||G1||A2||A7||H7||B8||B2||G2||B7||G7|
(6) |C1||F8||B1||B2||G2||F7||D1||H4||H5||D8||E8|
(5) |F7||A4||A5||D8||A6||C8||B1||G1||A7||H7||B2||G2||B7||G7||C7|
(4) |D1||F8||E8||H4||G8||H5||G7||G2|
(3) |H7||A4||H5||A5||C8||C7||A6||B2||G2||G1||A7||G7||A2||B1||B7|
[B6][B5][A6][C6][B5][F7][C1][F7][D1][H7][D1][H7]{B5}{H6}{A4}{H4}{A5}{H5}{F7}{G1}{A2}{H2}{A7}{H7}{B2}{G2}{G7}{C6}
Ply 27, lastPly 26
4|6|(6) |B5||H6||A4||H4||A5||H5||F7||G1||A2||H2||A7||H7||B2||G2||G7||C6|
(5) |H5||D8||B1||B2||H4||A5||A6||F8||D1||C7||F7||C1||C6||D7|
(4) |F7||H4||A5||G1||A4||H6||H2||H7||A7||B2||G2||B7||G7||A2|
(3) |C7||A6||A5||C1||D7||E8||D8||C6||D1||F8||B1||G8||G7||B2|
8|(8) |B5||H6||A4||H4||A5||H5||F7||G1||A2||H2||A7||H7||B2||G2||G7||C6|
(7) |H4||A5||A6||F8||D1||C7||F7||C1||C6||D7||H5||D8||B1||B2|
(6) |F7||A4||A5||H5||H6||G1||A2||H2||A7||H7||B2||G2||B7||G7|
(5) |A6||F8||D1||A5||D8||E8||B1||H2||G8||B2||G7||C6||D7||C7||C1|
(4) |G1||H5||H6||A5||B2||A4||H7||G2||H2||A2||A7|
(3) |C7||B1||H2||C1||D7||D1||E8||C6||D8||F8||G8||G7|
10|(10) |H5||F7||G1||A2||H2||A7||H7||B2||G2||G7||C6||B5||H6||A4||H4||A5|
(9) |B5||D7||C7||F7||C1||H6||F8||D1||H4||D8||B1||B2||C6|
(8) |H4||A5||A6||H6||G1||A2||H2||A7||H7||B2||G2||G7||C6||F7||A4|
(7) |D1||D8||B1||G1||H2||G2||H6||F8||C6||D7||C7||F7||C1|
(6) |A4||A5||C1||H6||B1||A2||A7||H7||B2||G2||G7||F7|
(5) |H6||F8||G1||H2||G2||C6||D7||C7||F7||A5||D8||E8|
(4) |A5||C1||A6||H7||A2||C6||F7||A7||G2||B1||G7||B2||B7|
(3) |A6||F7||D7||G1||D8||H2||C6||C7||E8||F8||G2|
12
(12) |H5||F7||G1||A2||H2||A7||H7||B2||G2||G7||C6||B5||H6||A4||H4||A5|
(11) |B5||D7||C7||C1||F8||D1||H4||H5||D8||E8||B1||G8||B2||G7||C6|
(10) |C6||F7||A4||H4||A5||H5||A6||H6||A2||H2||A7||H7||B2||G2||G7|
(9) |H5||D8||E8||B1||H4||A5||A4||C1||A6||F8||D1|
(8) |B5||D7||C7||F7||A4||H4||A5||H5||A6||H6||G1||H2||A7||B2||G2||G7|
(7) |D7||D1||A5||D8||E8||C1||A6||C8||F8||B1||B8||B7|
(6) |D8||E8||A6||H6||C8||A2||H2||A7||H7||B2||G2||B7||G7||F7||A4||H4||A5|
(5) |F8||B1||B8||B7||D1||A5||E8||C1||C8|
(4) |A6||E8||A4||F7||H6||H2||H7||H4||A7||A5||G2||B2||G7||A2||B7|
(3) |A5||C8||C1||B1||D1||B8||A7||B7|
[H5][B5][C6][H5][B5][D7][D8][F8][A6][A5][A6][A5]{B5}{D7}{C7}{C1}{F8}{D1}{H4}{H5}{D8}{E8}{B1}{G8}{B2}{G7}{C6}
Ply 28, lastPly 27
4|6|(6) |B5||D7||C7||F7||C1||H6||F8||D1||H4||D8||B1||B2||C6|
(5) |H4||A5||A6||H6||G1||A2||H2||A7||H7||B2||G2||G7||C6||F7||A4|
(4) |H6||D1||C6||D7||C7||F8||D8||F7||C1||B1||G2||G1||H2|
(3) |C6||F7||G1||A6||A4||H7||A5||G2||B2||A7||G7||A2|
8|(8) |B5||D7||C7||F7||C1||H6||F8||D1||H4||D8||B1||B2||C6|
(7) |H4||A5||A6||H6||G1||A2||H2||A7||H7||B2||G2||G7||C6||F7||A4|
(6) |H6||D1||C6||D7||C7||F8||D8||F7||C1||B1||G2||G1||H2|
(5) |C6||F7||G1||A6||A4||H7||A5||G2||B2||A7||G7||A2|
(4) |H2||D8||D1||D7||F7||C7||C1||F8||B1||G1||G2||B7||B2|
(3) |F7||A5||G1||A4||A6||A7||G7||A2||G2||H7|
10|(10) |B5||D7||C7||F7||C1||H6||F8||D1||H4||D8||B1||B2||C6|
(9) |H4||A5||A6||H6||G1||A2||H2||A7||H7||B2||G2||G7||C6||F7||A4|
(8) |C7||F8||D8||F7||C1||B1||G2||G1||H2||D1||C6||D7||H6|
(7) |A6||H6||G1||A2||A7||H7||B8||G2||G7||C6||D7||F7||A4||A5|
(6) |A5||D8||E8||C1||H6||F8||B1||G1||H2||G2||C6||F7||D1|
(5) |C6||D7||F7||A4||H6||G1||A2||A7||H7||B8||G2||G7|
(4) |D7||H6||C1||D8||D1||F7||F8||E8||B1||A7||B7||G2||G1||H2|
(3) |H6||G1||F7||A4||D8||C8||B8||B2||H7||G2||A2||B7||G7|
12
(12) |B5||D7||C7||F7||C1||H6||F8||D1||H4||D8||B1||B2||C6|
(11) |C6||F7||A4||H4||A5||A6||H6||G1||A2||H2||A7||H7||B2||G2||G7|
(10) |C6||B5||C7||F7||H6||F8||H4||D8||E8|
(9) |D1||A4||H4||A5||A6||B1||G1||A2||H2||B2||G2||B5||C7|
(8) |H2||B2||B7||B5||D7||C7||F7||D1||A4||D8||C1||F8||B1|
(7) |F7||A4||A5||A6||A2||A7||H7||B2||G2||G7|
(6) |H2||B2||G2||B7||B5||D7||C7||F7||D8||E8||F8||B1|
(5) |F7||A4||A5||A6||A2||A7||H7||G2||G7|
(4) |B5||D7||C7||B2||D8||E8||F8||G7||G8||B7||G2||B1|
(3) |A5||A4||A6||A7||A2||H7||G2|
[B5][C6][C6][D1][H2][F7][H2][F7][B5][A5][B5][A5]{C6}{F7}{A4}{H4}{A5}{A6}{H6}{G1}{A2}{H2}{A7}{H7}{B2}{G2}{G7}
Ply 29, lastPly 28
4|6|(6) |H4||A5||A6||H6||G1||A2||H2||A7||H7||B2||G2||G7||C6||F7||A4|
(5) |H6||F8||D1||D8||B1||G1||H2||G2||C7||F7||C1||C6||D7|
(4) |C6||H7||G1||F7||A6||A4||A5||G2||B2||A7||G7||A2|
(3) |F7||C1||C7||H2||D1||D8||D7||F8||B1||G1||G2||B2||B7|
8|(8) |H4||A5||A6||H6||G1||A2||H2||A7||H7||B2||G2||G7||C6||F7||A4|
(7) |D1||D8||B1||G1||H2||G2||C7||F7||C1||C6||D7||H6||F8|
(6) |A4||A5||C1||H6||B1||A2||A7||H7||B2||G2||G7||F7|
(5) |H6||F8||G1||H2||G2||C6||D7||C7||F7||A5||D8||E8|
(4) |A5||C1||A6||H7||A2||C6||F7||A7||G2||B1||G7||B2||B7|
(3) |A6||F7||D7||G1||D8||H2||C6||C7||E8||F8||G2|
10|(10) |H4||A5||A6||H6||G1||A2||H2||A7||H7||B2||G2||G7||C6||F7||A4|
(9) |C6||D7||H6||F8||C7||F7||C1||D1||D8||B1||G1||H2||G2|
(8) |F7||A4||A5||A6||G1||A7||H7||B2||G7||C7||D7|
(7) |E8||C1||H6||F8||B1||G1||H2||H7||G8||G7||D1|
(6) |D8||A6||G1||A2||A7||B2||C7||A4||A5||D7|
(5) |C8||F8||B1||G1||H2||H7||G8||G7||D1||C1||H6|
(4) |G1||D7||A4||C7||A5||B2||A7||A6||A2|
(3) |B1||C1||F8||H6||D1||H7||G8||H2||G7|
12
(12) |H4||A5||A6||H6||G1||A2||H2||A7||H7||B2||G2||G7||C6||F7||A4|
(11) |C6||D7||H6||F8||C7||F7||C1||D1||D8||B1||G1||H2||G2|
(10) |F7||A4||H4||A5||A6||G1||A2||H2||A7||H7||G2||G7|
(9) |D7||C7||F7||H4||E8||F8||H7||B2||B7||G7|
(8) |H6||G1||A2||H2||A7||H7||B2||G2||G7||F7||A4||A5||A6|
(7) |C7||D1||D8||E8||C1||H6||C8||F8||B1||H2||H7||B2||B7||G7|
(6) |H7||G2||G7||A4||A5||A6||C8||G1||A2||H2||A7|
(5) |C7||D1||C1||F8||B1||G8||B2||B7||G7||D7|
(4) |D7||G1||C8||A5||A6||A4||G7||A7||G2||A2|
(3) |C8||F8||D1||C1||G8||B1||B7||B2||G7|
[H4][C6][F7][D7][H6][C7][H7][C7][D7][C8][D7][C8]{C6}{D7}{H6}{F8}{C7}{F7}{C1}{D1}{D8}{B1}{G1}{H2}{G2}
Ply 30, lastPly 29
4|6|(6) |H6||F8||D1||D8||B1||G1||H2||G2||C6||D7||C7||F7||C1|
(5) |C6||F7||A4||A5||A6||G1||A2||A7||H7||B2||G2||G7|
(4) |H2||D1||D8||D7||F7||C7||C1||F8||B1||G1||G2||B7||B2|
(3) |F7||A5||G1||A4||A6||A7||G7||A2||G2||H7|
8|(8) |C7||F7||C1||D1||D8||B1||G1||H2||G2||C6||D7||H6||F8|
(7) |A6||H6||G1||A2||A7||H7||B8||G2||G7||C6||D7||F7||A4||A5|
(6) |A5||D8||E8||C1||H6||F8||B1||G1||H2||G2||C6||F7||D1|
(5) |C6||D7||F7||A4||H6||G1||A2||A7||H7||B8||G2||G7|
(4) |D7||H6||C1||D8||D1||F7||F8||E8||B1||A7||B7||G2||G1||H2|
(3) |H6||G1||F7||A4||D8||C8||B8||B2||H7||G2||A2||B7||G7|
10|(10) |C6||D7||H6||F8||D1||D8||B1||G1||H2||G2||C7||F7||C1|
(9) |F7||A4||A5||A6||G1||A7||H7||B2||G7||C7||D7|
(8) |E8||C1||H6||F8||B1||G1||H2||H7||G8||G7||D1|
(7) |D8||A6||G1||A2||A7||B2||C7||A4||A5||D7|
(6) |C8||F8||B1||G1||H2||H7||G8||G7||D1||C1||H6|
(5) |G1||A2||A7||B2||D7||C7||A4||A5||A6|
(4) |B1||F8||H6||C1||D1||H7||G8||G7||H2|
(3) |A4||D7||C7||A5||B2||A6||A7||A2|
12
(12) |C6||D7||H6||F8||D1||D8||B1||G1||H2||G2||C7||F7||C1|
(11) |F7||A4||A5||A6||G1||A7||H7||B2||G7||C7||D7|
(10) |E8||C1||H6||F8||B1||G1||H2||H7||G8||G7||D1|
(9) |C7||A4||A5||D7||D8||A6||G1||A2||A7||B2|
(8) |D7||D1||D8||C1||H6||F8||B1||G1||H2||H7||B8||G8||B2||B7||G7|
(7) |C8||F8||G1||A2||A7||A4||A5||D8||A6|
(6) |D8||C1||H6||F8||B1||G1||H2||H7||B8||G8||B2||B7||G7||D1|
(5) |F8||G1||A2||A7||B8||B7||A4||A5||A6|
(4) |D1||H6||H7||B1||C1||G7||G1||B2||G8||H2|
(3) |B8||C1||A4||A6||B1||A7||A5||B2||B7||A2|
[C6][F7][E8][C7][D1][D8][C8][D7][A1][A2][G1][A5]{F7}{A4}{A5}{A6}{G1}{A7}{H7}{B2}{G7}{C7}{D7}
Ply 31, lastPly 30
4|6|(6) |F7||A4||A5||A6||G1||A7||H7||B2||G7||D7||C7|
(5) |E8||C1||H6||F8||B1||G1||H2||H7||G8||G7||D1|
(4) |G1||D8||D7||A4||A5||C7||A6||B2||A7||A2|
(3) |B1||C1||F8||H6||D1||H7||G8||H2||G7|
8|(8) |F7||A4||A5||A6||G1||A7||H7||B2||G7||D7||C7|
(7) |E8||C1||H6||F8||B1||G1||H2||H7||G8||G7||D1|
(6) |D8||D7||A4||A5||C7||A6||B2||A7||A2||G1|
(5) |C8||F8||B1||G1||H2||H7||G8||G7||C1||H6||D1|
(4) |G1||D7||A4||C7||A5||B2||A7||A6||A2|
(3) |B1||C1||F8||H6||D1||H7||G8||H2||G7|
10|(10) |F7||A4||A5||A6||G1||A7||H7||B2||G7||D7||C7|
(9) |E8||C1||H6||F8||B1||G1||H2||H7||G8||G7||D1|
(8) |C7||A6||B2||A7||A2||G1||D8||D7||A4||A5|
(7) |D7||D1||D8||C1||H6||F8||B1||G1||H2||H7||B8||G8||B2||B7||G7|
(6) |C8||F8||G1||A2||A7||A4||A5||D8||A6|
(5) |B1||G1||H2||H7||B8||G8||B2||B7||G7||D8||C1||H6||F8||D1|
(4) |D8||A6||F8||A7||C1||A5||A4||G1||B2||A2|
(3) |C1||F8||D1||B8||H6||G2||H7||G8||G1||B2||G7||H2|
12
(12) |F7||A4||A5||A6||G1||A7||H7||B2||G7||D7||C7|
(11) |E8||C1||H6||F8||B1||G1||H2||H7||G8||G7||D1|
(10) |C7||A6||B2||A7||A2||G1||D8||D7||A4||A5|
(9) |D7||D1||D8||C1||H6||F8||B1||G1||H2||H7||B8||G8||B2||B7||G7|
(8) |C8||F8||G1||A2||A7||A4||A5||D8||A6|
(7) |F8||D1||D8||C1||H6||B1||G1||H2||H7||B8||G8||B2||B7||G7|
(6) |D8||A6||G1||A2||A7||G8||G7||A4||A5|
(5) |B1||G1||H2||H7||B8||B2||B7||G7||D1||C1||H6|
(4) |A4||C1||A5||G7||G1||G8||A6||A7||B2||A2|
(3) |C1||A5||A6||D1||B8||H6||B2||G2||H7||G7||G1||B7||H2|
[F7][E8][C7][D7][C1][D1][D7][F8][D7][H2][G8][A1]{E8}{C1}{H6}{F8}{B1}{G1}{H2}{H7}{G8}{G7}{D1}
Ply 32, lastPly 31
4|6|(6) |E8||C1||H6||F8||B1||G1||H2||H7||G8||G7||D1|
(5) |G1||A2||A7||B2||D8||A6||D7||C7||A4||A5|
(4) |B1||H6||C1||F8||H7||D1||G8||G7||H2|
(3) |A4||D8||D7||C7||A5||A6||B2||A7||A2|
8|(8) |E8||C1||H6||F8||B1||G1||H2||H7||G8||G7||D1|
(7) |D8||A6||D7||C7||A4||A5||G1||A2||A7||B2|
(6) |C8||F8||B1||G1||H2||H7||G8||G7||C1||H6||D1|
(5) |G1||A2||A7||B2||D7||C7||A4||A5||A6|
(4) |B1||F8||H6||C1||D1||H7||G8||G7||H2|
(3) |A4||D7||C7||A5||B2||A6||A7||A2|
10|(10) |E8||C1||H6||F8||B1||G1||H2||H7||G8||G7||D1|
(9) |C7||A4||A5||G1||A2||A7||B2||D8||A6||D7|
(8) |D7||D1||D8||C1||H6||F8||B1||G1||H2||H7||B8||G8||B2||B7||G7|
(7) |C8||F8||G1||A2||A7||A4||A5||D8||A6|
(6) |D8||C1||H6||F8||B1||G1||H2||H7||B8||G8||B2||B7||G7||D1|
(5) |F8||G1||A2||A7||B8||B7||A4||A5||A6|
(4) |D1||H6||H7||B1||C1||G7||G1||B2||G8||H2|
(3) |B8||C1||A4||A6||B1||A7||A5||B2||B7||A2|
12
(12) |E8||C1||H6||F8||B1||G1||H2||H7||G8||G7||D1|
(11) |C7||A4||A5||G1||A2||A7||B2||D8||A6||D7|
(10) |D7||D1||D8||C1||H6||F8||B1||G1||H2||H7||B8||G8||B2||B7||G7|
(9) |C8||F8||G1||A2||A7||A4||A5||D8||A6|
(8) |D8||C1||H6||F8||B1||G1||H2||H7||B8||G8||B2||B7||G7||D1|
(7) |F8||G1||A2||A7||B8||B7||A4||A5||A6|
(6) |D1||H6||H7||B1||C1||G7||G1||B2||G8||H2|
(5) |B8||C1||A4||A6||B1||A7||A5||B2||B7||A2|
(4) |G1||H6||H7||G2||G7||B2||B7||H2||G8|
(3) |A4||C1||B1||A6||A5||A7||A2|
[E8][C7][D7][C8][H2][C8][A5][G1][C1][G2][C8][D8]{C7}{A4}{A5}{G1}{A2}{A7}{B2}{D8}{A6}{D7}
Ply 33, lastPly 32
4|6|(6) |D8||A6||G1||A2||A7||B2||C7||A4||A5||D7|
(5) |C8||F8||B1||G1||H2||H7||G8||G7||C1||H6||D1|
(4) |G1||D7||A4||C7||A5||B2||A7||A6||A2|
(3) |B1||C1||F8||H6||D1||H7||G8||H2||G7|
8|(8) |C7||A4||A5||D7||D8||A6||G1||A2||A7||B2|
(7) |D7||D1||D8||C1||H6||F8||B1||G1||H2||H7||B8||G8||B2||B7||G7|
(6) |C8||F8||G1||A2||A7||A4||A5||D8||A6|
(5) |B1||G1||H2||H7||B8||G8||B2||B7||G7||D8||C1||H6||F8||D1|
(4) |D8||A6||F8||A7||C1||A5||A4||G1||B2||A2|
(3) |C1||F8||D1||B8||H6||G2||H7||G8||G1||B2||G7||H2|
10|(10) |C7||A4||A5||D7||D8||A6||G1||A2||A7||B2|
(9) |D7||D1||D8||C1||H6||F8||B1||G1||H2||H7||B8||G8||B2||B7||G7|
(8) |C8||F8||G1||A2||A7||A4||A5||D8||A6|
(7) |F8||D1||D8||C1||H6||B1||G1||H2||H7||B8||G8||B2||B7||G7|
(6) |D8||A6||G1||A2||A7||G8||G7||A4||A5|
(5) |B1||G1||H2||H7||B8||B2||B7||G7||D1||C1||H6|
(4) |A4||C1||A5||G7||G1||G8||A6||A7||B2||A2|
(3) |C1||A5||A6||D1||B8||H6||B2||G2||H7||G7||G1||B7||H2|
12
(12) |B2||C7||A4||A5||D7||D8||A6||G1||A2||A7|
(11) |D1||C1||H6||F8||B1||G1||H2||H7||G8||G7|
(10) |C1||A6||B1||A2||A7||B7||D7||C7||A4||A5||D8|
(9) |F8||B1||G1||A2||H2||H7||G8||G2||G7||H6|
(8) |G7||D7||C7||A4||A5||D8||A6||G1||A7||B7|
(7) |G2||H6||B1||G1||A2||H2||H7|
(6) |A5||D8||A6||G1||H2||A7||B7||D7||C7||A4|
(5) |A4||A6||H6||B1||A2||H2||H7||G8|
(4) |H1||A2||A6||D7||D8||C7||H2||A7||G8||G1||B7|
(3) |A6||H2||B1||A2||H6||H7|
[B2][D1][C1][F8][D7][F8][B1][H6][B1][C8][G1][F8]{D1}{C1}{H6}{F8}{B1}{G1}{H2}{H7}{G8}{G7}
Ply 34, lastPly 33
4|6|(6) |F8||B1||G1||H2||H7||G8||G7||H6||D1||C1|
(5) |G1||A7||B7||G7||D7||C7||A4||A5||D8||A6|
(4) |H6||A1||D1||H7||H2||B1||C1|
(3) |D7||H7||D8||A6||C7||A5||A4||G7||A7||B7|
8|(8) |F8||B1||G1||H2||H7||G8||G7||H6||D1||C1|
(7) |G7||D7||C7||A4||A5||D8||A6||G1||A7||B7|
(6) |D1||C1||H6||B1||G1||H2||H7|
(5) |C1||A6||B1||A7||B7||D7||C7||A4||A5||D8|
(4) |G2||G1||H2||A2||H7||B1||H6|
(3) |D7||A5||C7||A4||D8||A6||H2||A7||G1||B7|
10|(10) |F8||B1||G1||H2||H7||G8||G7||H6||D1||C1|
(9) |G7||D7||C7||A4||A5||D8||A6||G1||A7||B7|
(8) |D1||C1||H6||B1||G1||H2||H7|
(7) |A4||A5||D8||C1||A6||B1||A7||B7||D7||C7|
(6) |A5||C1||H6||B1||G1||A2||H2||H7||G2|
(5) |C1||A6||B1||A2||A7||G8||B7||D7||C7||D8|
(4) |G2||G1||A2||H2||B1||H7||H6|
(3) |D7||C7||D8||A2||A6||H2||G8||A7||G1||B7|
12
(12) |F8||B1||G1||H2||H7||G8||G7||H6||D1||C1|
(11) |G7||D7||C7||A4||A5||D8||A6||G1||A7||B7|
(10) |D1||C1||H6||B1||G1||H2||H7|
(9) |C1||A6||B1||A7||B7||D7||C7||A5||D8||A4|
(8) |G2||G1||A2||H2||H7||B1||H6|
(7) |A5||D8||A6||G1||H2||A7||B7||D7||C7||A4|
(6) |A4||A6||H6||B1||A2||H2||H7||G8|
(5) |A2||H2||A7||G8||B7||H1||D7||C7||D8||A6||G1|
(4) |H2||H7||H6||G8||B1|
(3) |H1||D8||C7||D7||A6||A7||G8||B7||G1|
[F8][G7][D1][C1][A1][D8][D7][H1][D8][C1][G8][G2]{G7}{D7}{C7}{A4}{A5}{D8}{A6}{G1}{A7}{B7}
Ply 35, lastPly 34
4|6|(6) |G7||D7||C7||A4||A5||D8||A6||G1||A7||B7|
(5) |D1||C1||H6||B1||G1||H2||H7|
(4) |C1||B1||A4||D7||C7||D8||A5||A6||A7||B7|
(3) |G2||G1||H2||A2||H6||B1||H7|
8|(8) |G7||D7||C7||A4||A5||D8||A6||G1||A7||B7|
(7) |D1||C1||H6||B1||G1||H2||H7|
(6) |A4||D7||C7||D8||A5||A6||A7||B7||C1||B1|
(5) |A5||C1||H6||B1||G1||A2||H2||H7||G2|
(4) |C1||B1||D7||C7||D8||G8||A6||A7||A2||B7|
(3) |G2||G1||H2||A2||B1||H6||H7|
10|(10) |G7||D7||C7||A4||A5||D8||A6||G1||A7||B7|
(9) |D1||C1||H6||B1||G1||H2||H7|
(8) |A5||A6||A7||B7||C1||B1||C7||D8||A4||D7|
(7) |A4||C1||A6||H6||B1||G1||A2||H2||H7||G2|
(6) |C1||A6||B1||A2||A7||G8||G2||B7||D7||C7||D8|
(5) |G2||A6||H6||B1||G1||A2||H2||H7|
(4) |H1||A2||A6||D7||D8||C7||H2||A7||G8||G1||B7|
(3) |A6||H2||B1||A2||H6||H7|
12
(12) |G7||D7||C7||A4||A5||D8||A6||G1||A7||B7|
(11) |D1||C1||H6||B1||G1||H2||H7|
(10) |A5||A6||A7||B7||C1||B1||C7||D8||A4||D7|
(9) |G1||A2||H2||H7||G2||A4||C1||A6||H6||B1|
(8) |C1||A6||B1||A2||G8||G2||B7||D8||C7||D7|
(7) |A1||H8||A4||A6||H6||B1||A2||H2||H7|
(6) |H1||D7||C7||A4||D8||A6||B1||A2||A7||G8||G2||B7|
(5) |A4||A6||H6||B1||H2||H7||H8|
(4) |G2||D8||C7||A6||A7||A2||D7||B7||G8|
(3) |B1||A6||H8||H2||H6||H7|
[G7][D1][C1][D1][D8][A1][A4][H8][B1][H8][C1][C8]{D1}{C1}{H6}{B1}{G1}{H2}{H7}
Ply 8, lastPly 0
4|6|(6) |G5||E7||C3|
(5) |G3||B6||G6||H4||G4||F2||B4||F3||C6||E2|
(4) |F3||D3||D7||C3||F7||B3||E7|
(3) |G4||E2||C6||B4||B5||B6||D3||F2||H4||H5|
8|(8) |G5||E7||C3|
(7) |G6||H4||G4||F2||B4||F3||C6||E2||G3||B6|
(6) |D3||C3||F3||B4||D7||E7||B3||C7||F7||G7|
(5) |C6||D2||E2||B4||G4||B5||C2||G3||H4||H5||C3||F3|
(4) |F7||D7||B4||C7||B6||E7||B5||H7||G7|
(3) |G3||F2||C2||D2||H5||G4||E8||E2||G8|
10|(10) |G5||E7||C3|
(9) |G6||H4||G4||F2||B4||F3||C6||E2||G3||B6|
(8) |D3||C3||F3||B4||D7||E7||B3||C7||F7||G7|
(7) |C3||F3||C6||D2||E2||B4||G4||B5||C2||G3||H4||H5|
(6) |F3||B4||B5||D7||E7||C2||B3||C7||F7||H7||G7|
(5) |C6||D2||E2||B4||G4||B5||H4||H5||C2||F2||G3||B6|
(4) |C7||B4||F7||B6||B3||D7||B5||E7||H7||G7||B7|
(3) |E7||D7||D2||C2||H5||C8||H4||E2||G4||F2||G3||G2|
12
(12) |C3||G5||E7|
(11) |F2||B3||B6||B2||D2||E2||B4||B5|
(10) |G5||E7||F7||G1||G7||G4|
(9) |C6||B4||G4||H6||B3||B6||G6||H4||B2|
(8) |D3||F3||D2||E2||G4||D7||E7||G3||C7||F7||G1||G7|
(7) |F3||H6||D2||B4||G4||B5||H4||H5||C2||B3||B6||B2|
(6) |E2||G4||D7||E7||G3||C7||F7||G1||G7||F1||D2|
(5) |B5||D1||E1||H4||H5||C2||B3||B6||B2||H6||D2||B4||G4|
(4) |G3||C7||G4||B6||E7||D7||A5||A6||F7||F1||G1||G7||B7||G2|
(3) |B4||B3||G4||D2||E1||F1||C2||H5||H4||H2||G2||B2|
[C3][F2][G5][C6][F3][G5][B4][G4][G3][B6][F2][G6]{F2}{B3}{B6}{B2}{D2}{E2}{B4}{B5}
Ply 8, lastPly 8
4|6|(6) |G5||E7||C3|
(5) |G3||B6||G6||H4||G4||F2||B4||F3||C6||E2|
(4) |F3||D3||D7||C3||F7||B3||E7|
(3) |G4||E2||C6||B4||B5||B6||D3||F2||H4||H5|
8|(8) |G5||E7||C3|
(7) |G6||H4||G4||F2||B4||F3||C6||E2||G3||B6|
(6) |D3||C3||F3||B4||D7||E7||B3||C7||F7||G7|
(5) |C6||D2||E2||B4||G4||B5||C2||G3||H4||H5||C3||F3|
(4) |F7||D7||B4||C7||B6||E7||B5||H7||G7|
(3) |G3||F2||C2||D2||H5||G4||E8||E2||G8|
10|(10) |G5||E7||C3|
(9) |G6||H4||G4||F2||B4||F3||C6||E2||G3||B6|
(8) |D3||C3||F3||B4||D7||E7||B3||C7||F7||G7|
(7) |C3||F3||C6||D2||E2||B4||G4||B5||C2||G3||H4||H5|
(6) |F3||B4||B5||D7||E7||C2||B3||C7||F7||H7||G7|
(5) |C6||D2||E2||B4||G4||B5||H4||H5||C2||F2||G3||B6|
(4) |C7||B4||F7||B6||B3||D7||B5||E7||H7||G7||B7|
(3) |E7||D7||D2||C2||H5||C8||H4||E2||G4||F2||G3||G2|
12
(12) |C3||G5||E7|
(11) |F2||B3||B6||B2||D2||E2||B4||B5|
(10) |G5||E7||F7||G1||G7||G4|
(9) |C6||B4||G4||H6||B3||B6||G6||H4||B2|
(8) |D3||F3||D2||E2||G4||D7||E7||G3||C7||F7||G1||G7|
(7) |F3||H6||D2||B4||G4||B5||H4||H5||C2||B3||B6||B2|
(6) |E2||G4||D7||E7||G3||C7||F7||G1||G7||F1||D2|
(5) |B5||D1||E1||H4||H5||C2||B3||B6||B2||H6||D2||B4||G4|
(4) |G3||C7||G4||B6||E7||D7||A5||A6||F7||F1||G1||G7||B7||G2|
(3) |B4||B3||G4||D2||E1||F1||C2||H5||H4||H2||G2||B2|
[C3][F2][G5][C6][F3][G5][G4][F7][D2][B5][D7][E8]{F2}{B3}{B6}{B2}{D2}{E2}{B4}{B5}
