[darwersi-gtp] data path: /home/oliv/coach/engines/f22dc4f8618f27c5/../Lib:/home/oliv/coach/engines/f22dc4f8618f27c5/../Database:/home/oliv/coach/engines/f22dc4f8618f27c5/../DataSrc:.
Ply 5, lastPly 0
4|6|(6) |F4||F3||B5||G5||B3||G6|
(5) |E6||F3||C6||F6||C2||D2||E2||G4||D7||C5||E3|
(4) |B5||F6||B4||G6||B3|
(3) |C5||B4||E3||D2||D7||C6||F3||G4||B3||C2||C7||G3|
8
(8) |F4||F3||B5||G5||B3||G6|
(7) |C5||E3||E6||F3||C6||F6||C2||D2||E2||G4||D7|
(6) |B4||B5||B3||G6||F6|
(5) |B3||G3||C7||D2||B5||D7||A5||E3||F3||C6||C2|
(4) |B5||E6||C6||D2||F6||C2||G6||G5||A3||B2|
(3) |C6||E3||D2||C2||D7||F3||G3||B6||C7||A5|
[F4][E6][G6][C6][C5][B6][E7][F3]{E6}{F3}{C6}{F6}{C2}{D2}{E2}{G4}{D7}{C5}{E3}
Ply 5, lastPly 5
4|6|(6) |F4||F3||B5||G5||B3||G6|
(5) |E6||F3||C6||F6||C2||D2||E2||G4||D7||C5||E3|
(4) |B5||F6||B4||G6||B3|
(3) |C5||B4||E3||D2||D7||C6||F3||G4||B3||C2||C7||G3|
8
(8) |F4||F3||B5||G5||B3||G6|
(7) |C5||E3||E6||F3||C6||F6||C2||D2||E2||G4||D7|
(6) |B4||B5||B3||G6||F6|
(5) |B3||G3||C7||D2||B5||D7||A5||E3||F3||C6||C2|
(4) |B5||E6||C6||D2||F6||C2||G6||G5||A3||B2|
(3) |C6||E3||D2||C2||D7||F3||G3||B6||C7||A5|
[F4][E6][G6][C6][C5][B6][E7][F3]{E6}{F3}{C6}{F6}{C2}{D2}{E2}{G4}{D7}{C5}{E3}
Ply 6, lastPly 5
4|6|(6) |C5||E6||F3||C6||F6||C2||D2||E2||G4||D7||E3|
(5) |B4||B5||B3||G6||F6|
(4) |E3||B5||C6||D7||D2||F3||B3||C7||G3||C2||A5|
(3) |E6||E2||F6||F2||G5||C2||D2||B2|
8
(8) |C5||E6||F3||C6||F6||C2||D2||E2||G4||D7||E3|
(7) |B4||B5||B3||G6||F6|
(6) |E3||B5||C6||D7||D2||F3||B3||C7||G3||C2||A5|
(5) |E6||E2||F6||F2||G5||C2||D2||B2|
(4) |F3||G5||B5||C6||G4||G3||E7||D7||B6||C7||A4||A5|
(3) |F6||F2||G3||C2||E2||G5||D2||G4||B2||G2|
[E6][G6][F3][C5][E3][F6][G4][G3]{G6}{B3}{F6}{B4}{B5}
Ply 7, lastPly 6
4|6|(6) |F6||B4||B5||B3||G6|
(5) |E7||G7||E3||C2||G3||G6||C7||F7||D2||E2||G4||G5||D7|
(4) |C5||D7||B5||B4||B3||F8||D8||B2|
(3) |D7||E3||D2||E2||G4||G5||B4||C6||C2||B6||G6||G7|
8
(8) |G6||F6||B4||B5||B3|
(7) |C6||G3||C7||D2||E2||G4||G5||D7||F3||E3|
(6) |C5||B4||B5||D7||E7||B3||C7||B7|
(5) |B6||B4||G4||G3||E3||F3||F6||D2||E2|
(4) |E7||F7||B4||D7||B5||C7||B3||B7||B2|
(3) |F3||F6||F7||G5||E3||D2||G3||E2||G4||F8|
[B3][C2][E3][D2][C5][B4][B5][E2]{C2}{G3}{C7}{E2}{D2}{C6}{F3}{G4}{D7}{A2}{B2}
Ply 8, lastPly 7
4|6|(6) |E2||G4||D7||A2||B2||C2||G3||C7||D2||C6||F3|
(5) |C5||F6||D2||B4||F7||E3|
(4) |B4||F3||G4||D7||B6||C6||B5||G3||C7||A3||A2||B2|
(3) |E3||D2||G5||B5||F7||A3||F6||A4||A5|
8
(8) |C2||G3||C7||D2||C6||F3||E2||G4||D7||A2||B2|
(7) |E3||F6||D2||B4||F7||D1|
(6) |D2||E2||G4||D7||F2||G3||C7||A4||A2||B2||F3||C6|
(5) |C5||F6||B4||E7||C1||F7||D1||E1|
(4) |B4||E2||B5||D7||A4||C7||G5||F3||G4||C6||G3||A3||A2||B2|
(3) |B5||G5||E7||A3||F7||A4||F6||C1||D1|
[C2][E3][D2][B4][E2][F3][C6][F6]{E3}{F6}{D2}{B4}{F7}{D1}
Ply 9, lastPly 8
4|6|(6) |E3||F6||D2||B4||F7||D1|
(5) |D2||E2||G4||D7||F2||G3||C7||A4||A2||B2||C6||F3|
(4) |C5||B4||F6||E7||F7||C1||E1||D1|
(3) |E2||B4||B5||D7||G4||C7||G3||F3||G5||A3||C6||A4||A2||B2|
8
(8) |E3||F6||D2||B4||F7||D1|
(7) |D2||E2||G4||D7||F2||G3||C7||A4||A2||B2||C6||F3|
(6) |C5||B4||F6||E7||F7||C1||E1||D1|
(5) |B4||B5||D7||G4||C7||G3||F3||G5||A3||C6||A4||A2||B2||E2|
(4) |B5||D1||F7||A3||A4||G5||E7||F6||C1|
(3) |E2||B6||F2||A3||D7||C7||A6||G4||G3||A4||A5||C6||F3||G5||A2|
[E3][D2][B4][E2][F3][C6][G6][G3]{D2}{E2}{G4}{D7}{F2}{G3}{C7}{A4}{A2}{B2}{C6}{F3}
Ply 10, lastPly 9
4|6|(6) |D2||E2||G4||D7||F2||G3||C7||A4||A2||B2||F3||C6|
(5) |C5||F6||B4||E7||C1||F7||D1||E1|
(4) |B4||E2||B5||D7||A4||C7||G5||F3||G4||C6||G3||A3||A2||B2|
(3) |B5||G5||E7||A3||F7||A4||F6||C1||D1|
8
(8) |D2||E2||G4||D7||F2||G3||C7||A4||A2||B2||F3||C6|
(7) |B4||E7||C1||F7||D1||E1||C5||F6|
(6) |E2||B5||G5||D7||A3||G3||C7||A4||A5||A2||B2||C5||F3||C6|
(5) |F3||F6||C1||F1||D1||E1||F2||F7|
(4) |C6||F2||G5||C5||G3||D7||G4||B5||C7||A5||A4||A2||G2||B2|
(3) |F6||F1||C7||G6||D7||E1||F7||C1||E7||D1||B1||B7|
[F3][F6][E7][B4][E2][G6][G4][F7]{F6}{G6}{E7}{G5}{F7}{G3}{C1}{D1}{B1}{C5}{B5}
Ply 11, lastPly 10
4|6|(6) |F6||B5||G5||E7||C1||G3||G6||F7||D1||B1||C5|
(5) |E7||A3||C7||F7||A4||A2||D2||E2||D7|
(4) |G6||C1||G3||B4||C5||G4||E8||D8||B5||D1||F8||F7||G5||F2||B1|
(3) |G4||E2||F7||C5||D7||G5||C7||C6||D2||A4||H6||A3||A2||H7||B2||G7|
8
(8) |C5||F6||B5||G5||E7||C1||G3||G6||F7||D1||B1|
(7) |E2||B4||B5||D7||A3||C7||A4||A2||B2||D2||C6|
(6) |G4||G5||D1||F2||G3||G6||F7||B1||F6||C1||F1|
(5) |D2||B5||G5||D7||A4||H5||G3||B6||C7||A2||B2||C6||A3||H3|
(4) |C6||F2||F1||G3||F6||F7||G6||G5||D7||C1||E7||E1||D1||B1||G2|
(3) |G5||G3||B4||B5||D7||H3||H5||H4||A3||A4||B6||C7||A2||B2||B7|
[C5][E2][G4][G5][F2][B4][D2][B5]{E2}{B4}{B5}{D7}{A3}{C7}{A4}{A2}{B2}{D2}{C6}
Ply 12, lastPly 11
4|6|(6) |B4||B5||D7||A3||C7||A4||A2||B2||E2||D2||C6|
(5) |F7||B1||A3||B5||G5||E7||D1||A5||G3||G6||F6||C1|
(4) |C6||F2||D2||E2||B5||A3||B6||C7||A4||E7||D7||B2|
(3) |G6||B5||G5||B6||G4||A3||G3||D1||B1|
8
(8) |E2||D2||C6||B4||B5||D7||A3||C7||A4||A2||B2|
(7) |C1||F1||G4||G5||D1||F2||G3||G6||F7||B1||F6|
(6) |B4||B5||D7||B6||C7||B1||A2||B2||D2||C6||A3|
(5) |F2||G3||G6||F7||A3||B5||G5||A5||F1||F6|
(4) |D2||D7||C7||B5||F1||A3||C6||E7||A2||B2||B1||G2|
(3) |D1||G6||F7||B5||A3||G3||G5||F6|
[E2][F2][B4][D2][C1][A3][D1][E1]{F2}{G3}{G6}{F7}{B1}{F6}{F1}{G4}{G5}{D1}{C1}
Ply 13, lastPly 12
4|6|(6) |G4||G5||D1||F2||G3||G6||F7||B1||C1||F1||F6|
(5) |D2||B5||G5||D7||A4||H5||G3||B6||C7||A2||B2||H3||C6||A3|
(4) |C6||F2||F1||G3||F6||F7||G6||G5||D7||C1||E7||E1||D1||B1||G2|
(3) |G5||G3||B4||B5||D7||H3||H5||H4||A3||A4||B6||C7||A2||B2||B7|
8
(8) |G4||G5||D1||F2||G3||G6||F7||B1||C1||F1||F6|
(7) |G5||D7||A4||H5||G3||B6||C7||A2||B2||H3||C6||A3||D2||B5|
(6) |F2||G3||G6||F7||B1||G2||C6||F6||C1||F1||D7||E7||D1||E1||H5|
(5) |B4||B5||D7||A4||H4||H5||G3||C7||A2||B2||G2||C6||F1||A3||H3||D2|
(4) |D2||E1||E7||C1||G3||A5||D7||F7||H6||F6||H5||A4||F1||G6||B5||D1||A3||B1|
(3) |B5||C1||B6||A4||G3||D7||C7||H5||H3||H4||A3||D1||C6||E1||E7||F1||A2||G1||B2||G2|
[G4][D2][C6][G3][F2][B4][B5][D7]{D2}{B5}{G5}{D7}{A4}{H5}{G3}{B6}{C7}{A2}{B2}{H3}{C6}{A3}
Ply 14, lastPly 13
4|6|(6) |D2||B5||G5||D7||A4||H5||G3||B6||C7||A2||B2||H3||C6||A3|
(5) |C6||F6||C1||F1||G5||D7||E7||D1||E1||F2||G3||G6||F7||B1||G2|
(4) |G5||G3||D7||H5||A4||B4||H3||H4||A3||B5||B6||C7||A2||B2||B7|
(3) |F2||C1||F7||D7||F1||F6||G6||E7||G3||H5||E1||D1||B1||G2|
8
(8) |D2||B5||G5||D7||A4||H5||G3||B6||C7||A2||B2||H3||C6||A3|
(7) |C6||F6||C1||F1||G5||D7||E7||D1||E1||F2||G3||G6||F7||B1||G2|
(6) |G3||D7||H5||A4||B4||H3||H4||A3||B5||B6||C7||A2||B2||B7||G5|
(5) |F2||G6||F7||B1||H2||G2||G5||D7||E7||D1||E1||F6||C1||F1||H3|
(4) |D7||B4||F1||H4||G5||E1||H5||H3||A3||B5||B6||A4||C7||A2||G2||B2||B7|
(3) |G5||F1||G6||F7||E7||H4||H3||F6||E1||C1||D1||E8||C8||B1||G2||B2|
[D2][G3][G5][F2][B4][F1][B5][C6]{G3}{G6}{F7}{B1}{G2}{C6}{F6}{C1}{F1}{G5}{D7}{E7}{D1}{E1}{F2}
Ply 15, lastPly 14
4|6|(6) |C6||F6||C1||F1||G5||D7||E7||D1||E1||F2||G3||G6||F7||B1||G2|
(5) |G3||B6||C7||A2||B2||B7||D7||A4||H4||H5||G5||B4||B5||H3||A3|
(4) |F2||G5||C1||F7||F6||G6||F1||D7||H3||E7||E1||D1||B1||H2||G2|
(3) |D7||B4||G5||F1||B5||H3||E1||H4||H5||B6||A4||A3||C7||A2||B2||G2||B7|
8
(8) |C6||F6||C1||F1||G5||D7||E7||D1||E1||F2||G3||G6||F7||B1||G2|
(7) |G3||B6||C7||A2||B2||B7||D7||A4||H4||H5||G5||B4||B5||H3||A3|
(6) |F2||G5||C1||F7||F6||G6||F1||D7||H3||E7||E1||D1||B1||H2||G2|
(5) |B4||G5||F1||B5||H3||E1||H4||H5||B6||A4||A3||C7||A2||B2||G2||B7||D7|
(4) |B5||A4||E1||F7||G5||H4||A3||D7||E7||F6||C1||H3||D1||H2||G2||B2|
(3) |D7||G5||H3||F1||A3||H4||A6||E1||B6||C7||H5||A5||A4||G1||A2||G2||B7|
[G3][B4][B5][A3][C6][A4][G5][F6]{B4}{F2}{B6}{G5}{C7}{B5}{D7}{H3}{C6}{H4}{H5}{A4}{H2}{A2}{B2}{G2}
Ply 16, lastPly 15
4|6|(6) |B4||B5||G5||D7||A4||H4||H5||F2||B6||C7||A2||H2||B2||G2||H3||C6|
(5) |C6||F6||C1||F1||A3||B5||G5||D7||E7||D1||E1||A4||G6||F7||B1|
(4) |B5||D7||E7||F2||A4||G5||H4||A3||C7||B6||H5||H3||A2||H2||B2|
(3) |A3||F7||G6||E7||A6||B6||F1||C1||E1||A4||F6||D7||D1||B1|
8
(8) |G5||D7||A4||H4||H5||F2||B6||C7||A2||H2||B2||G2||H3||C6||B4||B5|
(7) |F2||G6||F7||B1||C6||F6||C1||F1||D7||E7||D1||E1||H5|
(6) |B4||B5||D7||A4||H4||H5||C7||A2||H2||B2||G2||C6||F1||H3|
(5) |F1||A3||H6||B5||D7||E7||D1||E1||A4||H5||G6||F7||B1||B2||C6||F6||C1|
(4) |B5||H3||C6||B6||E7||D7||E1||H4||C7||A3||A4||H2||A2||G2||G1||B2|
(3) |C6||A3||E7||F7||A4||C1||F6||B6||D7||A6||H6||G6||D1||B1||B2|
[B4][C6][B5][A3][B6][F1][F2][E1]{C6}{B5}{A3}{G6}{F1}{E1}{F7}{A4}{G5}{C1}{E7}{F6}{D7}{D1}{B1}
Ply 17, lastPly 16
4|6|(6) |B5||G5||D7||E7||D1||E1||A4||G6||F7||B1||C6||F6||C1||F1||A3|
(5) |B6||C7||A2||H2||G2||A6||G5||D7||A4||H4||A5||H5||F2||A3||H3||C6|
(4) |C6||D7||F6||G5||F1||G6||F7||C1||E1||E7||D1||B1||A7||B7|
(3) |G5||D7||F2||A6||C7||A5||A3||H5||H4||A4||H3||A2||H2||B2|
8
(8) |B5||G5||D7||E7||D1||E1||A4||G6||F7||B1||C6||F6||C1||F1||A3|
(7) |A3||H3||C6||B6||C7||A2||H2||G2||A6||G5||D7||A4||H4||A5||H5||F2|
(6) |C6||F6||C1||F1||G5||D7||E7||D1||E1||G6||F7||B1||A2||B2|
(5) |A4||H4||A5||H5||F2||B6||C7||H2||H3||A6||G5||D7||E7|
(4) |G5||D7||F7||D1||E7||E1||G6||F1||F6||C1||B1||B2||A2|
(3) |F6||G6||F2||E7||C7||H4||H6||A6||H5||D7||B6||H3|
[B5][A3][B5][A3][B6][B5][F6][F7]{A3}{H3}{C6}{B6}{C7}{A2}{H2}{G2}{A6}{G5}{D7}{A4}{H4}{A5}{H5}{F2}
Ply 18, lastPly 17
4|6|(6) |B6||C7||A2||H2||G2||C6||A3||H3||A6||G5||D7||A4||H4||A5||H5||F2|
(5) |C6||F6||C1||F1||G5||D7||E7||D1||E1||G6||F7||B1||A7||B7|
(4) |F2||C7||D7||G5||A5||A3||H4||A6||A4||H5||H3||A2||H2||B2|
(3) |G5||F1||G6||E7||A6||F6||F7||C1||D1||D7||E1||B1||G1||A7||G2||B7|
8
(8) |C6||A3||H3||A6||G5||D7||A4||H4||A5||H5||F2||C7||A2||H2||G2||B6|
(7) |E1||B6||G6||C7||F7||B1||B7||C1||F1||G5||D7||E7||D1||F6|
(6) |D1||A4||H4||A5||F2||A2||H2||B2||G2||A3||H3||A6||F1|
(5) |B6||G6||C7||F7||B1||B2||B7||F6||C1||G5||D7||E7|
(4) |F1||G5||H4||F2||A6||A5||A3||A4||H5||H3||A2||H2||B2||G2|
(3) |C1||G5||G6||F7||C7||E7||D7||B1||F6||B7|
[B6][C6][A3][G5][A6][A5][A4][F6]{C6}{G5}{F1}{F7}{G6}{E1}{E7}{C1}{F6}{D7}{D1}{B1}{A7}{B7}
Ply 19, lastPly 18
4|6|(6) |C6||F6||C1||F1||G5||D7||E7||D1||E1||G6||F7||B1||A7||B7|
(5) |C7||A2||H2||B2||D7||A4||H4||A5||H5||F2||A6||G5||A3||H3|
(4) |G5||C1||F6||E7||F1||F7||G6||E1||D7||D1||B1||A7||B8||B7|
(3) |F2||F6||G6||A6||H6||H4||A5||A3||H3||A4||H5||H2||A2||G2||B2|
8
(8) |C6||F6||C1||F1||G5||D7||E7||D1||E1||G6||F7||B1||A7||B7|
(7) |F2||A6||G5||A3||H3||D7||A4||H4||A5||H5||C7||A2||H2||B2|
(6) |A6||G5||D7||E7||D1||E1||G6||F7||B1||G1||A7||G2||B7||F1||F6||C1|
(5) |A3||H3||D7||A4||H4||A5||H5||C7||A2||H2||A7||B7|
(4) |G5||G6||F1||F6||F7||D7||D1||C1||E7||E1||G1||B1||B2||G2||A2|
(3) |A4||F6||G6||H6||D7||H5||E7||C7||H3||A5||H4||H2||A7||B7|
[C6][A3][D1][A4][A5][A6][C1][E7]{A3}{H3}{D7}{A4}{H4}{A5}{H5}{C7}{A2}{H2}{B2}{F2}{A6}{G5}
Ply 20, lastPly 19
4|6|(6) |F2||C7||A2||H2||B2||D7||A4||H4||A5||H5||A6||G5||A3||H3|
(5) |C1||F1||A6||G5||D7||E7||D1||E1||G6||F7||B1||G1||A7||G2||B7||F6|
(4) |C7||D7||H3||A6||H4||H5||A5||A4||A3||H2||A2||B2||B7||B1|
(3) |D1||G6||G5||A6||F7||C8||F1||E7||F6||D7||E1||A7||B8||G1||B7||G2|
8
(8) |A3||H3||A6||G5||D7||A4||H4||A5||H5||F2||C7||A2||H2||B2|
(7) |G5||D7||E7||D1||E1||G6||F7||B1||A2||A7||B2||B7||A6||F1||C1||F6|
(6) |A6||H6||D7||E7||A4||H4||A5||H5||F2||G6||C7||F6||H3|
(5) |A5||F7||B1||A2||A7||B2||B7||A4||D1||E1||F6||C1||D7||E7|
(4) |A4||F2||C7||F6||D7||G6||H4||E7||H6||H5||H3|
(3) |F6||E1||F1||F7||C1||D7||E7||D1||B1||A7||A2||B7||B2|
[A3][A6][A4][E1][A5][D1][A7][C1]{A6}{F1}{C1}{F6}{F7}{B1}{A2}{A7}{B2}{B7}{D1}{E1}{G6}{E7}{G5}{D7}
Ply 21, lastPly 20
4|6|(6) |G5||D7||E7||D1||E1||G6||F7||B1||A2||A7||B2||B7||A6||F1||C1||F6|
(5) |F6||H3||A6||H6||D7||E7||A4||H4||A5||H5||F2||G6||C7|
(4) |D7||D1||E7||E1||C1||G6||A6||F7||F1||B1||A7||B2||B7||A2|
(3) |F7||A4||G6||F2||C7||A6||H6||A5||E7||D8||H4||H3||H5||H2|
8
(8) |D1||E1||G6||F7||B1||A2||A7||B2||B7||A6||F1||C1||F6||E7||G5||D7|
(7) |A4||H4||A5||F2||C7||H2||E1||D7||E7||H3|
(6) |A5||G6||F7||B1||A2||A7||B2||B7||F6||C1||A6||G5||D7||E7|
(5) |A6||E1||H4||F2||C7||H2||B2||E7||F1||H3||D7|
(4) |C1||F7||E7||G5||G6||D7||F6||B1||B7||B2||A7||A2|
(3) |E7||E1||H4||F2||D7||F1||C7||H3||H2||B1||B2|
[D1][G5][A1][A4][A2][B2][A5][A6]{G5}{D7}{F2}{A4}{H4}{E7}{C7}{H5}{H3}{A5}{H2}{A7}{B7}
Ply 22, lastPly 21
4|6|(6) |A4||H4||A5||F2||C7||H2||D7||E7||E1||H3|
(5) |A5||G6||F7||B1||A2||A7||B2||B7||G5||D7||E7||C1||A6||F6|
(4) |A6||H4||C7||F2||E1||E7||F1||H3||D7||H2||B2|
(3) |C1||G5||G6||E7||F7||F6||D7||B1||A2||A7||B7||B2|
8
(8) |A4||H4||A5||F2||C7||H2||D7||E7||E1||H3|
(7) |A5||G6||F7||B1||A2||A7||B2||B7||G5||D7||E7||C1||A6||F6|
(6) |A6||H4||C7||F2||E1||E7||F1||H3||D7||H2||B2|
(5) |C1||G5||G6||E7||F7||F6||D7||B1||A2||A7||B7||B2|
(4) |E7||C7||E1||H4||D7||F1||F2||H3||H2||B2||B1|
(3) |C7||G6||G5||F7||F6||D7||E8||A2||A7|
[A4][A5][A6][G5][E7][D7][F7][F6]{A5}{G6}{F7}{B1}{A2}{A7}{B2}{B7}{G5}{D7}{E7}{C1}{A6}{F6}
Ply 23, lastPly 22
4|6|(6) |A5||G6||F7||B1||A2||A7||B2||B7||G5||D7||E7||A6||C1||F6|
(5) |A6||E1||H4||F2||C7||H2||B2||E7||F1||H3||D7|
(4) |C1||F7||G5||G6||E7||D7||F6||B1||B7||B2||A7||A2|
(3) |E7||E1||H4||F2||D7||F1||C7||H3||H2||B1||B2|
8
(8) |A5||G6||F7||B1||A2||A7||B2||B7||G5||D7||E7||A6||C1||F6|
(7) |A6||E1||H4||F2||C7||H2||B2||E7||F1||H3||D7|
(6) |C1||F7||G5||G6||E7||D7||F6||B1||B7||B2||A7||A2|
(5) |E7||E1||H4||F2||D7||F1||C7||H3||H2||B1||B2|
(4) |G5||C7||G6||D7||F7||E8||F6||A2||A7|
(3) |H4||D7||C7||F6||E1||F2||H5||F1||H3||H2||B2|
[A5][A6][F7][F1][C1][E1][F2][B1]{A6}{E1}{H4}{F2}{C7}{H2}{B2}{E7}{F1}{H3}{D7}
Ply 24, lastPly 23
4|6|(6) |A6||E1||H4||F2||C7||H2||B2||E7||F1||H3||D7|
(5) |C1||G6||F7||B1||A2||A7||B2||B7||G5||D7||E7||F6|
(4) |E7||C7||E1||H4||D7||F1||F2||H3||H2||B2||B1|
(3) |C7||G6||G5||F7||F6||D7||E8||A2||A7|
8
(8) |A6||E1||H4||F2||C7||H2||B2||E7||F1||H3||D7|
(7) |G5||D7||E7||F6||F7||B1||A2||A7||B2||B7||C1||G6|
(6) |E7||F1||H3||E1||H4||H5||F2||G6||C7||B2||F6||D7|
(5) |D7||C1||E8||C7||F7||B1||A2||A7||B2||F6|
(4) |F7||E8||H4||C7||F1||F6||D8||G6||F2||E1||H5||H3||B2|
(3) |F6||E8||C1||F8||B1||B2||A7||G7|
[A6][F7][F1][F2][E1][G1][G5][F6]{F7}{B1}{A2}{A7}{B2}{B7}{C1}{G6}{D7}{E7}{F6}{G5}
Ply 25, lastPly 24
4|6|(6) |C1||G6||F7||B1||A2||A7||B2||B7||G5||D7||E7||F6|
(5) |E7||F1||H3||E1||H4||F2||C7||B1||H2||B2||D7|
(4) |G5||C7||F6||G6||D7||F7||E8||A2||A7|
(3) |H4||D7||C7||F6||E1||F2||H5||F1||H3||H2||B2|
8
(8) |F7||B1||A2||A7||B2||B7||G5||D7||E7||F6||C1||G6|
(7) |F1||H3||E1||H4||F2||C7||H2||G8||B2||E7||F6||D7|
(6) |C1||E1||F2||G6||B1||A2||A7||B2||B7||F6||G5|
(5) |E1||H4||H5||B1||H2||G8||B2||F6||D7||E7||F2||C7||H3|
(4) |F2||G5||G6||G1||F6||A7||A2|
(3) |B1||E7||C7||F6||H3||D7||H4||H2||G8||G1|
[F7][E7][G6][G5][F6][C1][F2][E1]{E7}{F6}{D7}{F1}{H3}{E1}{H4}{F2}{C7}{H2}{G8}{B2}
Ply 26, lastPly 25
4|6|(6) |F1||H3||E1||H4||F2||C7||H2||G8||B2||E7||F6||D7|
(5) |C1||E1||F2||G6||B1||A2||A7||B2||B7||G5||F6|
(4) |E1||F2||C7||H4||H5||E7||D7||F6||H3||G8||H2||B2||B1|
(3) |F2||G5||F6||G1||G6||A2||A7|
8
(8) |F1||H3||E1||H4||F2||C7||H2||G8||B2||E7||F6||D7|
(7) |F2||G6||B1||A2||A7||B2||B7||G5||F6||E1||C1|
(6) |E1||H4||G1||H2||G8||B2||G2||E7||C7||H3||F6||D7|
(5) |G1||A2||A7||B2||F6||G5||C1|
(4) |G5||E7||H4||C7||H5||F6||D7||H3||G8||H2||B7||G2|
(3) |F6||C1||G6||H5||A2||A7||B2|
[F1][F2][E1][G1][H4][C1][H3][G6]{F2}{G6}{B1}{A2}{A7}{B2}{B7}{G5}{F6}{E1}{C1}
Ply 27, lastPly 26
4|6|(6) |C1||E1||F2||G6||B1||A2||A7||B2||B7||G5||F6|
(5) |E1||H4||H5||B1||H2||G8||B2||F2||C7||H3||E7||F6||D7|
(4) |F2||G6||G1||G5||F6||A7||A2|
(3) |B1||E7||C7||F6||H3||D7||H4||H2||G8||G1|
8
(8) |F2||G6||B1||A2||A7||B2||B7||G5||F6||C1||E1|
(7) |E1||H4||G1||H2||G8||B2||G2||E7||C7||H3||F6||D7|
(6) |G1||A2||A7||B2||F6||G5||C1|
(5) |G5||D7||E7||C7||H3||H4||H5||H2||G8||G2||B7||F6|
(4) |F6||H5||C1||G6||B2||A2||A7|
(3) |H4||H5||E7||H3||C7||D7||G6||H2||G8||G7||B7||G2|
[F2][E1][G1][G5][F6][H3][G6][H4]{E1}{H4}{G1}{H2}{G8}{B2}{G2}{E7}{C7}{H3}{F6}{D7}
Ply 28, lastPly 27
4|6|(6) |E1||H4||G1||H2||G8||B2||G2||E7||C7||H3||F6||D7|
(5) |G1||A2||A7||B2||C1||G5||F6|
(4) |G5||E7||H4||C7||H5||F6||D7||H3||G8||H2||B7||G2|
(3) |F6||C1||G6||H5||A2||A7||B2|
8
(8) |E1||H4||G1||H2||G8||B2||G2||E7||C7||H3||F6||D7|
(7) |G1||A2||A7||B2||C1||G5||F6|
(6) |H4||C7||H5||F6||D7||H3||G8||H2||B7||G2||G5||E7|
(5) |C1||H3||A2||A7||B2||F6||G5||H5|
(4) |H3||E7||C7||F6||H2||D7||B2||G8||B7||B1||G2|
(3) |G6||H5||F6||G5||G2||H2||A2||A7|
[E1][G1][H4][C1][H3][F6][G5][G6]{G1}{A2}{A7}{B2}{C1}{G5}{F6}
Ply 29, lastPly 28
4|6|(6) |G1||A2||A7||B2||C1||G5||F6|
(5) |G5||D7||E7||C7||H3||H4||H5||H2||G8||G2||B7||F6|
(4) |F6||H5||C1||G6||B2||A2||A7|
(3) |H4||H5||E7||H3||C7||D7||G6||H2||G8||G7||B7||G2|
8
(8) |G1||A2||A7||B2||C1||G5||F6|
(7) |G5||D7||E7||C7||H3||H4||H5||H2||G8||G2||B7||F6|
(6) |F6||H5||C1||G6||B2||A2||A7|
(5) |H3||C7||D7||G6||H2||G8||G7||B7||G2||H4||H5||E7|
(4) |G6||H4||H6||C1||H5||B1||G2||B2||H2||A2||A7|
(3) |H4||H5||E7||C7||F8||D7||H6||H7||G8||B7||G2||G7|
[G1][H4][C1][E7][E8][F6][D7][H3]{H4}{H5}{H2}{G8}{G2}{B7}{F6}{G5}{D7}{E7}{C7}{H3}
Ply 30, lastPly 29
4|6|(6) |H4||H5||H2||G8||G2||B7||G5||D7||E7||C7||H3||F6|
(5) |C1||H3||A2||A7||B2||F6||G5||H5|
(4) |H3||E7||C7||F6||H2||D7||B2||G8||B7||B1||G2|
(3) |G6||H5||F6||G5||G2||H2||A2||A7|
8
(8) |H4||H5||H2||G8||G2||B7||G5||D7||E7||C7||H3||F6|
(7) |C1||H3||A2||A7||B2||F6||G5||H5|
(6) |H3||E7||C7||F6||H2||D7||B2||G8||B7||B1||G2|
(5) |F6||G5||G2||H2||A2||A7||G6||H5|
(4) |G5||E7||C7||B2||D7||G6||G8||B7||G2||B1|
(3) |G6||H5||H6||A2||H2||A7|
[G5][F6][H4][H3][H2][H5][H6][G6]{F6}{C1}{G6}{H5}{B2}{A2}{A7}
Ply 31, lastPly 30
4|6|(6) |F6||G6||H5||C1||A2||A7||B2|
(5) |H3||H2||G8||G2||B7||G7||H4||H5||E7||G6||C7||D7|
(4) |G6||H4||H6||C1||H5||B1||G2||B2||H2||A2||A7|
(3) |H4||H5||E7||C7||F8||D7||H6||H7||G8||B7||G2||G7|
8
(8) |F6||G6||H5||C1||A2||A7||B2|
(7) |H4||H5||E7||G6||C7||D7||H3||H2||G8||G2||B7||G7|
(6) |H3||B1||A2||A7||B2||H5||C1||G6|
(5) |H2||G8||G2||B7||G7||D7||E7||G6||C7||H5||F8|
(4) |H5||B1||G6||C1||B2||A2||A7||G2|
(3) |H6||C7||E7||D7||F8||G6||G8||G2||G7||B7|
[F6][H4][H3][H2][H5][H6][C1][C7]{H4}{H5}{E7}{G6}{C7}{D7}{H3}{H2}{G8}{G2}{B7}{G7}
Ply 32, lastPly 31
4|6|(6) |H3||H2||G8||G2||B7||G7||H4||H5||D7||E7||G6||C7|
(5) |H6||B1||A2||H2||A7||B2||G2||G6||H4||H5||C1|
(4) |H4||E7||H5||C7||F8||D7||G6||G8||B7||G7||G2|
(3) |H5||C1||B1||A2||H2||G2||A7||B2|
8
(8) |H4||H5||D7||E7||G6||C7||H3||H2||G8||G2||B7||G7|
(7) |H3||B1||A2||A7||B2||H5||C1||G6|
(6) |H2||G8||G2||B7||G7||E7||G6||C7||H5||F8||D7|
(5) |H5||C1||B1||A2||A7||B2||G2||G6|
(4) |H6||G2||C7||E7||D7||F8||G6||G7||G8||B7|
(3) |G6||C1||B1||B2||A2||A7||G2|
[H4][H3][H2][H5][H6][C1][E7][E8]{H3}{B1}{A2}{A7}{B2}{H5}{C1}{G6}
Ply 33, lastPly 32
4|6|(6) |H3||B1||A2||A7||B2||H5||C1||G6|
(5) |H2||G8||G2||B7||G7||E7||G6||C7||H5||F8||D7|
(4) |H5||B1||G6||C1||B2||A2||A7||G2|
(3) |H6||C7||E7||D7||F8||G6||G8||G2||G7||B7|
8
(8) |H3||B1||A2||A7||B2||H5||C1||G6|
(7) |H2||G8||G2||B7||G7||E7||G6||C7||H5||F8||D7|
(6) |H5||B1||G6||C1||B2||A2||A7||G2|
(5) |H6||C7||E7||D7||F8||G6||G8||G2||G7||B7|
(4) |C1||G6||B2||B1||A2||A7||G2|
(3) |C7||E7||D7||B2||F8||G6||G7||G8||B7||B1||G2|
[H3][H2][H5][H6][G6][H7][C1][E7]{H2}{G8}{G2}{B7}{G7}{E7}{G6}{C7}{H5}{F8}{D7}
Ply 34, lastPly 33
4|6|(6) |H2||G8||G2||B7||G7||E7||G6||C7||H5||F8||D7|
(5) |H5||C1||B1||A2||A7||B2||G2||G6|
(4) |H6||G2||C7||E7||D7||F8||G6||G7||G8||B7|
(3) |G6||C1||B1||B2||A2||A7||G2|
8
(8) |H2||G8||G2||B7||G7||E7||G6||C7||H5||F8||D7|
(7) |H5||C1||B1||A2||A7||B2||G2||G6|
(6) |H6||G2||C7||E7||D7||F8||G6||G7||G8||B7|
(5) |C1||B1||B2||A2||A7||G2||G6|
(4) |E7||C7||B2||G6||F8||G8||D7||G7||B7||G2||B1|
(3) |E8||G6||D7||G7||A2||A7||G2|
[H2][H5][H6][G6][E7][E8][H7][C7]{H5}{C1}{B1}{A2}{A7}{B2}{G2}{G6}
Ply 35, lastPly 34
4|6|(6) |H5||C1||B1||A2||A7||B2||G2||G6|
(5) |H6||F8||G8||G2||B7||G7||C7||E7||G6||D7|
(4) |C1||G6||B2||B1||A2||A7||G2|
(3) |C7||E7||D7||B2||F8||G6||G7||G8||B7||B1||G2|
8
(8) |H5||C1||B1||A2||A7||B2||G2||G6|
(7) |H6||F8||G8||G2||B7||G7||C7||E7||G6||D7|
(6) |G6||B2||B1||A2||A7||G2||C1|
(5) |H7||G8||G2||B7||G7||E7||C7||E8||F8||D7|
(4) |C1||B2||G7||G2||A2||A7|
(3) |E7||C7||E8||F8||D7||B2||G8||B7||G7||B1||G2|
[H5][H6][C1][E7][E8][G6][D7][F8]{H6}{F8}{G8}{G2}{B7}{G7}{C7}{E7}{G6}{D7}
Ply 36, lastPly 35
4|6|(6) |H6||F8||G8||G2||B7||G7||D7||E7||G6||C7|
(5) |C1||B1||A2||A7||B2||G2||G6|
(4) |E7||C7||B2||G6||F8||G8||D7||G7||B7||G2||B1|
(3) |E8||G6||D7||G7||A2||A7||G2|
8
(8) |H6||F8||G8||G2||B7||G7||D7||E7||G6||C7|
(7) |G6||C1||B1||A2||A7||B2||G2|
(6) |E7||C7||E8||F8||H7||G8||G2||B7||G7||D7|
(5) |E8||C1||B1||A2||A7||B2||G2||D7|
(4) |H7||F8||D8||C7||G8||D7||G7||G2|
(3) |C7||D7||C1||B2||A2||G7||G2||A7|
[H6][G6][H7][C1][D7][E7][C7][D8]{G6}{C1}{B1}{A2}{A7}{B2}{G2}
Ply 37, lastPly 36
4|6|(6) |G6||C1||B1||A2||A7||B2||G2|
(5) |H7||G8||G2||B7||G7||E7||C7||E8||F8||D7|
(4) |C1||B2||G7||G2||A2||A7|
(3) |E7||C7||E8||F8||D7||B2||G8||B7||G7||B1||G2|
8
(8) |C1||B1||A2||A7||B2||G2||G6|
(7) |E7||G6||C7||F8||B1||G8||B2||G2||B7||G7||D7|
(6) |E8||A2||A7||G2||G7||G6||D7|
(5) |G6||C7||D8||F8||B1||G8||B2||G2||D7|
(4) |D7||C7||G7||A2||G2||A7||H7|
(3) |F8||C8||C7||D8||B2||G8||B7||B1||G2|
[C1][E7][E8][G6][D7][C7][C8][F8]{E7}{G6}{C7}{F8}{B1}{G8}{B2}{G2}{B7}{G7}{D7}
Ply 38, lastPly 37
4|6|(6) |E7||G6||C7||F8||B1||G8||B2||G2||B7||G7||D7|
(5) |E8||A2||A7||G2||G7||G6||D7|
(4) |G6||D8||C7||F8||D7||B2||G8||G2||B1|
(3) |C7||D7||G7||A2||H7||A7||G2|
8
(8) |E7||G6||C7||F8||B1||G8||B2||G2||B7||G7||D7|
(7) |G6||D7||G7||E8||A2||A7||G2|
(6) |C7||E8||F8||B1||H7||G8||B2||G2||B7||G7||D7|
(5) |E8||C8||A2||A7||G2||B7||D7||D8|
(4) |D7||H7||F8||D8||B2||G8||G7||G2||B1|
(3) |D8||C8||B7||A7||A2||G2|
[E7][G7][G6][C7][D7][D8][H8][F8]{G7}{E8}{A2}{A7}{G2}{G6}{D7}
Ply 39, lastPly 38
4|6|(6) |E8||A2||A7||G2||G7||G6||D7|
(5) |G6||C7||D8||F8||B1||G8||B2||G2||D7|
(4) |D7||C7||G7||A2||G2||A7||H7|
(3) |F8||C8||C7||D8||B2||G8||B7||B1||G2|
8
(8) |E8||A2||A7||G2||G7||G6||D7|
(7) |G6||C7||D8||F8||B1||G8||B2||G2||D7|
(6) |D7||C7||G7||A2||G2||A7||H7|
(5) |C7||D8||B2||G8||B7||B1||G2||C8||F8|
(4) |C8||G7||B7||G2||A2||A7||H7|
(3) |F8||D8||B7||B2||G8||B8||G2||B1|
[G7][G6][C7][D7][D8][H8][E8][G8]{G6}{G8}{D7}{C7}{B2}{B7}{G2}{B1}{H7}{F8}
Ply 40, lastPly 39
4|6|(6) |G6||C7||F8||B1||H7||G8||B2||G2||B7||D7|
(5) |E8||A2||A7||H7||G2||C7||D7|
(4) |H8||D7||C7||D8||B2||B7||G2||F8||G8||B1|
(3) |C7||H7||D7||A2||A7||G8||G2|
8
(8) |G6||C7||F8||B1||H7||G8||B2||G2||B7||D7|
(7) |C7||D7||E8||A2||A7||H7||G2|
(6) |D7||D8||E8||C8||F8||B1||H7||B8||G8||B2||G2||B7||H8|
(5) |D8||E8||C8||A2||A7||H7||G2||B7|
(4) |H8||C8||B2||E8||B7||B8||G2||F8||B1||H7||G8|
(3) |F8||E8||B7||H7||A7||A2||G8||G2|
[G6][E8][D8][D7][C7][C8][H8][H7]{E8}{A2}{A7}{H7}{G2}{D7}{C7}
Ply 41, lastPly 40
4|6|(6) |C7||E8||A2||A7||H7||G2||D7|
(5) |D7||D8||E8||C8||F8||B1||H7||B8||G8||B2||G2||B7||H8|
(4) |E8||B7||D8||C8||H7||A7||A2||G2|
(3) |C8||H8||D8||B8||B2||B7||G2||B1||F8||H7||G8|
8
(8) |C7||E8||A2||A7||H7||G2||D7|
(7) |D7||D8||E8||C8||F8||B1||H7||B8||G8||B2||G2||B7||H8|
(6) |D8||C8||H7||A7||A2||G2||E8||B7|
(5) |H8||E8||C8||F8||B1||H7||B8||G8||B2||G2||B7|
(4) |E8||B7||F8||H7||G8||A7||A2||G2|
(3) |G8||F8||C8||B2||B8||G2||B7||B1|
[C7][E8][G8][C8][F8][D7][D8][H8]{E8}{C8}{F8}{B1}{H7}{B8}{G8}{B2}{G2}{B7}{H8}{D7}{D8}
Ply 42, lastPly 41
4|6|(6) |D7||D8||E8||C8||F8||B1||H7||B8||G8||B2||G2||B7||H8|
(5) |D8||E8||C8||A2||A7||H7||G2||B7|
(4) |H8||C8||B2||E8||B7||B8||G2||F8||B1||H7||G8|
(3) |F8||E8||B7||H7||A7||A2||G8||G2|
8
(8) |E8||C8||F8||B1||H7||B8||G8||B2||G2||B7||H8||D7||D8|
(7) |F8||A2||A7||H7||G8||G2||D7|
(6) |D8||C8||B1||B8||G8||B2||G2||B7||D7|
(5) |H7||B8||G2||D7||C8||A2||A7|
(4) |H8||B2||B1||D7||B7||G2||G8|
(3) |G8||C8||D7||B8||G2||A2||A7|
[E8][G8][D7][B7][D8][B8][B2][A1]{G8}{G2}{D7}{F8}{A2}{A7}{H7}
Ply 43, lastPly 42
4|6|(6) |D7||F8||A2||A7||H7||G8||G2|
(5) |D8||C8||F8||B1||B8||G8||B2||G2||B7||H8|
(4) |C8||B8||B7||A7||H7||A2||G2|
(3) |H8||B8||B2||B7||F8||G8||G2||H7||B1|
8
(8) |G8||G2||F8||A2||A7||H7||D7|
(7) |C8||F8||B1||H7||B8||B2||G2||B7||D7||D8||H8|
(6) |F8||A2||A7||H7||B8||G2||B7||D7|
(5) |D7||D8||B1||B2||G2||H8|
(4) |D8||B7||B8||A7||H7||G2||A2|
(3) |H8||B2||G2||B1||H7|
[G8][D8][F8][D7][B7][B8][A8][C8]{D8}{H8}{C8}{F8}{B1}{H7}{B8}{B2}{G2}{B7}{D7}
Ply 8, lastPly 0
4|6|(6) |G5||E7||C3|
(5) |G3||B6||G6||H4||G4||F2||B4||F3||C6||E2|
(4) |F3||D3||D7||C3||F7||B3||E7|
(3) |G4||E2||C6||B4||B5||B6||D3||F2||H4||H5|
8
(8) |G5||E7||C3|
(7) |G6||H4||G4||F2||B4||F3||C6||E2||G3||B6|
(6) |D3||C3||F3||B4||D7||E7||B3||C7||F7||G7|
(5) |C6||D2||E2||B4||G4||B5||C2||G3||H4||H5||C3||F3|
(4) |F7||D7||B4||C7||B6||E7||B5||H7||G7|
(3) |G3||F2||C2||D2||H5||G4||E8||E2||G8|
[G5][G6][D3][C3][F3][C6][C7][E7]{G6}{H4}{G4}{F2}{B4}{F3}{C6}{E2}{G3}{B6}
Ply 8, lastPly 8
4|6|(6) |G5||E7||C3|
(5) |G3||B6||G6||H4||G4||F2||B4||F3||C6||E2|
(4) |F3||D3||D7||C3||F7||B3||E7|
(3) |G4||E2||C6||B4||B5||B6||D3||F2||H4||H5|
8
(8) |G5||E7||C3|
(7) |G6||H4||G4||F2||B4||F3||C6||E2||G3||B6|
(6) |D3||C3||F3||B4||D7||E7||B3||C7||F7||G7|
(5) |C6||D2||E2||B4||G4||B5||C2||G3||H4||H5||C3||F3|
(4) |F7||D7||B4||C7||B6||E7||B5||H7||G7|
(3) |G3||F2||C2||D2||H5||G4||E8||E2||G8|
[G5][G6][D3][C3][F3][C6][C7][E7]{G6}{H4}{G4}{F2}{B4}{F3}{C6}{E2}{G3}{B6}
