[darwersi-gtp] data path: /home/oliv/coach/engines/f22dc4f8618f27c5/../Lib:/home/oliv/coach/engines/f22dc4f8618f27c5/../Database:/home/oliv/coach/engines/f22dc4f8618f27c5/../DataSrc:.
Ply 5, lastPly 0
4|6|(6) |F4||F3||B5||G5||B3||G6|
(5) |E6||F3||C6||F6||C2||D2||E2||G4||D7||C5||E3|
(4) |B5||F6||B4||G6||B3|
(3) |C5||B4||E3||D2||D7||C6||F3||G4||B3||C2||C7||G3|
8
(8) |F4||F3||B5||G5||B3||G6|
(7) |C5||E3||E6||F3||C6||F6||C2||D2||E2||G4||D7|
(6) |B4||B5||B3||G6||F6|
(5) |B3||G3||C7||D2||B5||D7||A5||E3||F3||C6||C2|
(4) |B5||E6||C6||D2||F6||C2||G6||G5||A3||B2|
(3) |C6||E3||D2||C2||D7||F3||G3||B6||C7||A5|
[F4][E6][G6][C6][C5][B6][E7][F3]{E6}{F3}{C6}{F6}{C2}{D2}{E2}{G4}{D7}{C5}{E3}
Ply 5, lastPly 5
4|6|(6) |F4||F3||B5||G5||B3||G6|
(5) |E6||F3||C6||F6||C2||D2||E2||G4||D7||C5||E3|
(4) |B5||F6||B4||G6||B3|
(3) |C5||B4||E3||D2||D7||C6||F3||G4||B3||C2||C7||G3|
8
(8) |F4||F3||B5||G5||B3||G6|
(7) |C5||E3||E6||F3||C6||F6||C2||D2||E2||G4||D7|
(6) |B4||B5||B3||G6||F6|
(5) |B3||G3||C7||D2||B5||D7||A5||E3||F3||C6||C2|
(4) |B5||E6||C6||D2||F6||C2||G6||G5||A3||B2|
(3) |C6||E3||D2||C2||D7||F3||G3||B6||C7||A5|
[F4][E6][G6][C6][C5][B6][E7][F3]{E6}{F3}{C6}{F6}{C2}{D2}{E2}{G4}{D7}{C5}{E3}
Ply 6, lastPly 5
4|6|(6) |C5||E6||F3||C6||F6||C2||D2||E2||G4||D7||E3|
(5) |B4||B5||B3||G6||F6|
(4) |E3||B5||C6||D7||D2||F3||B3||C7||G3||C2||A5|
(3) |E6||E2||F6||F2||G5||C2||D2||B2|
8
(8) |C5||E6||F3||C6||F6||C2||D2||E2||G4||D7||E3|
(7) |B4||B5||B3||G6||F6|
(6) |E3||B5||C6||D7||D2||F3||B3||C7||G3||C2||A5|
(5) |E6||E2||F6||F2||G5||C2||D2||B2|
(4) |F3||G5||B5||C6||G4||G3||E7||D7||B6||C7||A4||A5|
(3) |F6||F2||G3||C2||E2||G5||D2||G4||B2||G2|
[E6][G6][F3][C5][E3][F6][G4][G3]{G6}{B3}{F6}{B4}{B5}
Ply 7, lastPly 6
4|6|(6) |F6||B4||B5||B3||G6|
(5) |E7||G7||E3||C2||G3||G6||C7||F7||D2||E2||G4||G5||D7|
(4) |C5||D7||B5||B4||B3||F8||D8||B2|
(3) |D7||E3||D2||E2||G4||G5||B4||C6||C2||B6||G6||G7|
8
(8) |G6||F6||B4||B5||B3|
(7) |C6||G3||C7||D2||E2||G4||G5||D7||F3||E3|
(6) |C5||B4||B5||D7||E7||B3||C7||B7|
(5) |B6||B4||G4||G3||E3||F3||F6||D2||E2|
(4) |E7||F7||B4||D7||B5||C7||B3||B7||B2|
(3) |F3||F6||F7||G5||E3||D2||G3||E2||G4||F8|
[B3][C2][E3][D2][C5][B4][B5][E2]{C2}{G3}{C7}{E2}{D2}{C6}{F3}{G4}{D7}{A2}{B2}
Ply 8, lastPly 7
4|6|(6) |E2||G4||D7||A2||B2||C2||G3||C7||D2||C6||F3|
(5) |C5||F6||D2||B4||F7||E3|
(4) |B4||F3||G4||D7||B6||C6||B5||G3||C7||A3||A2||B2|
(3) |E3||D2||G5||B5||F7||A3||F6||A4||A5|
8
(8) |C2||G3||C7||D2||C6||F3||E2||G4||D7||A2||B2|
(7) |E3||F6||D2||B4||F7||D1|
(6) |D2||E2||G4||D7||F2||G3||C7||A4||A2||B2||F3||C6|
(5) |C5||F6||B4||E7||C1||F7||D1||E1|
(4) |B4||E2||B5||D7||A4||C7||G5||F3||G4||C6||G3||A3||A2||B2|
(3) |B5||G5||E7||A3||F7||A4||F6||C1||D1|
[C2][E3][D2][B4][E2][F3][C6][F6]{E3}{F6}{D2}{B4}{F7}{D1}
Ply 9, lastPly 8
4|6|(6) |E3||F6||D2||B4||F7||D1|
(5) |D2||E2||G4||D7||F2||G3||C7||A4||A2||B2||C6||F3|
(4) |C5||B4||F6||E7||F7||C1||E1||D1|
(3) |E2||B4||B5||D7||G4||C7||G3||F3||G5||A3||C6||A4||A2||B2|
8
(8) |E3||F6||D2||B4||F7||D1|
(7) |D2||E2||G4||D7||F2||G3||C7||A4||A2||B2||C6||F3|
(6) |C5||B4||F6||E7||F7||C1||E1||D1|
(5) |B4||B5||D7||G4||C7||G3||F3||G5||A3||C6||A4||A2||B2||E2|
(4) |B5||D1||F7||A3||A4||G5||E7||F6||C1|
(3) |E2||B6||F2||A3||D7||C7||A6||G4||G3||A4||A5||C6||F3||G5||A2|
[E3][D2][B4][E2][F3][C6][G6][G3]{D2}{E2}{G4}{D7}{F2}{G3}{C7}{A4}{A2}{B2}{C6}{F3}
Ply 10, lastPly 9
4|6|(6) |D2||E2||G4||D7||F2||G3||C7||A4||A2||B2||F3||C6|
(5) |C5||F6||B4||E7||C1||F7||D1||E1|
(4) |B4||E2||B5||D7||A4||C7||G5||F3||G4||C6||G3||A3||A2||B2|
(3) |B5||G5||E7||A3||F7||A4||F6||C1||D1|
8
(8) |D2||E2||G4||D7||F2||G3||C7||A4||A2||B2||F3||C6|
(7) |B4||E7||C1||F7||D1||E1||C5||F6|
(6) |E2||B5||G5||D7||A3||G3||C7||A4||A5||A2||B2||C5||F3||C6|
(5) |F3||F6||C1||F1||D1||E1||F2||F7|
(4) |C6||F2||G5||C5||G3||D7||G4||B5||C7||A5||A4||A2||G2||B2|
(3) |F6||F1||C7||G6||D7||E1||F7||C1||E7||D1||B1||B7|
[F3][F6][E7][B4][E2][G6][G4][F7]{F6}{G6}{E7}{G5}{F7}{G3}{C1}{D1}{B1}{C5}{B5}
Ply 11, lastPly 10
4|6|(6) |F6||B5||G5||E7||C1||G3||G6||F7||D1||B1||C5|
(5) |E7||A3||C7||F7||A4||A2||D2||E2||D7|
(4) |G6||C1||G3||B4||C5||G4||E8||D8||B5||D1||F8||F7||G5||F2||B1|
(3) |G4||E2||F7||C5||D7||G5||C7||C6||D2||A4||H6||A3||A2||H7||B2||G7|
8
(8) |C5||F6||B5||G5||E7||C1||G3||G6||F7||D1||B1|
(7) |E2||B4||B5||D7||A3||C7||A4||A2||B2||D2||C6|
(6) |G4||G5||D1||F2||G3||G6||F7||B1||F6||C1||F1|
(5) |D2||B5||G5||D7||A4||H5||G3||B6||C7||A2||B2||C6||A3||H3|
(4) |C6||F2||F1||G3||F6||F7||G6||G5||D7||C1||E7||E1||D1||B1||G2|
(3) |G5||G3||B4||B5||D7||H3||H5||H4||A3||A4||B6||C7||A2||B2||B7|
[C5][E2][G4][G5][F2][B4][D2][B5]{E2}{B4}{B5}{D7}{A3}{C7}{A4}{A2}{B2}{D2}{C6}
Ply 12, lastPly 11
4|6|(6) |B4||B5||D7||A3||C7||A4||A2||B2||E2||D2||C6|
(5) |F7||B1||A3||B5||G5||E7||D1||A5||G3||G6||F6||C1|
(4) |C6||F2||D2||E2||B5||A3||B6||C7||A4||E7||D7||B2|
(3) |G6||B5||G5||B6||G4||A3||G3||D1||B1|
8
(8) |E2||D2||C6||B4||B5||D7||A3||C7||A4||A2||B2|
(7) |C1||F1||G4||G5||D1||F2||G3||G6||F7||B1||F6|
(6) |B4||B5||D7||B6||C7||B1||A2||B2||D2||C6||A3|
(5) |F2||G3||G6||F7||A3||B5||G5||A5||F1||F6|
(4) |D2||D7||C7||B5||F1||A3||C6||E7||A2||B2||B1||G2|
(3) |D1||G6||F7||B5||A3||G3||G5||F6|
[E2][F2][B4][D2][C1][A3][D1][E1]{F2}{G3}{G6}{F7}{B1}{F6}{F1}{G4}{G5}{D1}{C1}
Ply 13, lastPly 12
4|6|(6) |G4||G5||D1||F2||G3||G6||F7||B1||C1||F1||F6|
(5) |D2||B5||G5||D7||A4||H5||G3||B6||C7||A2||B2||H3||C6||A3|
(4) |C6||F2||F1||G3||F6||F7||G6||G5||D7||C1||E7||E1||D1||B1||G2|
(3) |G5||G3||B4||B5||D7||H3||H5||H4||A3||A4||B6||C7||A2||B2||B7|
8
(8) |G4||G5||D1||F2||G3||G6||F7||B1||C1||F1||F6|
(7) |G5||D7||A4||H5||G3||B6||C7||A2||B2||H3||C6||A3||D2||B5|
(6) |F2||G3||G6||F7||B1||G2||C6||F6||C1||F1||D7||E7||D1||E1||H5|
(5) |B4||B5||D7||A4||H4||H5||G3||C7||A2||B2||G2||C6||F1||A3||H3||D2|
(4) |D2||E1||E7||C1||G3||A5||D7||F7||H6||F6||H5||A4||F1||G6||B5||D1||A3||B1|
(3) |B5||C1||B6||A4||G3||D7||C7||H5||H3||H4||A3||D1||C6||E1||E7||F1||A2||G1||B2||G2|
[G4][D2][C6][G3][F2][B4][B5][D7]{D2}{B5}{G5}{D7}{A4}{H5}{G3}{B6}{C7}{A2}{B2}{H3}{C6}{A3}
Ply 14, lastPly 13
4|6|(6) |D2||B5||G5||D7||A4||H5||G3||B6||C7||A2||B2||H3||C6||A3|
(5) |C6||F6||C1||F1||G5||D7||E7||D1||E1||F2||G3||G6||F7||B1||G2|
(4) |G5||G3||D7||H5||A4||B4||H3||H4||A3||B5||B6||C7||A2||B2||B7|
(3) |F2||C1||F7||D7||F1||F6||G6||E7||G3||H5||E1||D1||B1||G2|
8
(8) |D2||B5||G5||D7||A4||H5||G3||B6||C7||A2||B2||H3||C6||A3|
(7) |C6||F6||C1||F1||G5||D7||E7||D1||E1||F2||G3||G6||F7||B1||G2|
(6) |G3||D7||H5||A4||B4||H3||H4||A3||B5||B6||C7||A2||B2||B7||G5|
(5) |F2||G6||F7||B1||H2||G2||G5||D7||E7||D1||E1||F6||C1||F1||H3|
(4) |D7||B4||F1||H4||G5||E1||H5||H3||A3||B5||B6||A4||C7||A2||G2||B2||B7|
(3) |G5||F1||G6||F7||E7||H4||H3||F6||E1||C1||D1||E8||C8||B1||G2||B2|
[D2][G3][G5][F2][B4][F1][B5][C6]{G3}{G6}{F7}{B1}{G2}{C6}{F6}{C1}{F1}{G5}{D7}{E7}{D1}{E1}{F2}
Ply 15, lastPly 14
4|6|(6) |C6||F6||C1||F1||G5||D7||E7||D1||E1||F2||G3||G6||F7||B1||G2|
(5) |G3||B6||C7||A2||B2||B7||D7||A4||H4||H5||G5||B4||B5||H3||A3|
(4) |F2||G5||C1||F7||F6||G6||F1||D7||H3||E7||E1||D1||B1||H2||G2|
(3) |D7||B4||G5||F1||B5||H3||E1||H4||H5||B6||A4||A3||C7||A2||B2||G2||B7|
8
(8) |C6||F6||C1||F1||G5||D7||E7||D1||E1||F2||G3||G6||F7||B1||G2|
(7) |G3||B6||C7||A2||B2||B7||D7||A4||H4||H5||G5||B4||B5||H3||A3|
(6) |F2||G5||C1||F7||F6||G6||F1||D7||H3||E7||E1||D1||B1||H2||G2|
(5) |B4||G5||F1||B5||H3||E1||H4||H5||B6||A4||A3||C7||A2||B2||G2||B7||D7|
(4) |B5||A4||E1||F7||G5||H4||A3||D7||E7||F6||C1||H3||D1||H2||G2||B2|
(3) |D7||G5||H3||F1||A3||H4||A6||E1||B6||C7||H5||A5||A4||G1||A2||G2||B7|
[C6][B4][C6][B4][F2][G5][G3][F6]{B4}{F2}{B6}{G5}{C7}{B5}{D7}{H3}{C6}{H4}{H5}{A4}{H2}{A2}{B2}{G2}
Ply 16, lastPly 15
4|6|(6) |G3||B6||C7||A2||B2||B7||G5||D7||A4||H4||H5||B4||B5||H3||A3|
(5) |F2||G6||F7||B1||H2||G2||G5||D7||E7||D1||E1||F6||C1||F1||H3|
(4) |D7||B4||F1||H4||G5||E1||H5||H3||A3||B5||B6||A4||C7||A2||G2||B2||B7|
(3) |G5||F1||G6||F7||E7||H4||H3||F6||E1||C1||D1||E8||C8||B1||G2||B2|
8
(8) |G3||B6||C7||A2||B2||B7||G5||D7||A4||H4||H5||B4||B5||H3||A3|
(7) |F2||G6||F7||B1||H2||G2||G5||D7||E7||D1||E1||F6||C1||F1||H3|
(6) |B4||F1||H4||G5||E1||H5||H3||A3||B5||B6||A4||C7||A2||G2||B2||B7||D7|
(5) |B5||G5||D7||E7||D1||E1||A4||H4||F7||H2||B2||G2||A3||H3||C1||F6|
(4) |D7||G5||A5||A4||F1||E1||C7||B6||A6||A3||H3||H4||H5||A2||G1||G2||B7|
(3) |F1||G5||E7||F7||H4||H3||C1||F6||E1||D1||E8||C8||G2||B2|
[G5][F2][G3][F1][D1][H3][D7][H4]{F2}{C1}{F7}{F6}{E7}{D7}{F1}{G6}{G3}{E1}{H5}{D1}{B1}{G2}
Ply 17, lastPly 16
4|6|(6) |F2||G3||G6||F7||B1||G2||F6||C1||F1||D7||E7||D1||E1||H5|
(5) |G3||B6||C7||A2||B2||G2||B7||B4||B5||D7||A4||H4||H5||H3||F1||A3|
(4) |F1||H3||H6||F7||E7||G6||F6||C1||E1||H4||D1||H5||H2||B1||G2||B2|
(3) |B4||D7||B5||D1||E1||A3||B6||A4||C7||A2||G2||B2||B7|
8
(8) |F2||G3||G6||F7||B1||G2||F6||C1||F1||D7||E7||D1||E1||H5|
(7) |G3||B6||C7||A2||B2||G2||B7||B4||B5||D7||A4||H4||H5||H3||F1||A3|
(6) |H3||H6||F7||E7||G6||F6||C1||E1||H4||D1||H5||H2||B1||G2||B2||F1|
(5) |B4||B5||D7||A4||B6||C7||A2||H2||B2||G2||F1||A3|
(4) |B5||A3||F6||G6||F7||C1||E1||E7||H6||D7||D1||H5||B2|
(3) |D7||F1||A3||A6||A5||B6||C7||A4||G1||H2||A2||G2||B7|
[F7][B4][A4][E7][F6][F8][F2][B5]{B4}{A3}{B6}{G3}{B5}{E7}{D7}{A4}{H5}{H4}{H3}{C7}{B2}{B7}
Ply 18, lastPly 17
4|6|(6) |B4||B5||D7||E7||A4||H4||H5||G3||B6||C7||B2||B7||A3||H3|
(5) |F2||G3||G6||B1||G2||A4||H5||A3||B5||D1||E1||C1|
(4) |B5||D7||G3||E7||A3||H3||H4||H5||F1||C7||A4||A2||G8||G2||B2||B7|
(3) |G3||F6||A3||G6||E1||B6||H6||C1||A4||D1||B1||G2||B2|
8
(8) |B4||B5||D7||E7||A4||H4||H5||G3||B6||C7||B2||B7||A3||H3|
(7) |F2||G3||G6||B1||G2||A4||H5||A3||B5||D1||E1||C1|
(6) |B5||D7||G3||E7||A3||H3||H4||H5||F1||C7||A4||A2||G8||G2||B2||B7|
(5) |A3||G6||E1||B6||H6||C1||A4||D1||B1||G2||B2||G3||F6|
(4) |E7||A5||G3||C7||H4||H5||F1||D7||H3||A4||G8||B2||B7||G2||A2|
(3) |F6||A4||G3||B6||D7||G6||F8||H6||E1||E8||A5||C1||H5||D1||B1||G2||B2|
[A3][G3][F6][F2][E7][F8][D7][E8]{G3}{G6}{F1}{E1}{C1}{H5}{D1}{B1}{A2}{G2}{F2}
Ply 19, lastPly 18
4|6|(6) |G3||G6||B1||A2||G2||F2||F1||D1||E1||H5||C1|
(5) |F6||H3||B4||B5||D7||E7||H4||H5||B6||C7||G8||G2||B7|
(4) |F2||G6||F1||C1||H6||H5||E1||D1||B1||G2||A2|
(3) |B5||E7||D7||F1||H5||H3||F8||B6||C7||H2||G8||G2|
8
(8) |G6||B1||A2||G2||F2||F1||D1||E1||H5||C1||G3|
(7) |F6||H6||B4||B5||D7||E7||H4||H5||B6||C7||H7||G8||B7|
(6) |G3||B1||A2||G2||C1||F1||E7||D1||E1||F2|
(5) |B4||B5||D7||E7||H4||H5||B6||C7||H7||G8||B7||H6||F8||H3|
(4) |E7||F2||E1||A4||D1||C1||B1||B2||G7||G2||A2|
(3) |B5||H4||B6||D7||H6||H3||E8||H5||C7||F8||H7||G8||G7||B7|
[F2][B4][F6][G6][E1][B5][B6][H3]{B4}{E7}{G3}{H5}{F1}{D7}{B5}{H3}{H4}{C7}{G8}{B7}{G2}
Ply 20, lastPly 19
4|6|(6) |B4||B5||D7||E7||H4||H5||G3||C7||G8||G2||B7||F1||H3|
(5) |G6||A2||B2||G2||E1||A4||H5||G3||H6||D1||C1||F6|
(4) |B5||B6||D7||F1||H6||E7||H3||H4||C7||H5||G1||H7||G8||G2||B7|
(3) |B6||G3||F6||E1||D1||C1||A5||A4||A2||B1||B2||G2|
8
(8) |B4||B5||D7||E7||H4||H5||G3||C7||G8||G2||B7||F1||H3|
(7) |H6||D1||C1||F6||G3||E1||A4||H5||G6||A2||B2||G2|
(6) |G3||B6||C7||G1||G8||G2||B7||H3||B5||D7||E7||H4||H5||F1|
(5) |F6||C1||H3||D1||E1||A4||H4||A2||H2||B2||G2|
(4) |G6||H4||B5||E1||B6||D7||E7||H5||C7||G1||G8||G7||G2||B7|
(3) |H5||E1||D1||A4||H3||C1||H4||A2||H2||B2|
[B4][F6][H4][G3][H3][D1][C1][E1]{F6}{G3}{E1}{A4}{H5}{G6}{A2}{B2}{G2}{H6}{D1}{C1}
Ply 21, lastPly 20
4|6|(6) |G6||A2||B2||G2||H6||D1||E1||A4||H5||G3||F6||C1|
(5) |F1||H3||H6||B5||D7||E7||H4||H5||B6||C7||G1||H7||G8||G2||B7|
(4) |G3||A4||E1||D1||C1||B1||G2||G1||A2|
(3) |F6||B5||H6||B6||D7||E7||H4||C7||H3||H5||H7||G8||G2||B7|
8
(8) |F6||C1||G3||G6||A2||B2||G2||H6||D1||E1||A4||H5|
(7) |G6||C7||G1||G8||G2||B7||G7||H4||H5||G3||B6||B5||D7||E7|
(6) |E1||A4||H4||H5||A2||B2||G7||C1||H6||D1|
(5) |B5||D7||E7||F1||H3||F8||H4||E8||G3||B6||C7||G1||G8||G2||B7||G7|
(4) |B6||A6||H4||A5||C1||D1||H5||H6||A4||B2||G7||A2|
(3) |H3||F1||H4||E7||C7||G3||F8||D7||E8||A6||G8||G7||G2||B7|
[F6][H4][G3][H3][H6][F1][E1][D1]{H4}{H5}{G3}{B6}{B5}{D7}{E7}{G6}{C7}{G1}{G8}{G2}{B7}{G7}
Ply 22, lastPly 21
4|6|(6) |G6||C7||G1||G8||G2||B7||G7||B5||D7||E7||H4||H5||G3||B6|
(5) |E1||A4||H4||H5||A2||B2||G7||D1||C1||H6|
(4) |B5||H3||H4||G3||D7||E7||F1||C7||F8||E8||B6||G1||G8||G7||B7||G2|
(3) |D1||B6||H4||H5||A6||H6||A5||A4||C1||A2||B2||G7|
8
(8) |H4||H5||G3||B6||G6||C7||G1||G8||G2||B7||G7||B5||D7||E7|
(7) |G3||B1||A2||B2||E1||H5||H3||H6||D1||C1|
(6) |H3||E1||B6||G6||C7||G1||G8||G2||B7||G7||B5||D7||E7|
(5) |D1||E1||A4||H5||B1||A2||H2||B2||G2||H6||C1|
(4) |C1||G6||B6||F1||B5||D7||E1||C7||E7||F8||G1||G8||G2||B7||G7|
(3) |E1||B5||H6||F1||B1||H5||A4||A2||H2||G2||B2|
[H4][H3][H5][D1][C1][E1][G6][B5]{H3}{H6}{D1}{C1}{G3}{B1}{A2}{B2}{E1}{H5}
Ply 23, lastPly 22
4|6|(6) |E1||H5||G3||B1||A2||B2||H3||H6||D1||C1|
(5) |D1||G3||B6||G6||C7||G1||G8||G2||B7||G7||B5||D7||E7||F1||F8|
(4) |G3||H5||C1||H6||H3||A5||B1||G2||B2||A2|
(3) |G6||F1||H3||B5||D7||B6||E7||C7||G1||G8||G7||B7||G2|
8
(8) |G3||B1||A2||B2||H3||H6||D1||C1||E1||H5|
(7) |H3||E1||B6||G6||C7||G1||G8||G2||B7||G7||B5||D7||E7|
(6) |H6||D1||E1||A4||H5||B1||A2||H2||B2||G2||C1|
(5) |F1||F8||E1||B6||G6||C7||G1||G8||G2||B7||G7||D7||E7|
(4) |E1||D1||A4||C1||B1||G2||B2||H2||G1||A2|
(3) |D1||G6||B6||D7||E7||F8||C7||G8||G7||B7|
[G3][G6][D1][H3][C1][F8][A5][A4]{G6}{C7}{G1}{G8}{G2}{B7}{G7}{B5}{D7}{E7}{H3}{E1}{B6}
Ply 24, lastPly 23
4|6|(6) |H3||E1||B6||G6||C7||G1||G8||G2||B7||G7||B5||D7||E7|
(5) |D1||E1||A4||H5||B1||A2||H2||B2||G2||H6||C1|
(4) |C1||G6||B6||F1||B5||E1||C7||E7||D7||F8||G1||G8||G2||B7||G7|
(3) |E1||B5||H6||F1||B1||H5||A4||A2||H2||G2||B2|
8
(8) |G6||C7||G1||G8||G2||B7||G7||B5||D7||E7||H3||E1||B6|
(7) |H3||H6||D1||E1||A4||H5||A2||B2||G7||C1|
(6) |H5||E8||B6||C7||G1||H2||G8||G2||B7||G7||B5||D7||E7||E1|
(5) |D1||E1||A4||B1||A2||H7||B2||G2||G7||H6||C1|
(4) |C1||H2||F1||B5||D7||E1||C7||E7||E8||F8||B6||G2||G8||G7||B7|
(3) |E1||B5||F1||B1||H6||H7||A4||G2||B2||A2||G7|
[G6][D1][F1][E1][C1][H3][H5][B5]{D1}{E1}{A4}{H5}{A2}{B2}{G7}{C1}{H3}{H6}
Ply 25, lastPly 24
4|6|(6) |H3||H6||D1||E1||A4||H5||A2||B2||G7||C1|
(5) |H5||E8||B6||C7||G1||H2||G8||G2||B7||G7||E1||D7||E7||B5|
(4) |H6||E1||D1||A4||H7||C1||B1||G2||B2||A2||G7|
(3) |F1||B6||D7||F8||C7||E7||G1||G8||H7||G7||G2||B7|
8
(8) |D1||E1||A4||H5||A2||B2||G7||C1||H3||H6|
(7) |H3||F8||E1||E8||B6||C7||G8||G2||B7||G7||F1||C1||B5||D7||E7|
(6) |C1||H6||A4||A5||H5||A2||H2||B2||G2||B5|
(5) |F8||E1||E8||B1||G1||G8||B7||B5||D7||E7||B6||C7||F1|
(4) |A5||H5||A4||H6||H7||G7||G2||A2||G8||H2|
(3) |A4||C7||B5||F1||D7||E7||E1||B6||B2||G1||B1||B7|
[D1][F1][E1][C1][B5][H3][A4][G1]{F1}{C1}{B5}{D7}{E7}{H3}{F8}{E1}{E8}{B6}{C7}{G8}{G2}{B7}{G7}
Ply 26, lastPly 25
4|6|(6) |B5||D7||E7||C1||F1||H3||F8||E1||E8||B6||C7||G8||G2||B7||G7|
(5) |H3||A6||H6||A4||A5||H5||B6||B1||A2||H7||B2||G7||C1|
(4) |C1||F1||E7||B6||H2||D7||C7||E8||E1||G1||G8||G2||G7||B7|
(3) |B6||H6||A6||B1||A5||H5||A4||H7||B2||A2||G7|
8
(8) |F1||H3||F8||E1||E8||B6||C7||G8||G2||B7||G7||C1||D7||E7||B5|
(7) |E1||A4||A5||H5||G1||A2||B2||G2||G7||H3||H6||C1|
(6) |C1||H3||F8||E8||H2||G8||G2||B7||G7||B5||D7||E7||B6||C7|
(5) |H3||H6||A2||B2||G2||G7||B5||A4||H5|
(4) |H5||B5||G1||H2||D7||E7||E8||F8||C7||B6||G8||G7||G2||B7|
(3) |B5||A4||H6||H7||B2||G2||A2||B1||G7|
[F1][E1][C1][H6][H3][B5][G1][H5]{E1}{A4}{A5}{H5}{G1}{A2}{B2}{G2}{G7}{H3}{H6}{C1}
Ply 27, lastPly 26
4|6|(6) |E1||A4||A5||H5||G1||A2||B2||G2||G7||H3||H6||C1|
(5) |C1||H3||F8||E8||H2||G8||G2||B7||G7||B5||D7||E7||B6||C7|
(4) |B5||H3||H6||A4||H5||G2||B2||G7||A2|
(3) |H3||D7||G1||A6||E7||F8||A5||E8||C7||H2||B6||G8||G7||G2||B7|
8
(8) |E1||A4||A5||H5||G1||A2||B2||G2||G7||H3||H6||C1|
(7) |C1||H3||F8||E8||H2||G8||G2||B7||G7||B5||D7||E7||B6||C7|
(6) |B5||H3||H6||A4||H5||G2||B2||G7||A2|
(5) |H3||D7||G1||A6||E7||F8||A5||E8||C7||H2||B6||G8||G7||G2||B7|
(4) |A4||H6||H5||G2||H7||B2||A2||B1||H2|
(3) |G1||A6||D7||E7||A5||E8||C7||F8||B6||G8||G2||G7||B7|
[E1][C1][B5][H3][H6][G1][H5][H7]{C1}{H3}{F8}{E8}{H2}{G8}{G2}{B7}{G7}{B5}{D7}{E7}{B6}{C7}
Ply 28, lastPly 27
4|6|(6) |C1||H3||F8||E8||H2||G8||G2||B7||G7||B5||D7||E7||B6||C7|
(5) |H3||H6||A2||B2||G2||G7||B5||A4||H5|
(4) |H5||B5||G1||H2||D7||E7||E8||F8||C7||B6||G8||G7||G2||B7|
(3) |B5||A4||H6||H7||B2||G2||A2||B1||G7|
8
(8) |C1||H3||F8||E8||H2||G8||G2||B7||G7||B5||D7||E7||B6||C7|
(7) |H6||A2||B2||G2||G7||B5||A4||H5||H3|
(6) |H3||F8||G1||H2||H7||G8||G2||B7||G7||B5||D7||E7||B6||C7|
(5) |B5||A4||H5||B1||A2||H2||B2||G2|
(4) |G1||F8||B6||D7||C7||A6||A5||E7||G8||G7||H7||B7||G2|
(3) |H5||A4||B2||A2||H2||B1||G2|
[C1][B5][A6][H6][B6][H5][H3][H2]{B5}{A4}{H5}{H3}{H6}{A2}{B2}{G2}{G7}
Ply 29, lastPly 28
4|6|(6) |B5||A4||H5||H3||H6||A2||B2||G2||G7|
(5) |H3||A6||F8||A5||E8||G1||H2||G8||G2||B7||G7||D7||E7||B6||C7|
(4) |A4||H6||H5||G2||H7||B2||A2||B1||H2|
(3) |G1||A6||D7||E7||A5||E8||C7||F8||B6||G8||G2||G7||B7|
8
(8) |B5||A4||H5||H3||H6||A2||B2||G2||G7|
(7) |H3||A6||F8||A5||E8||G1||H2||G8||G2||B7||G7||D7||E7||B6||C7|
(6) |H6||H5||G2||H7||B2||A2||B1||H2||A4|
(5) |G1||H7||G8||G2||B7||G7||A6||F8||B6||C7||A5||D7||E7|
(4) |H5||A4||A2||B2||G2||B1||H2|
(3) |H7||D7||B6||A6||C7||E7||F8||G8||G2||G7||B7|
[H6][H3][H5][B6][B5][A6][H2][G1]{H3}{B5}{G1}{B6}{D7}{E7}{C7}{F8}{G8}{H2}{G7}{B7}{G2}{H7}
Ply 30, lastPly 29
4|6|(6) |H3||F8||G1||H2||H7||G8||G2||B7||G7||B5||D7||E7||B6||C7|
(5) |B5||A4||H5||B1||A2||H2||B2||G2|
(4) |G1||F8||B6||D7||C7||A6||A5||E7||G8||G7||H7||B7||G2|
(3) |H5||A4||B2||A2||H2||B1||G2|
8
(8) |B5||D7||E7||B6||C7||H3||F8||G1||H2||H7||G8||G2||B7||G7|
(7) |H5||H3||A6||B1||A2||B2||G2||B6||A4|
(6) |H3||F8||G1||H2||H7||G8||G2||B7||G7||D7||E7||C7|
(5) |B6||A4||A5||A6||B1||A2||H2||B2||G2|
(4) |G1||H7||E7||F8||C7||D7||A7||G8||G7||G2||B7|
(3) |A6||A5||H2||A4||A2||B2||B1||G2|
[B6][B5][H3][H5][H7][G2][A5][A4]{B5}{H3}{A6}{G2}{B2}{A7}{A2}{B1}{H5}
Ply 31, lastPly 30
4|6|(6) |H5||H3||A6||B1||A2||A7||B2||G2||B5|
(5) |H3||F8||G1||H2||H7||G8||G2||B7||G7||D7||E7||C7|
(4) |B5||H2||A6||A4||B2||G2||A7||A2||B1|
(3) |A6||G1||C7||D7||H7||E7||F8||G8||G2||G7||B7|
8
(8) |H5||H3||A6||B1||A2||A7||B2||G2||B5|
(7) |H7||G8||G2||B7||G7||D7||E7||C7||H3||F8||G1||H2|
(6) |A6||A2||A7||B2||G7||B5||A4|
(5) |H3||F8||G1||H2||A7||G8||G2||B7||G7||D7||E7||C7||E8|
(4) |B5||G2||B2||A2||G7||H2|
(3) |G1||E7||D7||C7||A5||E8||F8||G8||G2||G7||A7||B7|
[H5][H3][A6][D7][E7][C7][B5][A4]{H3}{F8}{G1}{H2}{H7}{G8}{G2}{B7}{G7}{D7}{E7}{C7}
Ply 32, lastPly 31
4|6|(6) |H3||F8||G1||H2||H7||G8||G2||B7||G7||D7||E7||C7|
(5) |B5||A4||A6||B1||A2||H2||A7||B2||G2|
(4) |A6||G1||H7||C7||E7||D7||F8||G8||G7||G2||B7|
(3) |A5||H2||A4||B2||G2||B1||A2||A7|
8
(8) |H7||G8||G2||B7||G7||D7||E7||C7||H3||F8||G1||H2|
(7) |A6||A2||A7||B2||G7||B5||A4|
(6) |G1||H2||A7||G8||G2||B7||G7||D7||E7||C7||E8||H3||F8|
(5) |B5||A4||A2||B2||G2||G7|
(4) |H3||A5||E7||E8||D7||F8||C7||H2||G8||B7||G7||G2||A7|
(3) |A4||B2||G2||A2||B1||H2||G7|
[H3][A6][G1][B5][H7][A4][A5][A2]{A6}{A4}{B2}{A7}{G2}{A2}{B1}{H2}{B5}
Ply 33, lastPly 32
4|6|(6) |B5||A4||A6||B1||A2||H2||A7||B2||G2|
(5) |A6||F8||G1||H7||G8||G2||B7||G7||E7||C7||D7|
(4) |H2||B2||G2||A5||A4||A2||B1||A7|
(3) |G1||E7||C7||D7||F8||G7||G8||B7||H7||G2|
8
(8) |A6||B1||A2||H2||A7||B2||G2||B5||A4|
(7) |D7||E7||C7||F8||G1||A7||H7||G8||G2||B7||G7|
(6) |E7||C7||E8||B1||A2||H2||B2||G2||B5|
(5) |C7||D8||E8||F8||G1||A7||H7||G8||G2||B7||G7||B5|
(4) |B5||C8||H2||D8||B2||B8||G2||B1||A2||B7|
(3) |A4||G1||E8||H7||D8||A5||F8||G8||G2||B7||A7||G7|
[A6][D7][E7][E8][B5][C7][H2][G1]{D7}{E7}{C7}{F8}{G1}{A7}{H7}{G8}{G2}{B7}{G7}
Ply 34, lastPly 33
4|6|(6) |G1||A7||H7||G8||G2||B7||G7||E7||C7||F8||D7|
(5) |H2||B2||G2||B5||A4||B1||A2|
(4) |C7||D7||E7||G7||F8||G8||B7||A7||H7|
(3) |B5||D8||A4||B2||B8||B7||A2||B1||G2|
8
(8) |G1||A7||H7||G8||G2||B7||G7||E7||C7||F8||D7|
(7) |B5||A4||B1||A2||H2||B2||G2|
(6) |H7||G8||B7||G7||E7||C7||F8||A7||D7|
(5) |A4||B1||A2||H2||B2||G2||G7|
(4) |A5||E7||E8||D7||F8||C7||G8||G7||B7||A7|
(3) |A2||B2||G2||B1||G7||H2|
[H7][B5][G1][A4][E7][D7][A5][A2]{B5}{G2}{A4}{B2}{A2}{G7}{H2}
Ply 35, lastPly 34
4|6|(6) |B5||A4||A2||H2||B2||G2||G7|
(5) |A5||E8||F8||G1||A7||G8||G2||B7||G7||E7||C7||D7|
(4) |G2||A4||B2||A2||B1||G7||H2|
(3) |E7||D7||C7||E8||F8||A7||G7||G8||B7||G1||H2|
8
(8) |B5||A4||A2||H2||B2||G2||G7|
(7) |A5||E8||F8||G1||A7||G8||G2||B7||G7||E7||C7||D7|
(6) |A4||B2||A2||B1||G7||H2||G2|
(5) |G1||A7||G8||G2||B7||G7||E7||C7||E8||F8||D7|
(4) |A2||B2||G2||G7||B1||H2|
(3) |D7||E7||C7||E8||F8||B7||G7||G8||A7|
[B5][A5][A4][A7][G2][E8][F8][E7]{A5}{E8}{F8}{G1}{A7}{G8}{G2}{B7}{G7}{E7}{C7}{D7}
Ply 36, lastPly 35
4|6|(6) |G1||A7||G8||G2||B7||G7||E7||C7||A5||E8||F8||D7|
(5) |A4||B1||A2||H2||B2||G2||G7|
(4) |A5||E7||E8||D7||F8||C7||G8||G7||B7||A7|
(3) |A2||B2||G2||B1||G7||H2|
8
(8) |G1||A7||G8||G2||B7||G7||E7||C7||A5||E8||F8||D7|
(7) |A4||B1||A2||H2||B2||G2||G7|
(6) |E7||E8||D7||F8||C7||G8||G7||B7||A7||A5|
(5) |D7||E8||B1||A2||B2||G2||G7|
(4) |A5||C7||E8||F8||C8||D8||G8||B7||A7|
(3) |A2||B2||G2||B1||H2||G7|
[A5][A4][D7][E7][A7][C7][G1][B2]{A4}{A2}{B1}{G7}{B2}{H2}{G2}
Ply 37, lastPly 36
4|6|(6) |A4||B1||A2||H2||B2||G2||G7|
(5) |G1||A7||G8||G2||B7||G7||E7||C7||E8||F8||D7|
(4) |A2||B2||G2||G7||B1||H2|
(3) |D7||E7||C7||E8||F8||B7||G7||G8||A7|
8
(8) |A4||B1||A2||H2||B2||G2||G7|
(7) |A7||G8||G2||B7||G7||E7||C7||E8||F8||D7||G1|
(6) |G2||B7||G7||B1||A2||H2||B2|
(5) |E8||F8||G1||H2||G8||G7||E7||C7||D7|
(4) |F8||B2||G8||B1||A2||B7||G7|
(3) |E7||G8||C7||G7||D7||G1||H2|
[A4][E7][A2][C7][D8][G1][D7][B7]{E7}{C7}{E8}{F8}{D7}{G1}{A7}{G8}{G2}{B7}{G7}
Ply 38, lastPly 37
4|6|(6) |A7||G8||G2||B7||G7||E7||C7||E8||F8||G1||D7|
(5) |G2||B7||G7||B1||A2||H2||B2|
(4) |E7||C7||E8||F8||D7||G8||G7||G1||H2|
(3) |C7||E8||D7||F8||B2||B1||A2||B7||G7|
8
(8) |D7||E7||C7||E8||F8||G1||A7||G8||G2||B7||G7|
(7) |E7||D8||E8||C8||B1||A2||B2||G2||G7|
(6) |A7||G8||G2||B7||G7||C7||D8||E8||F8||G1|
(5) |C7||D8||E8||C8||B1||A2||H2||B2||G2||B7||G7|
(4) |G1||G7||F8||C8||D8||E8||B7||G8||B8||G2|
(3) |B2||G2||B1||A2||B7||G7||H2|
[G1][A2][F8][E7][G7][G2][D8][E8]{A2}{G2}{B2}{G7}{B1}{H2}
Ply 39, lastPly 38
4|6|(6) |A2||H2||B2||G2||G7||B1|
(5) |E8||F8||A7||G8||B7||G7||E7||C7||D7|
(4) |F8||B2||G8||G2||G7||B1||H2|
(3) |E7||D7||C7||G8||G7||B7||A7|
8
(8) |A2||H2||B2||G2||G7||B1|
(7) |F8||A7||G8||B7||G7||E7||C7||D7||E8|
(6) |E7||B1||H2||G8||B2||G2||G7|
(5) |G7||D7||C7||D8||E8||A7||B7|
(4) |G2||B1||B2||H2||G8|
(3) |E8||D7||D8||C7||A7||H2|
[A2][F8][E7][G7][G2][D8][E8][D7]{F8}{A7}{G8}{B7}{G7}{E7}{C7}{D7}{E8}
Ply 40, lastPly 39
4|6|(6) |E7||C7||E8||F8||A7||G8||B7||G7||D7|
(5) |D7||E8||F8||B1||B2||G2||G7|
(4) |E8||C7||C8||F8||D8||B7||A7|
(3) |F8||B2||G8||G2||B1||H2||G7|
8
(8) |F8||A7||G8||B7||G7||D7||E7||C7||E8|
(7) |E7||B1||H2||G8||B2||G2||G7|
(6) |G7||D7||C7||D8||E8||A7||B7|
(5) |G2||B2||B1||H2||G8|
(4) |D8||E8||D7||C7||H2||A7|
(3) |E8||B2||B1||G8|
[F8][E7][G7][G2][D8][E8][D7][C7]{E7}{B1}{H2}{G8}{B2}{G2}{G7}
Ply 41, lastPly 40
4|6|(6) |E7||B1||H2||G8||B2||G2||G7|
(5) |G7||D7||C7||D8||E8||A7||B7|
(4) |G2||B1||B2||H2||G8|
(3) |E8||D7||D8||C7||A7||H2|
8
(8) |E7||B1||H2||G8||B2||G2||G7|
(7) |G7||D7||C7||D8||E8||A7||B7|
(6) |G2||B1||B2||H2||G8|
(5) |D8||C7||A7||H2||E8||D7|
(4) |E8||B2||B1||G8|
(3) |D7||C7||A7||H2|
[G2][E7][C7][D7][C8][D8][E8][B8]{E7}{D7}{C7}{A7}{H2}
Ply 42, lastPly 41
4|6|(6) |E7||C7||H2||A7||D7|
(5) |C7||B1||G8||B2||G7||D7||D8||E8|
(4) |D7||C8||A7||H2|
(3) |C8||E8||D8||B2||B1||G7||G8|
8
(8) |E7||C7||H2||A7||D7|
(7) |C7||B1||G8||B2||G7||D7||D8||E8|
(6) |D7||C8||A7||H2|
(5) |C8||E8||D8||B2||B1||G7||G8|
(4) |D8||H1||B7||B8||A7||H2|
(3) |E8||B1||B2||G7||G8|
[E7][D8][E8][G8][C7][D7][C8][B8]{D8}{E8}{D7}{C7}{B1}{G8}{B2}{G7}
Ply 43, lastPly 42
4|6|(6) |C7||B1||G8||B2||G7||E8||D7||D8|
(5) |D7||C8||H2||A7|
(4) |C8||E8||B2||D8||B1||G7||G8|
(3) |D8||H1||B7||B8||A7||H2|
8
(8) |C7||B1||G8||B2||G7||E8||D7||D8|
(7) |D7||C8||H2||A7|
(6) |C8||E8||B2||D8||B1||G7||G8|
(5) |D8||H1||B7||B8||A7||H2|
(4) |E8||B2||B1||G8||G7|
(3) |B8||H1||B7||A7||H2|
[D8][C7][B7][D7][C8][G7][E8][B8]{C7}{D7}{E8}{G7}{A7}{H2}
Ply 2, lastPly 0
4|6|(6) |E6||F7||D3||C4|
(5) |F4||D6|
(4) |G5||D3||C3||E3||F3||G4||G7||G3||G6|
(3) |E7||C6||H4||D6||H6||G6|
8
(8) |E6||F7||D3||C4|
(7) |F4||D6|
(6) |G5||D3||C3||E3||F3||G4||G7||G3||G6|
(5) |E7||C6||H4||D6||H6||G6|
(4) |D7||E3||F3||D3||F7||D8|
(3) |C5||D6||C6||G6||C7||H6||H5||H4|
[E6][F4][G5][E7][E3][F3][D3][E2]{F4}{D6}
Ply 4, lastPly 2
4|6|(6) |G5||G3||G6||G7||E3||G4||F3||D3||C3|
(5) |E7||H4||G6||H6||C6||D6|
(4) |D7||E3||F3||D3||F7||D8|
(3) |C5||D6||C6||G6||C7||H6||H5||H4|
8
(8) |G5||G3||G6||G7||E3||G4||F3||D3||C3|
(7) |E7||H4||G6||H6||C6||D6|
(6) |E3||F3||D3||F7||D8||D7|
(5) |F3||C6||E2||G4||F2||G3||G6||H4||H5||D6||C5||C4|
(4) |D3||C5||F7||G3||E8||D8||G2|
(3) |E2||D2||C6||C5||C4||C2||C3||H6||H5||H4|
[G5][G6][E7][D6][C5][C4][F7][D7]{G6}{H6}{C6}{D6}{E7}{H4}
Ply 7, lastPly 4
4|6|(6) |G4||B6||G6||H6||H4||C6||B4||C4|
(5) |D3||E3||C3||F3||G3||C7||F7||D7||E7||G7|
(4) |C6||C4||C3||B4||D2||B5||C2||G6||H6||H5||H4|
(3) |E3||D7||G6||E7||G3||C7||H4||G7|
8
(8) |G4||B6||G6||H6||H4||C6||B4||C4|
(7) |D3||E3||C3||F3||G3||C7||F7||D7||E7||G7|
(6) |C6||C4||C3||B4||D2||B5||C2||G6||H6||H5||H4|
(5) |E3||D7||G6||E7||G3||C7||H4||G7|
(4) |G6||B5||G3||F3||B4||C2||C3||E2||D2||C4||H5||H4|
(3) |D7||E7||F7||H6||C7||H5||H4||H7||G7||B7|
[G4][D7][C4][D3][C7][F3][E3][G6]{D7}{E7}{G7}{D3}{E3}{C3}{F3}{G3}{C7}{F7}
Ply 8, lastPly 7
4|6|(6) |D3||E3||C3||F3||G3||C7||F7||D7||E7||G7|
(5) |F3||C6||D2||E2||B4||G4||B5||H6||B6||H4||H5||E3|
(4) |E3||C7||B5||C3||G3||F7||F2||D7||E7||G7|
(3) |G4||G3||D2||C6||B4||B5||E2||C3||H4||H5|
8
(8) |F3||G3||C7||F7||D7||E7||G7||D3||E3||C3|
(7) |G6||H4||H5||G2||G3||B6||F2||G4||B5||C6||B4|
(6) |F7||G7||E3||C3||C6||B4||E7||C7|
(5) |G3||B6||H5||E8||G8||G2||G7||G4||B5||C6||B4|
(4) |D3||E3||E7||D7||B3||H3||C3||H6||C6||H5||H7||G7|
(3) |G4||E3||H6||F2||C2||D2||C6||B4||B6||B5||E2||F8||H5||E8||G8||G7||G2|
[F3][G6][F7][H5][H6][H7][E7][D7]{G6}{H4}{H5}{G2}{G3}{B6}{F2}{G4}{B5}{C6}{B4}
Ply 9, lastPly 0
4|6|(6) |G6||H4||H5||G2||G3||B6||G4||B5||F2||C6||B4|
(5) |F7||G7||E3||C3||C6||B4||E7||C7|
(4) |G3||B6||G4||B5||C6||B4||H5||E8||G8||G7||G2|
(3) |E3||D3||E7||D7||C3||C6||B3||H3||H6||H5||H7||G7|
8
(8) |G6||H4||H5||G2||G3||B6||G4||B5||F2||C6||B4|
(7) |F7||G7||E3||C3||C6||B4||E7||C7|
(6) |H5||E8||G8||G7||G2||G3||B6||G4||B5||C6||B4|
(5) |E7||H6||B3||C7||H4||E3||C3||C6||B4|
(4) |G4||C7||G3||D7||B5||B6||E3||F8||D8||C6||E8||F2||G8||G7||G2|
(3) |C6||G3||D3||E3||H4||H6||B3||C3|
[G6][F7][H5][H6][H7][E7][C7][C6]{F7}{G7}{E3}{C3}{C6}{B4}{E7}{C7}
Ply 10, lastPly 8
4|6|(6) |F7||G7||E3||C3||C6||B4||E7||C7|
(5) |G3||B6||H5||E8||G8||G2||G7||G4||B5||C6||B4|
(4) |D3||E3||E7||D7||B3||H3||C3||H6||C6||H5||H7||G7|
(3) |G4||E3||H6||F2||C2||D2||C6||B4||B6||B5||E2||F8||H5||E8||G8||G7||G2|
8
(8) |F7||G7||E3||C3||C6||B4||E7||C7|
(7) |H5||E8||G8||G2||G7||G4||B5||C6||B4||G3||B6|
(6) |H6||B3||C7||H4||E7||E3||C3||C6||B4|
(5) |H7||G8||G2||G7||C6||F8||B4||G4||B5||E8||F2||G3||B6|
(4) |E7||C7||E3||B3||B4||C6||C3||G7|
(3) |D7||C7||G4||G3||F8||B5||E3||B6||E8||F2||C6||G8||G7||G2|
[F7][H5][H6][H7][C7][D7][C6][D3]{H5}{E8}{G8}{G2}{G7}{G4}{B5}{C6}{B4}{G3}{B6}
Ply 11, lastPly 9
4|6|(6) |H5||E8||G8||G2||G7||G3||B6||G4||B5||C6||B4|
(5) |E7||H6||B3||C7||H4||E3||C3||C6||B4|
(4) |G4||C7||G3||D7||B5||B6||E3||F8||D8||C6||E8||F2||G8||G7||G2|
(3) |C6||G3||D3||E3||H4||H6||B3||C3|
8
(8) |H5||E8||G8||G2||G7||G3||B6||G4||B5||C6||B4|
(7) |H6||B3||C7||H4||E3||C3||C6||B4||E7|
(6) |H7||G8||G2||G7||G3||B6||C6||F8||B4||G4||B5||E8||F2|
(5) |E7||B3||C7||G7||E3||C3||C6||B4|
(4) |C7||G4||D7||B5||G3||B6||F8||E3||C6||E8||F2||G8||G7||G2|
(3) |C6||E3||B3||C3||B4||B8||G7|
[G3][E7][G4][H3][C7][H6][E2][H4]{E7}{E3}{D3}{D7}{H3}{C3}{H6}{C6}{B3}{H5}{H7}{G7}
Ply 12, lastPly 10
4|6|(6) |D3||E3||C3||C6||D7||E7||H3||H6||B3||H5||H7||G7|
(5) |E3||C6||H6||F8||D2||E2||B4||G4||B5||H5||E8||C2||F2||B6||G8||G2||G7|
(4) |C3||D2||E7||B3||B5||C6||F2||D7||H6||H5||H3||H7||G7|
(3) |H6||H5||G4||D2||C2||B6||B5||F8||B4||E8||B3||G8|
8
(8) |D3||E3||C3||C6||D7||E7||H3||H6||B3||H5||H7||G7|
(7) |E3||C6||H6||F8||D2||E2||B4||G4||B5||H5||E8||C2||F2||B6||G8||G2||G7|
(6) |B5||C6||F2||D7||H6||H5||H3||H7||G7||C3||D2||E7||B3|
(5) |H6||F8||D2||B4||G4||A5||H5||E8||C2||B3||B6||G8||G7||C3|
(4) |C3||E7||F2||H4||G4||C6||D7||H3||H5||H7|
(3) |G4||E7||B4||B6||D2||C2||B3||E8||A5||F8||G8|
[D3][E3][C3][G4][E2][E7][F2][D2]{E3}{C6}{H6}{F8}{D2}{E2}{B4}{G4}{B5}{H5}{E8}{C2}{F2}{B6}{G8}{G2}{G7}
Ply 13, lastPly 11
4|6|(6) |G4||B5||H5||E8||C2||F2||B6||G8||G2||G7||E3||C6||H6||F8||D2||E2||B4|
(5) |E3||C3||C6||H3||H6||B4||B5||D7||E7||H4||H5||B3||H7|
(4) |F2||B4||B5||D2||E7||C6||C2||E8||E2||C3||F8||G8||G7||G2|
(3) |C3||D7||E7||H4||B5||B4||H3||C6||H6||H5||B3||F1||H7||G1||G2|
8
(8) |E3||C6||H6||F8||D2||E2||B4||G4||B5||H5||E8||C2||F2||B6||G8||G2||G7|
(7) |B5||D7||E7||H5||F2||B3||H7||G7||C3||C6||H3||H6||D2|
(6) |H6||F8||D2||B4||G4||A5||H5||E8||C2||B3||B6||G8||G7||C3|
(5) |C3||C6||H3||G4||D7||E7||H4||H5||F2||H7|
(4) |G4||B6||E7||F8||C2||D2||B4||A5||B3||E8||G8|
(3) |E2||H5||D7||H4||C7||F2||C6||E7||H3||H7||H2|
[E3][E7][G4][H6][F8][H5][E8][D8]{E7}{H5}{F2}{B3}{H7}{G7}{C3}{C6}{H3}{H6}{D2}{B5}{D7}
Ply 14, lastPly 13
4|6|(6) |B5||D7||E7||H5||F2||B3||H7||G7||C3||C6||H3||H6||D2|
(5) |H6||F8||D2||B4||G4||A5||H5||E8||C2||B3||B6||G8||G7||C3|
(4) |C3||E7||F2||H4||G4||C6||D7||H3||H5||H7|
(3) |G4||E7||B4||B6||D2||C2||B3||E8||A5||F8||G8|
8
(8) |C3||C6||H3||H6||D2||B5||D7||E7||H5||F2||B3||H7||G7|
(7) |G4||B5||H5||E8||C2||B3||B6||G8||H6||F8||D2||B4|
(6) |E2||D7||E7||H4||H5||F2||C7||H2||H7||C6||H3||H6|
(5) |E7||D1||E1||E8||C2||B3||G8||F8||D2||B4||B5|
(4) |F2||H6||C6||E8||C7||F8||D7||H3||H4||H5||H7||H2||G7||G2|
(3) |D2||C2||B5||B4||E8||D1||B3||E1||G8||G2||G7|
[B5][C3][G4][H6][E7][B4][F2][D2]{C3}{G4}{H6}{B3}{C2}{B6}{D2}{B4}{F8}{H5}{E8}{A5}{G8}{G7}
Ply 14, lastPly 14
4|6|(6) |B5||D7||E7||H5||F2||B3||H7||G7||C3||C6||H3||H6||D2|
(5) |H6||F8||D2||B4||G4||A5||H5||E8||C2||B3||B6||G8||G7||C3|
(4) |C3||E7||F2||H4||G4||C6||D7||H3||H5||H7|
(3) |G4||E7||B4||B6||D2||C2||B3||E8||A5||F8||G8|
8
(8) |C3||C6||H3||H6||D2||B5||D7||E7||H5||F2||B3||H7||G7|
(7) |G4||B5||H5||E8||C2||B3||B6||G8||H6||F8||D2||B4|
(6) |E2||D7||E7||H4||H5||F2||C7||H2||H7||C6||H3||H6|
(5) |E7||D1||E1||E8||C2||B3||G8||F8||D2||B4||B5|
(4) |F2||H6||C6||E8||C7||F8||D7||H3||H4||H5||H7||H2||G7||G2|
(3) |D2||C2||B5||B4||E8||D1||B3||E1||G8||G2||G7|
[B5][C3][G4][H6][E7][B4][F2][D2]{C3}{G4}{H6}{B3}{C2}{B6}{D2}{B4}{F8}{H5}{E8}{A5}{G8}{G7}
Ply 14, lastPly 14
4|6|(6) |B5||D7||E7||H5||F2||B3||H7||G7||C3||C6||H3||H6||D2|
(5) |H6||F8||D2||B4||G4||A5||H5||E8||C2||B3||B6||G8||G7||C3|
(4) |C3||E7||F2||H4||G4||C6||D7||H3||H5||H7|
(3) |G4||E7||B4||B6||D2||C2||B3||E8||A5||F8||G8|
8
(8) |C3||C6||H3||H6||D2||B5||D7||E7||H5||F2||B3||H7||G7|
(7) |G4||B5||H5||E8||C2||B3||B6||G8||H6||F8||D2||B4|
(6) |E2||D7||E7||H4||H5||F2||C7||H2||H7||C6||H3||H6|
(5) |E7||D1||E1||E8||C2||B3||G8||F8||D2||B4||B5|
(4) |F2||H6||C6||E8||C7||F8||D7||H3||H4||H5||H7||H2||G7||G2|
(3) |D2||C2||B5||B4||E8||D1||B3||E1||G8||G2||G7|
[B5][C3][G4][H6][E7][B4][F2][D2]{C3}{G4}{H6}{B3}{C2}{B6}{D2}{B4}{F8}{H5}{E8}{A5}{G8}{G7}
Ply 4, lastPly 0
4|6|(6) |G5||G3||G6||G7||E3||G4||F3||D3||C3|
(5) |E7||H4||G6||H6||C6||D6|
(4) |D7||E3||F3||D3||F7||D8|
(3) |C5||D6||C6||G6||C7||H6||H5||H4|
8
(8) |G5||G3||G6||G7||E3||G4||F3||D3||C3|
(7) |E7||H4||G6||H6||C6||D6|
(6) |E3||F3||D3||F7||D8||D7|
(5) |F3||C6||E2||G4||F2||G3||G6||H4||H5||D6||C5||C4|
(4) |D3||C5||F7||G3||E8||D8||G2|
(3) |E2||D2||C6||C5||C4||C2||C3||H6||H5||H4|
[G5][G6][E7][D6][C5][C4][F7][D7]{G6}{H6}{C6}{D6}{E7}{H4}
Ply 7, lastPly 4
4|6|(6) |F3||D2||E2||B4||B5||D3||C4||C3|
(5) |G4||G5||D7||E7||G7||G3|
(4) |G3||E2||B5||B4||C3||D3||H3||H5|
(3) |C6||G5||E2||G6||E7||D7||H3||G7||G2|
8
(8) |F3||D2||E2||B4||B5||D3||C4||C3|
(7) |G4||G5||D7||E7||G7||G3|
(6) |E2||B5||B4||C3||D3||H3||H5||G3|
(5) |D2||G5||D7||E7||F2||C7||F7||D1||G7|
(4) |G3||C4||B5||B4||C2||D3||C3||H3||H5||H4|
(3) |G5||F2||D7||E7||H3||E1||D1||G7||G2|
[F3][G4][E2][D2][G3][G5][H3][H4]{G4}{G5}{D7}{E7}{G7}{G3}
Ply 8, lastPly 7
4|6|(6) |G4||G5||D7||E7||G7||G3|
(5) |E2||B4||B5||H3||G3||H5||C3||D3|
(4) |G5||C7||D2||E7||F2||D7||F7||D1||G7|
(3) |C6||G6||G3||C3||D3||C4||B4||H3||H6||B6||H5||H4|
8
(8) |G4||G5||D7||E7||G7||G3|
(7) |E2||B4||B5||H3||G3||H5||C3||D3|
(6) |D2||E7||F2||D7||F7||D1||G7||G5||C7|
(5) |G3||H4||H5||D3||C4||C3||B4||B5||H3||C2|
(4) |G5||F2||E7||H3||D7||D1||E1||G7||G2|
(3) |C6||C3||H3||C4||D3||C2||B4||G6||H5||H4|
[G4][E2][D2][G3][G5][H3][H4][C6]{E2}{B4}{B5}{H3}{G3}{H5}{C3}{D3}
Ply 8, lastPly 8
4|6|(6) |G4||G5||D7||E7||G7||G3|
(5) |E2||B4||B5||H3||G3||H5||C3||D3|
(4) |G5||C7||D2||E7||F2||D7||F7||D1||G7|
(3) |C6||G6||G3||C3||D3||C4||B4||H3||H6||B6||H5||H4|
8
(8) |G4||G5||D7||E7||G7||G3|
(7) |E2||B4||B5||H3||G3||H5||C3||D3|
(6) |D2||E7||F2||D7||F7||D1||G7||G5||C7|
(5) |G3||H4||H5||D3||C4||C3||B4||B5||H3||C2|
(4) |G5||F2||E7||H3||D7||D1||E1||G7||G2|
(3) |C6||C3||H3||C4||D3||C2||B4||G6||H5||H4|
[G4][E2][D2][G3][G5][H3][H4][C6]{E2}{B4}{B5}{H3}{G3}{H5}{C3}{D3}
Ply 8, lastPly 8
4|6|(6) |G4||G5||D7||E7||G7||G3|
(5) |E2||B4||B5||H3||G3||H5||C3||D3|
(4) |G5||C7||D2||E7||F2||D7||F7||D1||G7|
(3) |C6||G6||G3||C3||D3||C4||B4||H3||H6||B6||H5||H4|
8
(8) |G4||G5||D7||E7||G7||G3|
(7) |E2||B4||B5||H3||G3||H5||C3||D3|
(6) |D2||E7||F2||D7||F7||D1||G7||G5||C7|
(5) |G3||H4||H5||D3||C4||C3||B4||B5||H3||C2|
(4) |G5||F2||E7||H3||D7||D1||E1||G7||G2|
(3) |C6||C3||H3||C4||D3||C2||B4||G6||H5||H4|
[G4][E2][D2][G3][G5][H3][H4][C6]{E2}{B4}{B5}{H3}{G3}{H5}{C3}{D3}
Ply 8, lastPly 8
4|6|(6) |G4||G5||D7||E7||G7||G3|
(5) |E2||B4||B5||H3||G3||H5||C3||D3|
(4) |G5||C7||D2||E7||F2||D7||F7||D1||G7|
(3) |C6||G6||G3||C3||D3||C4||B4||H3||H6||B6||H5||H4|
8
(8) |G4||G5||D7||E7||G7||G3|
(7) |E2||B4||B5||H3||G3||H5||C3||D3|
(6) |D2||E7||F2||D7||F7||D1||G7||G5||C7|
(5) |G3||H4||H5||D3||C4||C3||B4||B5||H3||C2|
(4) |G5||F2||E7||H3||D7||D1||E1||G7||G2|
(3) |C6||C3||H3||C4||D3||C2||B4||G6||H5||H4|
[G4][E2][D2][G3][G5][H3][H4][C6]{E2}{B4}{B5}{H3}{G3}{H5}{C3}{D3}
Ply 8, lastPly 8
4|6|(6) |G4||G5||D7||E7||G7||G3|
(5) |E2||B4||B5||H3||G3||H5||C3||D3|
(4) |G5||C7||D2||E7||F2||D7||F7||D1||G7|
(3) |C6||G6||G3||C3||D3||C4||B4||H3||H6||B6||H5||H4|
8
(8) |G4||G5||D7||E7||G7||G3|
(7) |E2||B4||B5||H3||G3||H5||C3||D3|
(6) |D2||E7||F2||D7||F7||D1||G7||G5||C7|
(5) |G3||H4||H5||D3||C4||C3||B4||B5||H3||C2|
(4) |G5||F2||E7||H3||D7||D1||E1||G7||G2|
(3) |C6||C3||H3||C4||D3||C2||B4||G6||H5||H4|
[G4][E2][D2][G3][G5][H3][H4][C6]{E2}{B4}{B5}{H3}{G3}{H5}{C3}{D3}
Ply 8, lastPly 8
4|6|(6) |G4||G5||D7||E7||G7||G3|
(5) |E2||B4||B5||H3||G3||H5||C3||D3|
(4) |G5||C7||D2||E7||F2||D7||F7||D1||G7|
(3) |C6||G6||G3||C3||D3||C4||B4||H3||H6||B6||H5||H4|
8
(8) |G4||G5||D7||E7||G7||G3|
(7) |E2||B4||B5||H3||G3||H5||C3||D3|
(6) |D2||E7||F2||D7||F7||D1||G7||G5||C7|
(5) |G3||H4||H5||D3||C4||C3||B4||B5||H3||C2|
(4) |G5||F2||E7||H3||D7||D1||E1||G7||G2|
(3) |C6||C3||H3||C4||D3||C2||B4||G6||H5||H4|
[G4][E2][D2][G3][G5][H3][H4][C6]{E2}{B4}{B5}{H3}{G3}{H5}{C3}{D3}
Ply 8, lastPly 8
4|6|(6) |G4||G5||D7||E7||G7||G3|
(5) |E2||B4||B5||H3||G3||H5||C3||D3|
(4) |G5||C7||D2||E7||F2||D7||F7||D1||G7|
(3) |C6||G6||G3||C3||D3||C4||B4||H3||H6||B6||H5||H4|
8
(8) |G4||G5||D7||E7||G7||G3|
(7) |E2||B4||B5||H3||G3||H5||C3||D3|
(6) |D2||E7||F2||D7||F7||D1||G7||G5||C7|
(5) |G3||H4||H5||D3||C4||C3||B4||B5||H3||C2|
(4) |G5||F2||E7||H3||D7||D1||E1||G7||G2|
(3) |C6||C3||H3||C4||D3||C2||B4||G6||H5||H4|
[G4][E2][D2][G3][G5][H3][H4][C6]{E2}{B4}{B5}{H3}{G3}{H5}{C3}{D3}
Ply 8, lastPly 8
4|6|(6) |G4||G5||D7||E7||G7||G3|
(5) |E2||B4||B5||H3||G3||H5||C3||D3|
(4) |G5||C7||D2||E7||F2||D7||F7||D1||G7|
(3) |C6||G6||G3||C3||D3||C4||B4||H3||H6||B6||H5||H4|
8
(8) |G4||G5||D7||E7||G7||G3|
(7) |E2||B4||B5||H3||G3||H5||C3||D3|
(6) |D2||E7||F2||D7||F7||D1||G7||G5||C7|
(5) |G3||H4||H5||D3||C4||C3||B4||B5||H3||C2|
(4) |G5||F2||E7||H3||D7||D1||E1||G7||G2|
(3) |C6||C3||H3||C4||D3||C2||B4||G6||H5||H4|
[G4][E2][D2][G3][G5][H3][H4][C6]{E2}{B4}{B5}{H3}{G3}{H5}{C3}{D3}
Ply 8, lastPly 8
4|6|(6) |G4||G5||D7||E7||G7||G3|
(5) |E2||B4||B5||H3||G3||H5||C3||D3|
(4) |G5||C7||D2||E7||F2||D7||F7||D1||G7|
(3) |C6||G6||G3||C3||D3||C4||B4||H3||H6||B6||H5||H4|
8
(8) |G4||G5||D7||E7||G7||G3|
(7) |E2||B4||B5||H3||G3||H5||C3||D3|
(6) |D2||E7||F2||D7||F7||D1||G7||G5||C7|
(5) |G3||H4||H5||D3||C4||C3||B4||B5||H3||C2|
(4) |G5||F2||E7||H3||D7||D1||E1||G7||G2|
(3) |C6||C3||H3||C4||D3||C2||B4||G6||H5||H4|
[G4][E2][D2][G3][G5][H3][H4][C6]{E2}{B4}{B5}{H3}{G3}{H5}{C3}{D3}
Ply 8, lastPly 8
4|6|(6) |G4||G5||D7||E7||G7||G3|
(5) |E2||B4||B5||H3||G3||H5||C3||D3|
(4) |G5||C7||D2||E7||F2||D7||F7||D1||G7|
(3) |C6||G6||G3||C3||D3||C4||B4||H3||H6||B6||H5||H4|
8
(8) |G4||G5||D7||E7||G7||G3|
(7) |E2||B4||B5||H3||G3||H5||C3||D3|
(6) |D2||E7||F2||D7||F7||D1||G7||G5||C7|
(5) |G3||H4||H5||D3||C4||C3||B4||B5||H3||C2|
(4) |G5||F2||E7||H3||D7||D1||E1||G7||G2|
(3) |C6||C3||H3||C4||D3||C2||B4||G6||H5||H4|
[G4][E2][D2][G3][G5][H3][H4][C6]{E2}{B4}{B5}{H3}{G3}{H5}{C3}{D3}
Ply 8, lastPly 8
4|6|(6) |G4||G5||D7||E7||G7||G3|
(5) |E2||B4||B5||H3||G3||H5||C3||D3|
(4) |G5||C7||D2||E7||F2||D7||F7||D1||G7|
(3) |C6||G6||G3||C3||D3||C4||B4||H3||H6||B6||H5||H4|
8
(8) |G4||G5||D7||E7||G7||G3|
(7) |E2||B4||B5||H3||G3||H5||C3||D3|
(6) |D2||E7||F2||D7||F7||D1||G7||G5||C7|
(5) |G3||H4||H5||D3||C4||C3||B4||B5||H3||C2|
(4) |G5||F2||E7||H3||D7||D1||E1||G7||G2|
(3) |C6||C3||H3||C4||D3||C2||B4||G6||H5||H4|
[G4][E2][D2][G3][G5][H3][H4][C6]{E2}{B4}{B5}{H3}{G3}{H5}{C3}{D3}
Ply 8, lastPly 8
4|6|(6) |G4||G5||D7||E7||G7||G3|
(5) |E2||B4||B5||H3||G3||H5||C3||D3|
(4) |G5||C7||D2||E7||F2||D7||F7||D1||G7|
(3) |C6||G6||G3||C3||D3||C4||B4||H3||H6||B6||H5||H4|
8
(8) |G4||G5||D7||E7||G7||G3|
(7) |E2||B4||B5||H3||G3||H5||C3||D3|
(6) |D2||E7||F2||D7||F7||D1||G7||G5||C7|
(5) |G3||H4||H5||D3||C4||C3||B4||B5||H3||C2|
(4) |G5||F2||E7||H3||D7||D1||E1||G7||G2|
(3) |C6||C3||H3||C4||D3||C2||B4||G6||H5||H4|
[G4][E2][D2][G3][G5][H3][H4][C6]{E2}{B4}{B5}{H3}{G3}{H5}{C3}{D3}
Ply 8, lastPly 8
4|6|(6) |G4||G5||D7||E7||G7||G3|
(5) |E2||B4||B5||H3||G3||H5||C3||D3|
(4) |G5||C7||D2||E7||F2||D7||F7||D1||G7|
(3) |C6||G6||G3||C3||D3||C4||B4||H3||H6||B6||H5||H4|
8
(8) |G4||G5||D7||E7||G7||G3|
(7) |E2||B4||B5||H3||G3||H5||C3||D3|
(6) |D2||E7||F2||D7||F7||D1||G7||G5||C7|
(5) |G3||H4||H5||D3||C4||C3||B4||B5||H3||C2|
(4) |G5||F2||E7||H3||D7||D1||E1||G7||G2|
(3) |C6||C3||H3||C4||D3||C2||B4||G6||H5||H4|
[G4][E2][D2][G3][G5][H3][H4][C6]{E2}{B4}{B5}{H3}{G3}{H5}{C3}{D3}
Ply 8, lastPly 8
4|6|(6) |G4||G5||D7||E7||G7||G3|
(5) |E2||B4||B5||H3||G3||H5||C3||D3|
(4) |G5||C7||D2||E7||F2||D7||F7||D1||G7|
(3) |C6||G6||G3||C3||D3||C4||B4||H3||H6||B6||H5||H4|
8
(8) |G4||G5||D7||E7||G7||G3|
(7) |E2||B4||B5||H3||G3||H5||C3||D3|
(6) |D2||E7||F2||D7||F7||D1||G7||G5||C7|
(5) |G3||H4||H5||D3||C4||C3||B4||B5||H3||C2|
(4) |G5||F2||E7||H3||D7||D1||E1||G7||G2|
(3) |C6||C3||H3||C4||D3||C2||B4||G6||H5||H4|
[G4][E2][D2][G3][G5][H3][H4][C6]{E2}{B4}{B5}{H3}{G3}{H5}{C3}{D3}
Ply 8, lastPly 8
4|6|(6) |G4||G5||D7||E7||G7||G3|
(5) |E2||B4||B5||H3||G3||H5||C3||D3|
(4) |G5||C7||D2||E7||F2||D7||F7||D1||G7|
(3) |C6||G6||G3||C3||D3||C4||B4||H3||H6||B6||H5||H4|
8
(8) |G4||G5||D7||E7||G7||G3|
(7) |E2||B4||B5||H3||G3||H5||C3||D3|
(6) |D2||E7||F2||D7||F7||D1||G7||G5||C7|
(5) |G3||H4||H5||D3||C4||C3||B4||B5||H3||C2|
(4) |G5||F2||E7||H3||D7||D1||E1||G7||G2|
(3) |C6||C3||H3||C4||D3||C2||B4||G6||H5||H4|
[G4][E2][D2][G3][G5][H3][H4][C6]{E2}{B4}{B5}{H3}{G3}{H5}{C3}{D3}
Ply 8, lastPly 8
4|6|(6) |G4||G5||D7||E7||G7||G3|
(5) |E2||B4||B5||H3||G3||H5||C3||D3|
(4) |G5||C7||D2||E7||F2||D7||F7||D1||G7|
(3) |C6||G6||G3||C3||D3||C4||B4||H3||H6||B6||H5||H4|
8
(8) |G4||G5||D7||E7||G7||G3|
(7) |E2||B4||B5||H3||G3||H5||C3||D3|
(6) |D2||E7||F2||D7||F7||D1||G7||G5||C7|
(5) |G3||H4||H5||D3||C4||C3||B4||B5||H3||C2|
(4) |G5||F2||E7||H3||D7||D1||E1||G7||G2|
(3) |C6||C3||H3||C4||D3||C2||B4||G6||H5||H4|
[G4][E2][D2][G3][G5][H3][H4][C6]{E2}{B4}{B5}{H3}{G3}{H5}{C3}{D3}
Ply 8, lastPly 8
4|6|(6) |G4||G5||D7||E7||G7||G3|
(5) |E2||B4||B5||H3||G3||H5||C3||D3|
(4) |G5||C7||D2||E7||F2||D7||F7||D1||G7|
(3) |C6||G6||G3||C3||D3||C4||B4||H3||H6||B6||H5||H4|
8
(8) |G4||G5||D7||E7||G7||G3|
(7) |E2||B4||B5||H3||G3||H5||C3||D3|
(6) |D2||E7||F2||D7||F7||D1||G7||G5||C7|
(5) |G3||H4||H5||D3||C4||C3||B4||B5||H3||C2|
(4) |G5||F2||E7||H3||D7||D1||E1||G7||G2|
(3) |C6||C3||H3||C4||D3||C2||B4||G6||H5||H4|
[G4][E2][D2][G3][G5][H3][H4][C6]{E2}{B4}{B5}{H3}{G3}{H5}{C3}{D3}
Ply 8, lastPly 8
4|6|(6) |G4||G5||D7||E7||G7||G3|
(5) |E2||B4||B5||H3||G3||H5||C3||D3|
(4) |G5||C7||D2||E7||F2||D7||F7||D1||G7|
(3) |C6||G6||G3||C3||D3||C4||B4||H3||H6||B6||H5||H4|
8
(8) |G4||G5||D7||E7||G7||G3|
(7) |E2||B4||B5||H3||G3||H5||C3||D3|
(6) |D2||E7||F2||D7||F7||D1||G7||G5||C7|
(5) |G3||H4||H5||D3||C4||C3||B4||B5||H3||C2|
(4) |G5||F2||E7||H3||D7||D1||E1||G7||G2|
(3) |C6||C3||H3||C4||D3||C2||B4||G6||H5||H4|
[G4][E2][D2][G3][G5][H3][H4][C6]{E2}{B4}{B5}{H3}{G3}{H5}{C3}{D3}
Ply 8, lastPly 8
4|6|(6) |G4||G5||D7||E7||G7||G3|
(5) |E2||B4||B5||H3||G3||H5||C3||D3|
(4) |G5||C7||D2||E7||F2||D7||F7||D1||G7|
(3) |C6||G6||G3||C3||D3||C4||B4||H3||H6||B6||H5||H4|
8
(8) |G4||G5||D7||E7||G7||G3|
(7) |E2||B4||B5||H3||G3||H5||C3||D3|
(6) |D2||E7||F2||D7||F7||D1||G7||G5||C7|
(5) |G3||H4||H5||D3||C4||C3||B4||B5||H3||C2|
(4) |G5||F2||E7||H3||D7||D1||E1||G7||G2|
(3) |C6||C3||H3||C4||D3||C2||B4||G6||H5||H4|
[G4][E2][D2][G3][G5][H3][H4][C6]{E2}{B4}{B5}{H3}{G3}{H5}{C3}{D3}
Ply 8, lastPly 8
4|6|(6) |G4||G5||D7||E7||G7||G3|
(5) |E2||B4||B5||H3||G3||H5||C3||D3|
(4) |G5||C7||D2||E7||F2||D7||F7||D1||G7|
(3) |C6||G6||G3||C3||D3||C4||B4||H3||H6||B6||H5||H4|
8
(8) |G4||G5||D7||E7||G7||G3|
(7) |E2||B4||B5||H3||G3||H5||C3||D3|
(6) |D2||E7||F2||D7||F7||D1||G7||G5||C7|
(5) |G3||H4||H5||D3||C4||C3||B4||B5||H3||C2|
(4) |G5||F2||E7||H3||D7||D1||E1||G7||G2|
(3) |C6||C3||H3||C4||D3||C2||B4||G6||H5||H4|
[G4][E2][D2][G3][G5][H3][H4][C6]{E2}{B4}{B5}{H3}{G3}{H5}{C3}{D3}
Ply 8, lastPly 8
4|6|(6) |G4||G5||D7||E7||G7||G3|
(5) |E2||B4||B5||H3||G3||H5||C3||D3|
(4) |G5||C7||D2||E7||F2||D7||F7||D1||G7|
(3) |C6||G6||G3||C3||D3||C4||B4||H3||H6||B6||H5||H4|
8
(8) |G4||G5||D7||E7||G7||G3|
(7) |E2||B4||B5||H3||G3||H5||C3||D3|
(6) |D2||E7||F2||D7||F7||D1||G7||G5||C7|
(5) |G3||H4||H5||D3||C4||C3||B4||B5||H3||C2|
(4) |G5||F2||E7||H3||D7||D1||E1||G7||G2|
(3) |C6||C3||H3||C4||D3||C2||B4||G6||H5||H4|
[G4][E2][D2][G3][G5][H3][H4][C6]{E2}{B4}{B5}{H3}{G3}{H5}{C3}{D3}
Ply 8, lastPly 8
4|6|(6) |G4||G5||D7||E7||G7||G3|
(5) |E2||B4||B5||H3||G3||H5||C3||D3|
(4) |G5||C7||D2||E7||F2||D7||F7||D1||G7|
(3) |C6||G6||G3||C3||D3||C4||B4||H3||H6||B6||H5||H4|
8
(8) |G4||G5||D7||E7||G7||G3|
(7) |E2||B4||B5||H3||G3||H5||C3||D3|
(6) |D2||E7||F2||D7||F7||D1||G7||G5||C7|
(5) |G3||H4||H5||D3||C4||C3||B4||B5||H3||C2|
(4) |G5||F2||E7||H3||D7||D1||E1||G7||G2|
(3) |C6||C3||H3||C4||D3||C2||B4||G6||H5||H4|
[G4][E2][D2][G3][G5][H3][H4][C6]{E2}{B4}{B5}{H3}{G3}{H5}{C3}{D3}
Ply 8, lastPly 8
4|6|(6) |G4||G5||D7||E7||G7||G3|
(5) |E2||B4||B5||H3||G3||H5||C3||D3|
(4) |G5||C7||D2||E7||F2||D7||F7||D1||G7|
(3) |C6||G6||G3||C3||D3||C4||B4||H3||H6||B6||H5||H4|
8
(8) |G4||G5||D7||E7||G7||G3|
(7) |E2||B4||B5||H3||G3||H5||C3||D3|
(6) |D2||E7||F2||D7||F7||D1||G7||G5||C7|
(5) |G3||H4||H5||D3||C4||C3||B4||B5||H3||C2|
(4) |G5||F2||E7||H3||D7||D1||E1||G7||G2|
(3) |C6||C3||H3||C4||D3||C2||B4||G6||H5||H4|
[G4][E2][D2][G3][G5][H3][H4][C6]{E2}{B4}{B5}{H3}{G3}{H5}{C3}{D3}
Ply 8, lastPly 8
4|6|(6) |G4||G5||D7||E7||G7||G3|
(5) |E2||B4||B5||H3||G3||H5||C3||D3|
(4) |G5||C7||D2||E7||F2||D7||F7||D1||G7|
(3) |C6||G6||G3||C3||D3||C4||B4||H3||H6||B6||H5||H4|
8
(8) |G4||G5||D7||E7||G7||G3|
(7) |E2||B4||B5||H3||G3||H5||C3||D3|
(6) |D2||E7||F2||D7||F7||D1||G7||G5||C7|
(5) |G3||H4||H5||D3||C4||C3||B4||B5||H3||C2|
(4) |G5||F2||E7||H3||D7||D1||E1||G7||G2|
(3) |C6||C3||H3||C4||D3||C2||B4||G6||H5||H4|
[G4][E2][D2][G3][G5][H3][H4][C6]{E2}{B4}{B5}{H3}{G3}{H5}{C3}{D3}
Ply 8, lastPly 8
4|6|(6) |G4||G5||D7||E7||G7||G3|
(5) |E2||B4||B5||H3||G3||H5||C3||D3|
(4) |G5||C7||D2||E7||F2||D7||F7||D1||G7|
(3) |C6||G6||G3||C3||D3||C4||B4||H3||H6||B6||H5||H4|
8
(8) |G4||G5||D7||E7||G7||G3|
(7) |E2||B4||B5||H3||G3||H5||C3||D3|
(6) |D2||E7||F2||D7||F7||D1||G7||G5||C7|
(5) |G3||H4||H5||D3||C4||C3||B4||B5||H3||C2|
(4) |G5||F2||E7||H3||D7||D1||E1||G7||G2|
(3) |C6||C3||H3||C4||D3||C2||B4||G6||H5||H4|
[G4][E2][D2][G3][G5][H3][H4][C6]{E2}{B4}{B5}{H3}{G3}{H5}{C3}{D3}
Ply 8, lastPly 8
4|6|(6) |G4||G5||D7||E7||G7||G3|
(5) |E2||B4||B5||H3||G3||H5||C3||D3|
(4) |G5||C7||D2||E7||F2||D7||F7||D1||G7|
(3) |C6||G6||G3||C3||D3||C4||B4||H3||H6||B6||H5||H4|
8
(8) |G4||G5||D7||E7||G7||G3|
(7) |E2||B4||B5||H3||G3||H5||C3||D3|
(6) |D2||E7||F2||D7||F7||D1||G7||G5||C7|
(5) |G3||H4||H5||D3||C4||C3||B4||B5||H3||C2|
(4) |G5||F2||E7||H3||D7||D1||E1||G7||G2|
(3) |C6||C3||H3||C4||D3||C2||B4||G6||H5||H4|
[G4][E2][D2][G3][G5][H3][H4][C6]{E2}{B4}{B5}{H3}{G3}{H5}{C3}{D3}
Ply 8, lastPly 8
4|6|(6) |G4||G5||D7||E7||G7||G3|
(5) |E2||B4||B5||H3||G3||H5||C3||D3|
(4) |G5||C7||D2||E7||F2||D7||F7||D1||G7|
(3) |C6||G6||G3||C3||D3||C4||B4||H3||H6||B6||H5||H4|
8
(8) |G4||G5||D7||E7||G7||G3|
(7) |E2||B4||B5||H3||G3||H5||C3||D3|
(6) |D2||E7||F2||D7||F7||D1||G7||G5||C7|
(5) |G3||H4||H5||D3||C4||C3||B4||B5||H3||C2|
(4) |G5||F2||E7||H3||D7||D1||E1||G7||G2|
(3) |C6||C3||H3||C4||D3||C2||B4||G6||H5||H4|
[G4][E2][D2][G3][G5][H3][H4][C6]{E2}{B4}{B5}{H3}{G3}{H5}{C3}{D3}
Ply 8, lastPly 8
4|6|(6) |G4||G5||D7||E7||G7||G3|
(5) |E2||B4||B5||H3||G3||H5||C3||D3|
(4) |G5||C7||D2||E7||F2||D7||F7||D1||G7|
(3) |C6||G6||G3||C3||D3||C4||B4||H3||H6||B6||H5||H4|
8
(8) |G4||G5||D7||E7||G7||G3|
(7) |E2||B4||B5||H3||G3||H5||C3||D3|
(6) |D2||E7||F2||D7||F7||D1||G7||G5||C7|
(5) |G3||H4||H5||D3||C4||C3||B4||B5||H3||C2|
(4) |G5||F2||E7||H3||D7||D1||E1||G7||G2|
(3) |C6||C3||H3||C4||D3||C2||B4||G6||H5||H4|
[G4][E2][D2][G3][G5][H3][H4][C6]{E2}{B4}{B5}{H3}{G3}{H5}{C3}{D3}
Ply 8, lastPly 8
4|6|(6) |G4||G5||D7||E7||G7||G3|
(5) |E2||B4||B5||H3||G3||H5||C3||D3|
(4) |G5||C7||D2||E7||F2||D7||F7||D1||G7|
(3) |C6||G6||G3||C3||D3||C4||B4||H3||H6||B6||H5||H4|
8
(8) |G4||G5||D7||E7||G7||G3|
(7) |E2||B4||B5||H3||G3||H5||C3||D3|
(6) |D2||E7||F2||D7||F7||D1||G7||G5||C7|
(5) |G3||H4||H5||D3||C4||C3||B4||B5||H3||C2|
(4) |G5||F2||E7||H3||D7||D1||E1||G7||G2|
(3) |C6||C3||H3||C4||D3||C2||B4||G6||H5||H4|
[G4][E2][D2][G3][G5][H3][H4][C6]{E2}{B4}{B5}{H3}{G3}{H5}{C3}{D3}
Ply 8, lastPly 8
4|6|(6) |G4||G5||D7||E7||G7||G3|
(5) |E2||B4||B5||H3||G3||H5||C3||D3|
(4) |G5||C7||D2||E7||F2||D7||F7||D1||G7|
(3) |C6||G6||G3||C3||D3||C4||B4||H3||H6||B6||H5||H4|
8
(8) |G4||G5||D7||E7||G7||G3|
(7) |E2||B4||B5||H3||G3||H5||C3||D3|
(6) |D2||E7||F2||D7||F7||D1||G7||G5||C7|
(5) |G3||H4||H5||D3||C4||C3||B4||B5||H3||C2|
(4) |G5||F2||E7||H3||D7||D1||E1||G7||G2|
(3) |C6||C3||H3||C4||D3||C2||B4||G6||H5||H4|
[G4][E2][D2][G3][G5][H3][H4][C6]{E2}{B4}{B5}{H3}{G3}{H5}{C3}{D3}
Ply 8, lastPly 8
4|6|(6) |G4||G5||D7||E7||G7||G3|
(5) |E2||B4||B5||H3||G3||H5||C3||D3|
(4) |G5||C7||D2||E7||F2||D7||F7||D1||G7|
(3) |C6||G6||G3||C3||D3||C4||B4||H3||H6||B6||H5||H4|
8
(8) |G4||G5||D7||E7||G7||G3|
(7) |E2||B4||B5||H3||G3||H5||C3||D3|
(6) |D2||E7||F2||D7||F7||D1||G7||G5||C7|
(5) |G3||H4||H5||D3||C4||C3||B4||B5||H3||C2|
(4) |G5||F2||E7||H3||D7||D1||E1||G7||G2|
(3) |C6||C3||H3||C4||D3||C2||B4||G6||H5||H4|
[G4][E2][D2][G3][G5][H3][H4][C6]{E2}{B4}{B5}{H3}{G3}{H5}{C3}{D3}
Ply 8, lastPly 8
4|6|(6) |G4||G5||D7||E7||G7||G3|
(5) |E2||B4||B5||H3||G3||H5||C3||D3|
(4) |G5||C7||D2||E7||F2||D7||F7||D1||G7|
(3) |C6||G6||G3||C3||D3||C4||B4||H3||H6||B6||H5||H4|
8
(8) |G4||G5||D7||E7||G7||G3|
(7) |E2||B4||B5||H3||G3||H5||C3||D3|
(6) |D2||E7||F2||D7||F7||D1||G7||G5||C7|
(5) |G3||H4||H5||D3||C4||C3||B4||B5||H3||C2|
(4) |G5||F2||E7||H3||D7||D1||E1||G7||G2|
(3) |C6||C3||H3||C4||D3||C2||B4||G6||H5||H4|
[G4][E2][D2][G3][G5][H3][H4][C6]{E2}{B4}{B5}{H3}{G3}{H5}{C3}{D3}
Ply 8, lastPly 8
4|6|(6) |G4||G5||D7||E7||G7||G3|
(5) |E2||B4||B5||H3||G3||H5||C3||D3|
(4) |G5||C7||D2||E7||F2||D7||F7||D1||G7|
(3) |C6||G6||G3||C3||D3||C4||B4||H3||H6||B6||H5||H4|
8
(8) |G4||G5||D7||E7||G7||G3|
(7) |E2||B4||B5||H3||G3||H5||C3||D3|
(6) |D2||E7||F2||D7||F7||D1||G7||G5||C7|
(5) |G3||H4||H5||D3||C4||C3||B4||B5||H3||C2|
(4) |G5||F2||E7||H3||D7||D1||E1||G7||G2|
(3) |C6||C3||H3||C4||D3||C2||B4||G6||H5||H4|
[G4][E2][D2][G3][G5][H3][H4][C6]{E2}{B4}{B5}{H3}{G3}{H5}{C3}{D3}
Ply 8, lastPly 8
4|6|(6) |G4||G5||D7||E7||G7||G3|
(5) |E2||B4||B5||H3||G3||H5||C3||D3|
(4) |G5||C7||D2||E7||F2||D7||F7||D1||G7|
(3) |C6||G6||G3||C3||D3||C4||B4||H3||H6||B6||H5||H4|
8
(8) |G4||G5||D7||E7||G7||G3|
(7) |E2||B4||B5||H3||G3||H5||C3||D3|
(6) |D2||E7||F2||D7||F7||D1||G7||G5||C7|
(5) |G3||H4||H5||D3||C4||C3||B4||B5||H3||C2|
(4) |G5||F2||E7||H3||D7||D1||E1||G7||G2|
(3) |C6||C3||H3||C4||D3||C2||B4||G6||H5||H4|
[G4][E2][D2][G3][G5][H3][H4][C6]{E2}{B4}{B5}{H3}{G3}{H5}{C3}{D3}
Ply 8, lastPly 8
4|6|(6) |G4||G5||D7||E7||G7||G3|
(5) |E2||B4||B5||H3||G3||H5||C3||D3|
(4) |G5||C7||D2||E7||F2||D7||F7||D1||G7|
(3) |C6||G6||G3||C3||D3||C4||B4||H3||H6||B6||H5||H4|
8
(8) |G4||G5||D7||E7||G7||G3|
(7) |E2||B4||B5||H3||G3||H5||C3||D3|
(6) |D2||E7||F2||D7||F7||D1||G7||G5||C7|
(5) |G3||H4||H5||D3||C4||C3||B4||B5||H3||C2|
(4) |G5||F2||E7||H3||D7||D1||E1||G7||G2|
(3) |C6||C3||H3||C4||D3||C2||B4||G6||H5||H4|
[G4][E2][D2][G3][G5][H3][H4][C6]{E2}{B4}{B5}{H3}{G3}{H5}{C3}{D3}
Ply 8, lastPly 8
4|6|(6) |G4||G5||D7||E7||G7||G3|
(5) |E2||B4||B5||H3||G3||H5||C3||D3|
(4) |G5||C7||D2||E7||F2||D7||F7||D1||G7|
(3) |C6||G6||G3||C3||D3||C4||B4||H3||H6||B6||H5||H4|
8
(8) |G4||G5||D7||E7||G7||G3|
(7) |E2||B4||B5||H3||G3||H5||C3||D3|
(6) |D2||E7||F2||D7||F7||D1||G7||G5||C7|
(5) |G3||H4||H5||D3||C4||C3||B4||B5||H3||C2|
(4) |G5||F2||E7||H3||D7||D1||E1||G7||G2|
(3) |C6||C3||H3||C4||D3||C2||B4||G6||H5||H4|
[G4][E2][D2][G3][G5][H3][H4][C6]{E2}{B4}{B5}{H3}{G3}{H5}{C3}{D3}
Ply 8, lastPly 8
4|6|(6) |G4||G5||D7||E7||G7||G3|
(5) |E2||B4||B5||H3||G3||H5||C3||D3|
(4) |G5||C7||D2||E7||F2||D7||F7||D1||G7|
(3) |C6||G6||G3||C3||D3||C4||B4||H3||H6||B6||H5||H4|
8
(8) |G4||G5||D7||E7||G7||G3|
(7) |E2||B4||B5||H3||G3||H5||C3||D3|
(6) |D2||E7||F2||D7||F7||D1||G7||G5||C7|
(5) |G3||H4||H5||D3||C4||C3||B4||B5||H3||C2|
(4) |G5||F2||E7||H3||D7||D1||E1||G7||G2|
(3) |C6||C3||H3||C4||D3||C2||B4||G6||H5||H4|
[G4][E2][D2][G3][G5][H3][H4][C6]{E2}{B4}{B5}{H3}{G3}{H5}{C3}{D3}
Ply 8, lastPly 8
4|6|(6) |G4||G5||D7||E7||G7||G3|
(5) |E2||B4||B5||H3||G3||H5||C3||D3|
(4) |G5||C7||D2||E7||F2||D7||F7||D1||G7|
(3) |C6||G6||G3||C3||D3||C4||B4||H3||H6||B6||H5||H4|
8
(8) |G4||G5||D7||E7||G7||G3|
(7) |E2||B4||B5||H3||G3||H5||C3||D3|
(6) |D2||E7||F2||D7||F7||D1||G7||G5||C7|
(5) |G3||H4||H5||D3||C4||C3||B4||B5||H3||C2|
(4) |G5||F2||E7||H3||D7||D1||E1||G7||G2|
(3) |C6||C3||H3||C4||D3||C2||B4||G6||H5||H4|
[G4][E2][D2][G3][G5][H3][H4][C6]{E2}{B4}{B5}{H3}{G3}{H5}{C3}{D3}
Ply 8, lastPly 8
4|6|(6) |G4||G5||D7||E7||G7||G3|
(5) |E2||B4||B5||H3||G3||H5||C3||D3|
(4) |G5||C7||D2||E7||F2||D7||F7||D1||G7|
(3) |C6||G6||G3||C3||D3||C4||B4||H3||H6||B6||H5||H4|
8
(8) |G4||G5||D7||E7||G7||G3|
(7) |E2||B4||B5||H3||G3||H5||C3||D3|
(6) |D2||E7||F2||D7||F7||D1||G7||G5||C7|
(5) |G3||H4||H5||D3||C4||C3||B4||B5||H3||C2|
(4) |G5||F2||E7||H3||D7||D1||E1||G7||G2|
(3) |C6||C3||H3||C4||D3||C2||B4||G6||H5||H4|
[G4][E2][D2][G3][G5][H3][H4][C6]{E2}{B4}{B5}{H3}{G3}{H5}{C3}{D3}
Ply 8, lastPly 8
4|6|(6) |G4||G5||D7||E7||G7||G3|
(5) |E2||B4||B5||H3||G3||H5||C3||D3|
(4) |G5||C7||D2||E7||F2||D7||F7||D1||G7|
(3) |C6||G6||G3||C3||D3||C4||B4||H3||H6||B6||H5||H4|
8
(8) |G4||G5||D7||E7||G7||G3|
(7) |E2||B4||B5||H3||G3||H5||C3||D3|
(6) |D2||E7||F2||D7||F7||D1||G7||G5||C7|
(5) |G3||H4||H5||D3||C4||C3||B4||B5||H3||C2|
(4) |G5||F2||E7||H3||D7||D1||E1||G7||G2|
(3) |C6||C3||H3||C4||D3||C2||B4||G6||H5||H4|
[G4][E2][D2][G3][G5][H3][H4][C6]{E2}{B4}{B5}{H3}{G3}{H5}{C3}{D3}
Ply 8, lastPly 8
4|6|(6) |G4||G5||D7||E7||G7||G3|
(5) |E2||B4||B5||H3||G3||H5||C3||D3|
(4) |G5||C7||D2||E7||F2||D7||F7||D1||G7|
(3) |C6||G6||G3||C3||D3||C4||B4||H3||H6||B6||H5||H4|
8
(8) |G4||G5||D7||E7||G7||G3|
(7) |E2||B4||B5||H3||G3||H5||C3||D3|
(6) |D2||E7||F2||D7||F7||D1||G7||G5||C7|
(5) |G3||H4||H5||D3||C4||C3||B4||B5||H3||C2|
(4) |G5||F2||E7||H3||D7||D1||E1||G7||G2|
(3) |C6||C3||H3||C4||D3||C2||B4||G6||H5||H4|
[G4][E2][D2][G3][G5][H3][H4][C6]{E2}{B4}{B5}{H3}{G3}{H5}{C3}{D3}
Ply 8, lastPly 8
4|6|(6) |G4||G5||D7||E7||G7||G3|
(5) |E2||B4||B5||H3||G3||H5||C3||D3|
(4) |G5||C7||D2||E7||F2||D7||F7||D1||G7|
(3) |C6||G6||G3||C3||D3||C4||B4||H3||H6||B6||H5||H4|
8
(8) |G4||G5||D7||E7||G7||G3|
(7) |E2||B4||B5||H3||G3||H5||C3||D3|
(6) |D2||E7||F2||D7||F7||D1||G7||G5||C7|
(5) |G3||H4||H5||D3||C4||C3||B4||B5||H3||C2|
(4) |G5||F2||E7||H3||D7||D1||E1||G7||G2|
(3) |C6||C3||H3||C4||D3||C2||B4||G6||H5||H4|
[G4][E2][D2][G3][G5][H3][H4][C6]{E2}{B4}{B5}{H3}{G3}{H5}{C3}{D3}
Ply 8, lastPly 8
4|6|(6) |G4||G5||D7||E7||G7||G3|
(5) |E2||B4||B5||H3||G3||H5||C3||D3|
(4) |G5||C7||D2||E7||F2||D7||F7||D1||G7|
(3) |C6||G6||G3||C3||D3||C4||B4||H3||H6||B6||H5||H4|
8
(8) |G4||G5||D7||E7||G7||G3|
(7) |E2||B4||B5||H3||G3||H5||C3||D3|
(6) |D2||E7||F2||D7||F7||D1||G7||G5||C7|
(5) |G3||H4||H5||D3||C4||C3||B4||B5||H3||C2|
(4) |G5||F2||E7||H3||D7||D1||E1||G7||G2|
(3) |C6||C3||H3||C4||D3||C2||B4||G6||H5||H4|
[G4][E2][D2][G3][G5][H3][H4][C6]{E2}{B4}{B5}{H3}{G3}{H5}{C3}{D3}
Ply 8, lastPly 8
4|6|(6) |G4||G5||D7||E7||G7||G3|
(5) |E2||B4||B5||H3||G3||H5||C3||D3|
(4) |G5||C7||D2||E7||F2||D7||F7||D1||G7|
(3) |C6||G6||G3||C3||D3||C4||B4||H3||H6||B6||H5||H4|
8
(8) |G4||G5||D7||E7||G7||G3|
(7) |E2||B4||B5||H3||G3||H5||C3||D3|
(6) |D2||E7||F2||D7||F7||D1||G7||G5||C7|
(5) |G3||H4||H5||D3||C4||C3||B4||B5||H3||C2|
(4) |G5||F2||E7||H3||D7||D1||E1||G7||G2|
(3) |C6||C3||H3||C4||D3||C2||B4||G6||H5||H4|
[G4][E2][D2][G3][G5][H3][H4][C6]{E2}{B4}{B5}{H3}{G3}{H5}{C3}{D3}
Ply 8, lastPly 8
4|6|(6) |G4||G5||D7||E7||G7||G3|
(5) |E2||B4||B5||H3||G3||H5||C3||D3|
(4) |G5||C7||D2||E7||F2||D7||F7||D1||G7|
(3) |C6||G6||G3||C3||D3||C4||B4||H3||H6||B6||H5||H4|
8
(8) |G4||G5||D7||E7||G7||G3|
(7) |E2||B4||B5||H3||G3||H5||C3||D3|
(6) |D2||E7||F2||D7||F7||D1||G7||G5||C7|
(5) |G3||H4||H5||D3||C4||C3||B4||B5||H3||C2|
(4) |G5||F2||E7||H3||D7||D1||E1||G7||G2|
(3) |C6||C3||H3||C4||D3||C2||B4||G6||H5||H4|
[G4][E2][D2][G3][G5][H3][H4][C6]{E2}{B4}{B5}{H3}{G3}{H5}{C3}{D3}
Ply 8, lastPly 8
4|6|(6) |G4||G5||D7||E7||G7||G3|
(5) |E2||B4||B5||H3||G3||H5||C3||D3|
(4) |G5||C7||D2||E7||F2||D7||F7||D1||G7|
(3) |C6||G6||G3||C3||D3||C4||B4||H3||H6||B6||H5||H4|
8
(8) |G4||G5||D7||E7||G7||G3|
(7) |E2||B4||B5||H3||G3||H5||C3||D3|
(6) |D2||E7||F2||D7||F7||D1||G7||G5||C7|
(5) |G3||H4||H5||D3||C4||C3||B4||B5||H3||C2|
(4) |G5||F2||E7||H3||D7||D1||E1||G7||G2|
(3) |C6||C3||H3||C4||D3||C2||B4||G6||H5||H4|
[G4][E2][D2][G3][G5][H3][H4][C6]{E2}{B4}{B5}{H3}{G3}{H5}{C3}{D3}
Ply 8, lastPly 8
4|6|(6) |G4||G5||D7||E7||G7||G3|
(5) |E2||B4||B5||H3||G3||H5||C3||D3|
(4) |G5||C7||D2||E7||F2||D7||F7||D1||G7|
(3) |C6||G6||G3||C3||D3||C4||B4||H3||H6||B6||H5||H4|
8
(8) |G4||G5||D7||E7||G7||G3|
(7) |E2||B4||B5||H3||G3||H5||C3||D3|
(6) |D2||E7||F2||D7||F7||D1||G7||G5||C7|
(5) |G3||H4||H5||D3||C4||C3||B4||B5||H3||C2|
(4) |G5||F2||E7||H3||D7||D1||E1||G7||G2|
(3) |C6||C3||H3||C4||D3||C2||B4||G6||H5||H4|
[G4][E2][D2][G3][G5][H3][H4][C6]{E2}{B4}{B5}{H3}{G3}{H5}{C3}{D3}
Ply 8, lastPly 8
4|6|(6) |G4||G5||D7||E7||G7||G3|
(5) |E2||B4||B5||H3||G3||H5||C3||D3|
(4) |G5||C7||D2||E7||F2||D7||F7||D1||G7|
(3) |C6||G6||G3||C3||D3||C4||B4||H3||H6||B6||H5||H4|
8
(8) |G4||G5||D7||E7||G7||G3|
(7) |E2||B4||B5||H3||G3||H5||C3||D3|
(6) |D2||E7||F2||D7||F7||D1||G7||G5||C7|
(5) |G3||H4||H5||D3||C4||C3||B4||B5||H3||C2|
(4) |G5||F2||E7||H3||D7||D1||E1||G7||G2|
(3) |C6||C3||H3||C4||D3||C2||B4||G6||H5||H4|
[G4][E2][D2][G3][G5][H3][H4][C6]{E2}{B4}{B5}{H3}{G3}{H5}{C3}{D3}
Ply 8, lastPly 8
4|6|(6) |G4||G5||D7||E7||G7||G3|
(5) |E2||B4||B5||H3||G3||H5||C3||D3|
(4) |G5||C7||D2||E7||F2||D7||F7||D1||G7|
(3) |C6||G6||G3||C3||D3||C4||B4||H3||H6||B6||H5||H4|
8
(8) |G4||G5||D7||E7||G7||G3|
(7) |E2||B4||B5||H3||G3||H5||C3||D3|
(6) |D2||E7||F2||D7||F7||D1||G7||G5||C7|
(5) |G3||H4||H5||D3||C4||C3||B4||B5||H3||C2|
(4) |G5||F2||E7||H3||D7||D1||E1||G7||G2|
(3) |C6||C3||H3||C4||D3||C2||B4||G6||H5||H4|
[G4][E2][D2][G3][G5][H3][H4][C6]{E2}{B4}{B5}{H3}{G3}{H5}{C3}{D3}
Ply 8, lastPly 8
4|6|(6) |G4||G5||D7||E7||G7||G3|
(5) |E2||B4||B5||H3||G3||H5||C3||D3|
(4) |G5||C7||D2||E7||F2||D7||F7||D1||G7|
(3) |C6||G6||G3||C3||D3||C4||B4||H3||H6||B6||H5||H4|
8
(8) |G4||G5||D7||E7||G7||G3|
(7) |E2||B4||B5||H3||G3||H5||C3||D3|
(6) |D2||E7||F2||D7||F7||D1||G7||G5||C7|
(5) |G3||H4||H5||D3||C4||C3||B4||B5||H3||C2|
(4) |G5||F2||E7||H3||D7||D1||E1||G7||G2|
(3) |C6||C3||H3||C4||D3||C2||B4||G6||H5||H4|
[G4][E2][D2][G3][G5][H3][H4][C6]{E2}{B4}{B5}{H3}{G3}{H5}{C3}{D3}
Ply 8, lastPly 8
4|6|(6) |G4||G5||D7||E7||G7||G3|
(5) |E2||B4||B5||H3||G3||H5||C3||D3|
(4) |G5||C7||D2||E7||F2||D7||F7||D1||G7|
(3) |C6||G6||G3||C3||D3||C4||B4||H3||H6||B6||H5||H4|
8
(8) |G4||G5||D7||E7||G7||G3|
(7) |E2||B4||B5||H3||G3||H5||C3||D3|
(6) |D2||E7||F2||D7||F7||D1||G7||G5||C7|
(5) |G3||H4||H5||D3||C4||C3||B4||B5||H3||C2|
(4) |G5||F2||E7||H3||D7||D1||E1||G7||G2|
(3) |C6||C3||H3||C4||D3||C2||B4||G6||H5||H4|
[G4][E2][D2][G3][G5][H3][H4][C6]{E2}{B4}{B5}{H3}{G3}{H5}{C3}{D3}
Ply 8, lastPly 8
4|6|(6) |G4||G5||D7||E7||G7||G3|
(5) |E2||B4||B5||H3||G3||H5||C3||D3|
(4) |G5||C7||D2||E7||F2||D7||F7||D1||G7|
(3) |C6||G6||G3||C3||D3||C4||B4||H3||H6||B6||H5||H4|
8
(8) |G4||G5||D7||E7||G7||G3|
(7) |E2||B4||B5||H3||G3||H5||C3||D3|
(6) |D2||E7||F2||D7||F7||D1||G7||G5||C7|
(5) |G3||H4||H5||D3||C4||C3||B4||B5||H3||C2|
(4) |G5||F2||E7||H3||D7||D1||E1||G7||G2|
(3) |C6||C3||H3||C4||D3||C2||B4||G6||H5||H4|
[G4][E2][D2][G3][G5][H3][H4][C6]{E2}{B4}{B5}{H3}{G3}{H5}{C3}{D3}
Ply 8, lastPly 8
4|6|(6) |G4||G5||D7||E7||G7||G3|
(5) |E2||B4||B5||H3||G3||H5||C3||D3|
(4) |G5||C7||D2||E7||F2||D7||F7||D1||G7|
(3) |C6||G6||G3||C3||D3||C4||B4||H3||H6||B6||H5||H4|
8
(8) |G4||G5||D7||E7||G7||G3|
(7) |E2||B4||B5||H3||G3||H5||C3||D3|
(6) |D2||E7||F2||D7||F7||D1||G7||G5||C7|
(5) |G3||H4||H5||D3||C4||C3||B4||B5||H3||C2|
(4) |G5||F2||E7||H3||D7||D1||E1||G7||G2|
(3) |C6||C3||H3||C4||D3||C2||B4||G6||H5||H4|
[G4][E2][D2][G3][G5][H3][H4][C6]{E2}{B4}{B5}{H3}{G3}{H5}{C3}{D3}
Ply 8, lastPly 8
4|6|(6) |G4||G5||D7||E7||G7||G3|
(5) |E2||B4||B5||H3||G3||H5||C3||D3|
(4) |G5||C7||D2||E7||F2||D7||F7||D1||G7|
(3) |C6||G6||G3||C3||D3||C4||B4||H3||H6||B6||H5||H4|
8
(8) |G4||G5||D7||E7||G7||G3|
(7) |E2||B4||B5||H3||G3||H5||C3||D3|
(6) |D2||E7||F2||D7||F7||D1||G7||G5||C7|
(5) |G3||H4||H5||D3||C4||C3||B4||B5||H3||C2|
(4) |G5||F2||E7||H3||D7||D1||E1||G7||G2|
(3) |C6||C3||H3||C4||D3||C2||B4||G6||H5||H4|
[G4][E2][D2][G3][G5][H3][H4][C6]{E2}{B4}{B5}{H3}{G3}{H5}{C3}{D3}
Ply 8, lastPly 8
4|6|(6) |G4||G5||D7||E7||G7||G3|
(5) |E2||B4||B5||H3||G3||H5||C3||D3|
(4) |G5||C7||D2||E7||F2||D7||F7||D1||G7|
(3) |C6||G6||G3||C3||D3||C4||B4||H3||H6||B6||H5||H4|
8
(8) |G4||G5||D7||E7||G7||G3|
(7) |E2||B4||B5||H3||G3||H5||C3||D3|
(6) |D2||E7||F2||D7||F7||D1||G7||G5||C7|
(5) |G3||H4||H5||D3||C4||C3||B4||B5||H3||C2|
(4) |G5||F2||E7||H3||D7||D1||E1||G7||G2|
(3) |C6||C3||H3||C4||D3||C2||B4||G6||H5||H4|
[G4][E2][D2][G3][G5][H3][H4][C6]{E2}{B4}{B5}{H3}{G3}{H5}{C3}{D3}
Ply 8, lastPly 8
4|6|(6) |G4||G5||D7||E7||G7||G3|
(5) |E2||B4||B5||H3||G3||H5||C3||D3|
(4) |G5||C7||D2||E7||F2||D7||F7||D1||G7|
(3) |C6||G6||G3||C3||D3||C4||B4||H3||H6||B6||H5||H4|
8
(8) |G4||G5||D7||E7||G7||G3|
(7) |E2||B4||B5||H3||G3||H5||C3||D3|
(6) |D2||E7||F2||D7||F7||D1||G7||G5||C7|
(5) |G3||H4||H5||D3||C4||C3||B4||B5||H3||C2|
(4) |G5||F2||E7||H3||D7||D1||E1||G7||G2|
(3) |C6||C3||H3||C4||D3||C2||B4||G6||H5||H4|
[G4][E2][D2][G3][G5][H3][H4][C6]{E2}{B4}{B5}{H3}{G3}{H5}{C3}{D3}
Ply 8, lastPly 8
4|6|(6) |G4||G5||D7||E7||G7||G3|
(5) |E2||B4||B5||H3||G3||H5||C3||D3|
(4) |G5||C7||D2||E7||F2||D7||F7||D1||G7|
(3) |C6||G6||G3||C3||D3||C4||B4||H3||H6||B6||H5||H4|
8
(8) |G4||G5||D7||E7||G7||G3|
(7) |E2||B4||B5||H3||G3||H5||C3||D3|
(6) |D2||E7||F2||D7||F7||D1||G7||G5||C7|
(5) |G3||H4||H5||D3||C4||C3||B4||B5||H3||C2|
(4) |G5||F2||E7||H3||D7||D1||E1||G7||G2|
(3) |C6||C3||H3||C4||D3||C2||B4||G6||H5||H4|
[G4][E2][D2][G3][G5][H3][H4][C6]{E2}{B4}{B5}{H3}{G3}{H5}{C3}{D3}
Ply 8, lastPly 8
4|6|(6) |G4||G5||D7||E7||G7||G3|
(5) |E2||B4||B5||H3||G3||H5||C3||D3|
(4) |G5||C7||D2||E7||F2||D7||F7||D1||G7|
(3) |C6||G6||G3||C3||D3||C4||B4||H3||H6||B6||H5||H4|
8
(8) |G4||G5||D7||E7||G7||G3|
(7) |E2||B4||B5||H3||G3||H5||C3||D3|
(6) |D2||E7||F2||D7||F7||D1||G7||G5||C7|
(5) |G3||H4||H5||D3||C4||C3||B4||B5||H3||C2|
(4) |G5||F2||E7||H3||D7||D1||E1||G7||G2|
(3) |C6||C3||H3||C4||D3||C2||B4||G6||H5||H4|
[G4][E2][D2][G3][G5][H3][H4][C6]{E2}{B4}{B5}{H3}{G3}{H5}{C3}{D3}
Ply 8, lastPly 8
4|6|(6) |G4||G5||D7||E7||G7||G3|
(5) |E2||B4||B5||H3||G3||H5||C3||D3|
(4) |G5||C7||D2||E7||F2||D7||F7||D1||G7|
(3) |C6||G6||G3||C3||D3||C4||B4||H3||H6||B6||H5||H4|
8
(8) |G4||G5||D7||E7||G7||G3|
(7) |E2||B4||B5||H3||G3||H5||C3||D3|
(6) |D2||E7||F2||D7||F7||D1||G7||G5||C7|
(5) |G3||H4||H5||D3||C4||C3||B4||B5||H3||C2|
(4) |G5||F2||E7||H3||D7||D1||E1||G7||G2|
(3) |C6||C3||H3||C4||D3||C2||B4||G6||H5||H4|
[G4][E2][D2][G3][G5][H3][H4][C6]{E2}{B4}{B5}{H3}{G3}{H5}{C3}{D3}
Ply 8, lastPly 8
4|6|(6) |G4||G5||D7||E7||G7||G3|
(5) |E2||B4||B5||H3||G3||H5||C3||D3|
(4) |G5||C7||D2||E7||F2||D7||F7||D1||G7|
(3) |C6||G6||G3||C3||D3||C4||B4||H3||H6||B6||H5||H4|
8
(8) |G4||G5||D7||E7||G7||G3|
(7) |E2||B4||B5||H3||G3||H5||C3||D3|
(6) |D2||E7||F2||D7||F7||D1||G7||G5||C7|
(5) |G3||H4||H5||D3||C4||C3||B4||B5||H3||C2|
(4) |G5||F2||E7||H3||D7||D1||E1||G7||G2|
(3) |C6||C3||H3||C4||D3||C2||B4||G6||H5||H4|
[G4][E2][D2][G3][G5][H3][H4][C6]{E2}{B4}{B5}{H3}{G3}{H5}{C3}{D3}
Ply 8, lastPly 8
4|6|(6) |G4||G5||D7||E7||G7||G3|
(5) |E2||B4||B5||H3||G3||H5||C3||D3|
(4) |G5||C7||D2||E7||F2||D7||F7||D1||G7|
(3) |C6||G6||G3||C3||D3||C4||B4||H3||H6||B6||H5||H4|
8
(8) |G4||G5||D7||E7||G7||G3|
(7) |E2||B4||B5||H3||G3||H5||C3||D3|
(6) |D2||E7||F2||D7||F7||D1||G7||G5||C7|
(5) |G3||H4||H5||D3||C4||C3||B4||B5||H3||C2|
(4) |G5||F2||E7||H3||D7||D1||E1||G7||G2|
(3) |C6||C3||H3||C4||D3||C2||B4||G6||H5||H4|
[G4][E2][D2][G3][G5][H3][H4][C6]{E2}{B4}{B5}{H3}{G3}{H5}{C3}{D3}
Ply 8, lastPly 8
4|6|(6) |G4||G5||D7||E7||G7||G3|
(5) |E2||B4||B5||H3||G3||H5||C3||D3|
(4) |G5||C7||D2||E7||F2||D7||F7||D1||G7|
(3) |C6||G6||G3||C3||D3||C4||B4||H3||H6||B6||H5||H4|
8
(8) |G4||G5||D7||E7||G7||G3|
(7) |E2||B4||B5||H3||G3||H5||C3||D3|
(6) |D2||E7||F2||D7||F7||D1||G7||G5||C7|
(5) |G3||H4||H5||D3||C4||C3||B4||B5||H3||C2|
(4) |G5||F2||E7||H3||D7||D1||E1||G7||G2|
(3) |C6||C3||H3||C4||D3||C2||B4||G6||H5||H4|
[G4][E2][D2][G3][G5][H3][H4][C6]{E2}{B4}{B5}{H3}{G3}{H5}{C3}{D3}
Ply 8, lastPly 8
4|6|(6) |G4||G5||D7||E7||G7||G3|
(5) |E2||B4||B5||H3||G3||H5||C3||D3|
(4) |G5||C7||D2||E7||F2||D7||F7||D1||G7|
(3) |C6||G6||G3||C3||D3||C4||B4||H3||H6||B6||H5||H4|
8
(8) |G4||G5||D7||E7||G7||G3|
(7) |E2||B4||B5||H3||G3||H5||C3||D3|
(6) |D2||E7||F2||D7||F7||D1||G7||G5||C7|
(5) |G3||H4||H5||D3||C4||C3||B4||B5||H3||C2|
(4) |G5||F2||E7||H3||D7||D1||E1||G7||G2|
(3) |C6||C3||H3||C4||D3||C2||B4||G6||H5||H4|
[G4][E2][D2][G3][G5][H3][H4][C6]{E2}{B4}{B5}{H3}{G3}{H5}{C3}{D3}
Ply 8, lastPly 8
4|6|(6) |G4||G5||D7||E7||G7||G3|
(5) |E2||B4||B5||H3||G3||H5||C3||D3|
(4) |G5||C7||D2||E7||F2||D7||F7||D1||G7|
(3) |C6||G6||G3||C3||D3||C4||B4||H3||H6||B6||H5||H4|
8
(8) |G4||G5||D7||E7||G7||G3|
(7) |E2||B4||B5||H3||G3||H5||C3||D3|
(6) |D2||E7||F2||D7||F7||D1||G7||G5||C7|
(5) |G3||H4||H5||D3||C4||C3||B4||B5||H3||C2|
(4) |G5||F2||E7||H3||D7||D1||E1||G7||G2|
(3) |C6||C3||H3||C4||D3||C2||B4||G6||H5||H4|
[G4][E2][D2][G3][G5][H3][H4][C6]{E2}{B4}{B5}{H3}{G3}{H5}{C3}{D3}
Ply 8, lastPly 8
4|6|(6) |G4||G5||D7||E7||G7||G3|
(5) |E2||B4||B5||H3||G3||H5||C3||D3|
(4) |G5||C7||D2||E7||F2||D7||F7||D1||G7|
(3) |C6||G6||G3||C3||D3||C4||B4||H3||H6||B6||H5||H4|
8
(8) |G4||G5||D7||E7||G7||G3|
(7) |E2||B4||B5||H3||G3||H5||C3||D3|
(6) |D2||E7||F2||D7||F7||D1||G7||G5||C7|
(5) |G3||H4||H5||D3||C4||C3||B4||B5||H3||C2|
(4) |G5||F2||E7||H3||D7||D1||E1||G7||G2|
(3) |C6||C3||H3||C4||D3||C2||B4||G6||H5||H4|
[G4][E2][D2][G3][G5][H3][H4][C6]{E2}{B4}{B5}{H3}{G3}{H5}{C3}{D3}
Ply 8, lastPly 8
4|6|(6) |G4||G5||D7||E7||G7||G3|
(5) |E2||B4||B5||H3||G3||H5||C3||D3|
(4) |G5||C7||D2||E7||F2||D7||F7||D1||G7|
(3) |C6||G6||G3||C3||D3||C4||B4||H3||H6||B6||H5||H4|
8
(8) |G4||G5||D7||E7||G7||G3|
(7) |E2||B4||B5||H3||G3||H5||C3||D3|
(6) |D2||E7||F2||D7||F7||D1||G7||G5||C7|
(5) |G3||H4||H5||D3||C4||C3||B4||B5||H3||C2|
(4) |G5||F2||E7||H3||D7||D1||E1||G7||G2|
(3) |C6||C3||H3||C4||D3||C2||B4||G6||H5||H4|
[G4][E2][D2][G3][G5][H3][H4][C6]{E2}{B4}{B5}{H3}{G3}{H5}{C3}{D3}
Ply 8, lastPly 8
4|6|(6) |G4||G5||D7||E7||G7||G3|
(5) |E2||B4||B5||H3||G3||H5||C3||D3|
(4) |G5||C7||D2||E7||F2||D7||F7||D1||G7|
(3) |C6||G6||G3||C3||D3||C4||B4||H3||H6||B6||H5||H4|
8
(8) |G4||G5||D7||E7||G7||G3|
(7) |E2||B4||B5||H3||G3||H5||C3||D3|
(6) |D2||E7||F2||D7||F7||D1||G7||G5||C7|
(5) |G3||H4||H5||D3||C4||C3||B4||B5||H3||C2|
(4) |G5||F2||E7||H3||D7||D1||E1||G7||G2|
(3) |C6||C3||H3||C4||D3||C2||B4||G6||H5||H4|
[G4][E2][D2][G3][G5][H3][H4][C6]{E2}{B4}{B5}{H3}{G3}{H5}{C3}{D3}
Ply 8, lastPly 8
4|6|(6) |G4||G5||D7||E7||G7||G3|
(5) |E2||B4||B5||H3||G3||H5||C3||D3|
(4) |G5||C7||D2||E7||F2||D7||F7||D1||G7|
(3) |C6||G6||G3||C3||D3||C4||B4||H3||H6||B6||H5||H4|
8
(8) |G4||G5||D7||E7||G7||G3|
(7) |E2||B4||B5||H3||G3||H5||C3||D3|
(6) |D2||E7||F2||D7||F7||D1||G7||G5||C7|
(5) |G3||H4||H5||D3||C4||C3||B4||B5||H3||C2|
(4) |G5||F2||E7||H3||D7||D1||E1||G7||G2|
(3) |C6||C3||H3||C4||D3||C2||B4||G6||H5||H4|
[G4][E2][D2][G3][G5][H3][H4][C6]{E2}{B4}{B5}{H3}{G3}{H5}{C3}{D3}
Ply 8, lastPly 8
4|6|(6) |G4||G5||D7||E7||G7||G3|
(5) |E2||B4||B5||H3||G3||H5||C3||D3|
(4) |G5||C7||D2||E7||F2||D7||F7||D1||G7|
(3) |C6||G6||G3||C3||D3||C4||B4||H3||H6||B6||H5||H4|
8
(8) |G4||G5||D7||E7||G7||G3|
(7) |E2||B4||B5||H3||G3||H5||C3||D3|
(6) |D2||E7||F2||D7||F7||D1||G7||G5||C7|
(5) |G3||H4||H5||D3||C4||C3||B4||B5||H3||C2|
(4) |G5||F2||E7||H3||D7||D1||E1||G7||G2|
(3) |C6||C3||H3||C4||D3||C2||B4||G6||H5||H4|
[G4][E2][D2][G3][G5][H3][H4][C6]{E2}{B4}{B5}{H3}{G3}{H5}{C3}{D3}
Ply 8, lastPly 8
4|6|(6) |G4||G5||D7||E7||G7||G3|
(5) |E2||B4||B5||H3||G3||H5||C3||D3|
(4) |G5||C7||D2||E7||F2||D7||F7||D1||G7|
(3) |C6||G6||G3||C3||D3||C4||B4||H3||H6||B6||H5||H4|
8
(8) |G4||G5||D7||E7||G7||G3|
(7) |E2||B4||B5||H3||G3||H5||C3||D3|
(6) |D2||E7||F2||D7||F7||D1||G7||G5||C7|
(5) |G3||H4||H5||D3||C4||C3||B4||B5||H3||C2|
(4) |G5||F2||E7||H3||D7||D1||E1||G7||G2|
(3) |C6||C3||H3||C4||D3||C2||B4||G6||H5||H4|
[G4][E2][D2][G3][G5][H3][H4][C6]{E2}{B4}{B5}{H3}{G3}{H5}{C3}{D3}
Ply 8, lastPly 8
4|6|(6) |G4||G5||D7||E7||G7||G3|
(5) |E2||B4||B5||H3||G3||H5||C3||D3|
(4) |G5||C7||D2||E7||F2||D7||F7||D1||G7|
(3) |C6||G6||G3||C3||D3||C4||B4||H3||H6||B6||H5||H4|
8
(8) |G4||G5||D7||E7||G7||G3|
(7) |E2||B4||B5||H3||G3||H5||C3||D3|
(6) |D2||E7||F2||D7||F7||D1||G7||G5||C7|
(5) |G3||H4||H5||D3||C4||C3||B4||B5||H3||C2|
(4) |G5||F2||E7||H3||D7||D1||E1||G7||G2|
(3) |C6||C3||H3||C4||D3||C2||B4||G6||H5||H4|
[G4][E2][D2][G3][G5][H3][H4][C6]{E2}{B4}{B5}{H3}{G3}{H5}{C3}{D3}
Ply 8, lastPly 8
4|6|(6) |G4||G5||D7||E7||G7||G3|
(5) |E2||B4||B5||H3||G3||H5||C3||D3|
(4) |G5||C7||D2||E7||F2||D7||F7||D1||G7|
(3) |C6||G6||G3||C3||D3||C4||B4||H3||H6||B6||H5||H4|
8
(8) |G4||G5||D7||E7||G7||G3|
(7) |E2||B4||B5||H3||G3||H5||C3||D3|
(6) |D2||E7||F2||D7||F7||D1||G7||G5||C7|
(5) |G3||H4||H5||D3||C4||C3||B4||B5||H3||C2|
(4) |G5||F2||E7||H3||D7||D1||E1||G7||G2|
(3) |C6||C3||H3||C4||D3||C2||B4||G6||H5||H4|
[G4][E2][D2][G3][G5][H3][H4][C6]{E2}{B4}{B5}{H3}{G3}{H5}{C3}{D3}
Ply 8, lastPly 8
4|6|(6) |G4||G5||D7||E7||G7||G3|
(5) |E2||B4||B5||H3||G3||H5||C3||D3|
(4) |G5||C7||D2||E7||F2||D7||F7||D1||G7|
(3) |C6||G6||G3||C3||D3||C4||B4||H3||H6||B6||H5||H4|
8
(8) |G4||G5||D7||E7||G7||G3|
(7) |E2||B4||B5||H3||G3||H5||C3||D3|
(6) |D2||E7||F2||D7||F7||D1||G7||G5||C7|
(5) |G3||H4||H5||D3||C4||C3||B4||B5||H3||C2|
(4) |G5||F2||E7||H3||D7||D1||E1||G7||G2|
(3) |C6||C3||H3||C4||D3||C2||B4||G6||H5||H4|
[G4][E2][D2][G3][G5][H3][H4][C6]{E2}{B4}{B5}{H3}{G3}{H5}{C3}{D3}
Ply 8, lastPly 8
4|6|(6) |G4||G5||D7||E7||G7||G3|
(5) |E2||B4||B5||H3||G3||H5||C3||D3|
(4) |G5||C7||D2||E7||F2||D7||F7||D1||G7|
(3) |C6||G6||G3||C3||D3||C4||B4||H3||H6||B6||H5||H4|
8
(8) |G4||G5||D7||E7||G7||G3|
(7) |E2||B4||B5||H3||G3||H5||C3||D3|
(6) |D2||E7||F2||D7||F7||D1||G7||G5||C7|
(5) |G3||H4||H5||D3||C4||C3||B4||B5||H3||C2|
(4) |G5||F2||E7||H3||D7||D1||E1||G7||G2|
(3) |C6||C3||H3||C4||D3||C2||B4||G6||H5||H4|
[G4][E2][D2][G3][G5][H3][H4][C6]{E2}{B4}{B5}{H3}{G3}{H5}{C3}{D3}
Ply 8, lastPly 8
4|6|(6) |G4||G5||D7||E7||G7||G3|
(5) |E2||B4||B5||H3||G3||H5||C3||D3|
(4) |G5||C7||D2||E7||F2||D7||F7||D1||G7|
(3) |C6||G6||G3||C3||D3||C4||B4||H3||H6||B6||H5||H4|
8
(8) |G4||G5||D7||E7||G7||G3|
(7) |E2||B4||B5||H3||G3||H5||C3||D3|
(6) |D2||E7||F2||D7||F7||D1||G7||G5||C7|
(5) |G3||H4||H5||D3||C4||C3||B4||B5||H3||C2|
(4) |G5||F2||E7||H3||D7||D1||E1||G7||G2|
(3) |C6||C3||H3||C4||D3||C2||B4||G6||H5||H4|
[G4][E2][D2][G3][G5][H3][H4][C6]{E2}{B4}{B5}{H3}{G3}{H5}{C3}{D3}
Ply 8, lastPly 8
4|6|(6) |G4||G5||D7||E7||G7||G3|
(5) |E2||B4||B5||H3||G3||H5||C3||D3|
(4) |G5||C7||D2||E7||F2||D7||F7||D1||G7|
(3) |C6||G6||G3||C3||D3||C4||B4||H3||H6||B6||H5||H4|
8
(8) |G4||G5||D7||E7||G7||G3|
(7) |E2||B4||B5||H3||G3||H5||C3||D3|
(6) |D2||E7||F2||D7||F7||D1||G7||G5||C7|
(5) |G3||H4||H5||D3||C4||C3||B4||B5||H3||C2|
(4) |G5||F2||E7||H3||D7||D1||E1||G7||G2|
(3) |C6||C3||H3||C4||D3||C2||B4||G6||H5||H4|
[G4][E2][D2][G3][G5][H3][H4][C6]{E2}{B4}{B5}{H3}{G3}{H5}{C3}{D3}
Ply 8, lastPly 8
4|6|(6) |G4||G5||D7||E7||G7||G3|
(5) |E2||B4||B5||H3||G3||H5||C3||D3|
(4) |G5||C7||D2||E7||F2||D7||F7||D1||G7|
(3) |C6||G6||G3||C3||D3||C4||B4||H3||H6||B6||H5||H4|
8
(8) |G4||G5||D7||E7||G7||G3|
(7) |E2||B4||B5||H3||G3||H5||C3||D3|
(6) |D2||E7||F2||D7||F7||D1||G7||G5||C7|
(5) |G3||H4||H5||D3||C4||C3||B4||B5||H3||C2|
(4) |G5||F2||E7||H3||D7||D1||E1||G7||G2|
(3) |C6||C3||H3||C4||D3||C2||B4||G6||H5||H4|
[G4][E2][D2][G3][G5][H3][H4][C6]{E2}{B4}{B5}{H3}{G3}{H5}{C3}{D3}
Ply 8, lastPly 8
4|6|(6) |G4||G5||D7||E7||G7||G3|
(5) |E2||B4||B5||H3||G3||H5||C3||D3|
(4) |G5||C7||D2||E7||F2||D7||F7||D1||G7|
(3) |C6||G6||G3||C3||D3||C4||B4||H3||H6||B6||H5||H4|
8
(8) |G4||G5||D7||E7||G7||G3|
(7) |E2||B4||B5||H3||G3||H5||C3||D3|
(6) |D2||E7||F2||D7||F7||D1||G7||G5||C7|
(5) |G3||H4||H5||D3||C4||C3||B4||B5||H3||C2|
(4) |G5||F2||E7||H3||D7||D1||E1||G7||G2|
(3) |C6||C3||H3||C4||D3||C2||B4||G6||H5||H4|
[G4][E2][D2][G3][G5][H3][H4][C6]{E2}{B4}{B5}{H3}{G3}{H5}{C3}{D3}
Ply 8, lastPly 8
4|6|(6) |G4||G5||D7||E7||G7||G3|
(5) |E2||B4||B5||H3||G3||H5||C3||D3|
(4) |G5||C7||D2||E7||F2||D7||F7||D1||G7|
(3) |C6||G6||G3||C3||D3||C4||B4||H3||H6||B6||H5||H4|
8
(8) |G4||G5||D7||E7||G7||G3|
(7) |E2||B4||B5||H3||G3||H5||C3||D3|
(6) |D2||E7||F2||D7||F7||D1||G7||G5||C7|
(5) |G3||H4||H5||D3||C4||C3||B4||B5||H3||C2|
(4) |G5||F2||E7||H3||D7||D1||E1||G7||G2|
(3) |C6||C3||H3||C4||D3||C2||B4||G6||H5||H4|
[G4][E2][D2][G3][G5][H3][H4][C6]{E2}{B4}{B5}{H3}{G3}{H5}{C3}{D3}
Ply 8, lastPly 8
4|6|(6) |G4||G5||D7||E7||G7||G3|
(5) |E2||B4||B5||H3||G3||H5||C3||D3|
(4) |G5||C7||D2||E7||F2||D7||F7||D1||G7|
(3) |C6||G6||G3||C3||D3||C4||B4||H3||H6||B6||H5||H4|
8
(8) |G4||G5||D7||E7||G7||G3|
(7) |E2||B4||B5||H3||G3||H5||C3||D3|
(6) |D2||E7||F2||D7||F7||D1||G7||G5||C7|
(5) |G3||H4||H5||D3||C4||C3||B4||B5||H3||C2|
(4) |G5||F2||E7||H3||D7||D1||E1||G7||G2|
(3) |C6||C3||H3||C4||D3||C2||B4||G6||H5||H4|
[G4][E2][D2][G3][G5][H3][H4][C6]{E2}{B4}{B5}{H3}{G3}{H5}{C3}{D3}
Ply 8, lastPly 8
4|6|(6) |G4||G5||D7||E7||G7||G3|
(5) |E2||B4||B5||H3||G3||H5||C3||D3|
(4) |G5||C7||D2||E7||F2||D7||F7||D1||G7|
(3) |C6||G6||G3||C3||D3||C4||B4||H3||H6||B6||H5||H4|
8
(8) |G4||G5||D7||E7||G7||G3|
(7) |E2||B4||B5||H3||G3||H5||C3||D3|
(6) |D2||E7||F2||D7||F7||D1||G7||G5||C7|
(5) |G3||H4||H5||D3||C4||C3||B4||B5||H3||C2|
(4) |G5||F2||E7||H3||D7||D1||E1||G7||G2|
(3) |C6||C3||H3||C4||D3||C2||B4||G6||H5||H4|
[G4][E2][D2][G3][G5][H3][H4][C6]{E2}{B4}{B5}{H3}{G3}{H5}{C3}{D3}
Ply 8, lastPly 8
4|6|(6) |G4||G5||D7||E7||G7||G3|
(5) |E2||B4||B5||H3||G3||H5||C3||D3|
(4) |G5||C7||D2||E7||F2||D7||F7||D1||G7|
(3) |C6||G6||G3||C3||D3||C4||B4||H3||H6||B6||H5||H4|
8
(8) |G4||G5||D7||E7||G7||G3|
(7) |E2||B4||B5||H3||G3||H5||C3||D3|
(6) |D2||E7||F2||D7||F7||D1||G7||G5||C7|
(5) |G3||H4||H5||D3||C4||C3||B4||B5||H3||C2|
(4) |G5||F2||E7||H3||D7||D1||E1||G7||G2|
(3) |C6||C3||H3||C4||D3||C2||B4||G6||H5||H4|
[G4][E2][D2][G3][G5][H3][H4][C6]{E2}{B4}{B5}{H3}{G3}{H5}{C3}{D3}
Ply 8, lastPly 8
4|6|(6) |G4||G5||D7||E7||G7||G3|
(5) |E2||B4||B5||H3||G3||H5||C3||D3|
(4) |G5||C7||D2||E7||F2||D7||F7||D1||G7|
(3) |C6||G6||G3||C3||D3||C4||B4||H3||H6||B6||H5||H4|
8
(8) |G4||G5||D7||E7||G7||G3|
(7) |E2||B4||B5||H3||G3||H5||C3||D3|
(6) |D2||E7||F2||D7||F7||D1||G7||G5||C7|
(5) |G3||H4||H5||D3||C4||C3||B4||B5||H3||C2|
(4) |G5||F2||E7||H3||D7||D1||E1||G7||G2|
(3) |C6||C3||H3||C4||D3||C2||B4||G6||H5||H4|
[G4][E2][D2][G3][G5][H3][H4][C6]{E2}{B4}{B5}{H3}{G3}{H5}{C3}{D3}
Ply 8, lastPly 8
4|6|(6) |G4||G5||D7||E7||G7||G3|
(5) |E2||B4||B5||H3||G3||H5||C3||D3|
(4) |G5||C7||D2||E7||F2||D7||F7||D1||G7|
(3) |C6||G6||G3||C3||D3||C4||B4||H3||H6||B6||H5||H4|
8
(8) |G4||G5||D7||E7||G7||G3|
(7) |E2||B4||B5||H3||G3||H5||C3||D3|
(6) |D2||E7||F2||D7||F7||D1||G7||G5||C7|
(5) |G3||H4||H5||D3||C4||C3||B4||B5||H3||C2|
(4) |G5||F2||E7||H3||D7||D1||E1||G7||G2|
(3) |C6||C3||H3||C4||D3||C2||B4||G6||H5||H4|
[G4][E2][D2][G3][G5][H3][H4][C6]{E2}{B4}{B5}{H3}{G3}{H5}{C3}{D3}
Ply 8, lastPly 8
4|6|(6) |G4||G5||D7||E7||G7||G3|
(5) |E2||B4||B5||H3||G3||H5||C3||D3|
(4) |G5||C7||D2||E7||F2||D7||F7||D1||G7|
(3) |C6||G6||G3||C3||D3||C4||B4||H3||H6||B6||H5||H4|
8
(8) |G4||G5||D7||E7||G7||G3|
(7) |E2||B4||B5||H3||G3||H5||C3||D3|
(6) |D2||E7||F2||D7||F7||D1||G7||G5||C7|
(5) |G3||H4||H5||D3||C4||C3||B4||B5||H3||C2|
(4) |G5||F2||E7||H3||D7||D1||E1||G7||G2|
(3) |C6||C3||H3||C4||D3||C2||B4||G6||H5||H4|
[G4][E2][D2][G3][G5][H3][H4][C6]{E2}{B4}{B5}{H3}{G3}{H5}{C3}{D3}
Ply 8, lastPly 8
4|6|(6) |G4||G5||D7||E7||G7||G3|
(5) |E2||B4||B5||H3||G3||H5||C3||D3|
(4) |G5||C7||D2||E7||F2||D7||F7||D1||G7|
(3) |C6||G6||G3||C3||D3||C4||B4||H3||H6||B6||H5||H4|
8
(8) |G4||G5||D7||E7||G7||G3|
(7) |E2||B4||B5||H3||G3||H5||C3||D3|
(6) |D2||E7||F2||D7||F7||D1||G7||G5||C7|
(5) |G3||H4||H5||D3||C4||C3||B4||B5||H3||C2|
(4) |G5||F2||E7||H3||D7||D1||E1||G7||G2|
(3) |C6||C3||H3||C4||D3||C2||B4||G6||H5||H4|
[G4][E2][D2][G3][G5][H3][H4][C6]{E2}{B4}{B5}{H3}{G3}{H5}{C3}{D3}
Ply 8, lastPly 8
4|6|(6) |G4||G5||D7||E7||G7||G3|
(5) |E2||B4||B5||H3||G3||H5||C3||D3|
(4) |G5||C7||D2||E7||F2||D7||F7||D1||G7|
(3) |C6||G6||G3||C3||D3||C4||B4||H3||H6||B6||H5||H4|
8
(8) |G4||G5||D7||E7||G7||G3|
(7) |E2||B4||B5||H3||G3||H5||C3||D3|
(6) |D2||E7||F2||D7||F7||D1||G7||G5||C7|
(5) |G3||H4||H5||D3||C4||C3||B4||B5||H3||C2|
(4) |G5||F2||E7||H3||D7||D1||E1||G7||G2|
(3) |C6||C3||H3||C4||D3||C2||B4||G6||H5||H4|
[G4][E2][D2][G3][G5][H3][H4][C6]{E2}{B4}{B5}{H3}{G3}{H5}{C3}{D3}
Ply 8, lastPly 8
4|6|(6) |G4||G5||D7||E7||G7||G3|
(5) |E2||B4||B5||H3||G3||H5||C3||D3|
(4) |G5||C7||D2||E7||F2||D7||F7||D1||G7|
(3) |C6||G6||G3||C3||D3||C4||B4||H3||H6||B6||H5||H4|
8
(8) |G4||G5||D7||E7||G7||G3|
(7) |E2||B4||B5||H3||G3||H5||C3||D3|
(6) |D2||E7||F2||D7||F7||D1||G7||G5||C7|
(5) |G3||H4||H5||D3||C4||C3||B4||B5||H3||C2|
(4) |G5||F2||E7||H3||D7||D1||E1||G7||G2|
(3) |C6||C3||H3||C4||D3||C2||B4||G6||H5||H4|
[G4][E2][D2][G3][G5][H3][H4][C6]{E2}{B4}{B5}{H3}{G3}{H5}{C3}{D3}
Ply 8, lastPly 8
4|6|(6) |G4||G5||D7||E7||G7||G3|
(5) |E2||B4||B5||H3||G3||H5||C3||D3|
(4) |G5||C7||D2||E7||F2||D7||F7||D1||G7|
(3) |C6||G6||G3||C3||D3||C4||B4||H3||H6||B6||H5||H4|
8
(8) |G4||G5||D7||E7||G7||G3|
(7) |E2||B4||B5||H3||G3||H5||C3||D3|
(6) |D2||E7||F2||D7||F7||D1||G7||G5||C7|
(5) |G3||H4||H5||D3||C4||C3||B4||B5||H3||C2|
(4) |G5||F2||E7||H3||D7||D1||E1||G7||G2|
(3) |C6||C3||H3||C4||D3||C2||B4||G6||H5||H4|
[G4][E2][D2][G3][G5][H3][H4][C6]{E2}{B4}{B5}{H3}{G3}{H5}{C3}{D3}
Ply 8, lastPly 8
4|6|(6) |G4||G5||D7||E7||G7||G3|
(5) |E2||B4||B5||H3||G3||H5||C3||D3|
(4) |G5||C7||D2||E7||F2||D7||F7||D1||G7|
(3) |C6||G6||G3||C3||D3||C4||B4||H3||H6||B6||H5||H4|
8
(8) |G4||G5||D7||E7||G7||G3|
(7) |E2||B4||B5||H3||G3||H5||C3||D3|
(6) |D2||E7||F2||D7||F7||D1||G7||G5||C7|
(5) |G3||H4||H5||D3||C4||C3||B4||B5||H3||C2|
(4) |G5||F2||E7||H3||D7||D1||E1||G7||G2|
(3) |C6||C3||H3||C4||D3||C2||B4||G6||H5||H4|
[G4][E2][D2][G3][G5][H3][H4][C6]{E2}{B4}{B5}{H3}{G3}{H5}{C3}{D3}
Ply 8, lastPly 8
4|6|(6) |G4||G5||D7||E7||G7||G3|
(5) |E2||B4||B5||H3||G3||H5||C3||D3|
(4) |G5||C7||D2||E7||F2||D7||F7||D1||G7|
(3) |C6||G6||G3||C3||D3||C4||B4||H3||H6||B6||H5||H4|
8
(8) |G4||G5||D7||E7||G7||G3|
(7) |E2||B4||B5||H3||G3||H5||C3||D3|
(6) |D2||E7||F2||D7||F7||D1||G7||G5||C7|
(5) |G3||H4||H5||D3||C4||C3||B4||B5||H3||C2|
(4) |G5||F2||E7||H3||D7||D1||E1||G7||G2|
(3) |C6||C3||H3||C4||D3||C2||B4||G6||H5||H4|
[G4][E2][D2][G3][G5][H3][H4][C6]{E2}{B4}{B5}{H3}{G3}{H5}{C3}{D3}
Ply 8, lastPly 8
4|6|(6) |G4||G5||D7||E7||G7||G3|
(5) |E2||B4||B5||H3||G3||H5||C3||D3|
(4) |G5||C7||D2||E7||F2||D7||F7||D1||G7|
(3) |C6||G6||G3||C3||D3||C4||B4||H3||H6||B6||H5||H4|
8
(8) |G4||G5||D7||E7||G7||G3|
(7) |E2||B4||B5||H3||G3||H5||C3||D3|
(6) |D2||E7||F2||D7||F7||D1||G7||G5||C7|
(5) |G3||H4||H5||D3||C4||C3||B4||B5||H3||C2|
(4) |G5||F2||E7||H3||D7||D1||E1||G7||G2|
(3) |C6||C3||H3||C4||D3||C2||B4||G6||H5||H4|
[G4][E2][D2][G3][G5][H3][H4][C6]{E2}{B4}{B5}{H3}{G3}{H5}{C3}{D3}
Ply 8, lastPly 8
4|6|(6) |G4||G5||D7||E7||G7||G3|
(5) |E2||B4||B5||H3||G3||H5||C3||D3|
(4) |G5||C7||D2||E7||F2||D7||F7||D1||G7|
(3) |C6||G6||G3||C3||D3||C4||B4||H3||H6||B6||H5||H4|
8
(8) |G4||G5||D7||E7||G7||G3|
(7) |E2||B4||B5||H3||G3||H5||C3||D3|
(6) |D2||E7||F2||D7||F7||D1||G7||G5||C7|
(5) |G3||H4||H5||D3||C4||C3||B4||B5||H3||C2|
(4) |G5||F2||E7||H3||D7||D1||E1||G7||G2|
(3) |C6||C3||H3||C4||D3||C2||B4||G6||H5||H4|
[G4][E2][D2][G3][G5][H3][H4][C6]{E2}{B4}{B5}{H3}{G3}{H5}{C3}{D3}
Ply 8, lastPly 8
4|6|(6) |G4||G5||D7||E7||G7||G3|
(5) |E2||B4||B5||H3||G3||H5||C3||D3|
(4) |G5||C7||D2||E7||F2||D7||F7||D1||G7|
(3) |C6||G6||G3||C3||D3||C4||B4||H3||H6||B6||H5||H4|
8
(8) |G4||G5||D7||E7||G7||G3|
(7) |E2||B4||B5||H3||G3||H5||C3||D3|
(6) |D2||E7||F2||D7||F7||D1||G7||G5||C7|
(5) |G3||H4||H5||D3||C4||C3||B4||B5||H3||C2|
(4) |G5||F2||E7||H3||D7||D1||E1||G7||G2|
(3) |C6||C3||H3||C4||D3||C2||B4||G6||H5||H4|
[G4][E2][D2][G3][G5][H3][H4][C6]{E2}{B4}{B5}{H3}{G3}{H5}{C3}{D3}
Ply 8, lastPly 8
4|6|(6) |G4||G5||D7||E7||G7||G3|
(5) |E2||B4||B5||H3||G3||H5||C3||D3|
(4) |G5||C7||D2||E7||F2||D7||F7||D1||G7|
(3) |C6||G6||G3||C3||D3||C4||B4||H3||H6||B6||H5||H4|
8
(8) |G4||G5||D7||E7||G7||G3|
(7) |E2||B4||B5||H3||G3||H5||C3||D3|
(6) |D2||E7||F2||D7||F7||D1||G7||G5||C7|
(5) |G3||H4||H5||D3||C4||C3||B4||B5||H3||C2|
(4) |G5||F2||E7||H3||D7||D1||E1||G7||G2|
(3) |C6||C3||H3||C4||D3||C2||B4||G6||H5||H4|
[G4][E2][D2][G3][G5][H3][H4][C6]{E2}{B4}{B5}{H3}{G3}{H5}{C3}{D3}
Ply 8, lastPly 8
4|6|(6) |G4||G5||D7||E7||G7||G3|
(5) |E2||B4||B5||H3||G3||H5||C3||D3|
(4) |G5||C7||D2||E7||F2||D7||F7||D1||G7|
(3) |C6||G6||G3||C3||D3||C4||B4||H3||H6||B6||H5||H4|
8
(8) |G4||G5||D7||E7||G7||G3|
(7) |E2||B4||B5||H3||G3||H5||C3||D3|
(6) |D2||E7||F2||D7||F7||D1||G7||G5||C7|
(5) |G3||H4||H5||D3||C4||C3||B4||B5||H3||C2|
(4) |G5||F2||E7||H3||D7||D1||E1||G7||G2|
(3) |C6||C3||H3||C4||D3||C2||B4||G6||H5||H4|
[G4][E2][D2][G3][G5][H3][H4][C6]{E2}{B4}{B5}{H3}{G3}{H5}{C3}{D3}
Ply 8, lastPly 8
4|6|(6) |G4||G5||D7||E7||G7||G3|
(5) |E2||B4||B5||H3||G3||H5||C3||D3|
(4) |G5||C7||D2||E7||F2||D7||F7||D1||G7|
(3) |C6||G6||G3||C3||D3||C4||B4||H3||H6||B6||H5||H4|
8
(8) |G4||G5||D7||E7||G7||G3|
(7) |E2||B4||B5||H3||G3||H5||C3||D3|
(6) |D2||E7||F2||D7||F7||D1||G7||G5||C7|
(5) |G3||H4||H5||D3||C4||C3||B4||B5||H3||C2|
(4) |G5||F2||E7||H3||D7||D1||E1||G7||G2|
(3) |C6||C3||H3||C4||D3||C2||B4||G6||H5||H4|
[G4][E2][D2][G3][G5][H3][H4][C6]{E2}{B4}{B5}{H3}{G3}{H5}{C3}{D3}
Ply 8, lastPly 8
4|6|(6) |G4||G5||D7||E7||G7||G3|
(5) |E2||B4||B5||H3||G3||H5||C3||D3|
(4) |G5||C7||D2||E7||F2||D7||F7||D1||G7|
(3) |C6||G6||G3||C3||D3||C4||B4||H3||H6||B6||H5||H4|
8
(8) |G4||G5||D7||E7||G7||G3|
(7) |E2||B4||B5||H3||G3||H5||C3||D3|
(6) |D2||E7||F2||D7||F7||D1||G7||G5||C7|
(5) |G3||H4||H5||D3||C4||C3||B4||B5||H3||C2|
(4) |G5||F2||E7||H3||D7||D1||E1||G7||G2|
(3) |C6||C3||H3||C4||D3||C2||B4||G6||H5||H4|
[G4][E2][D2][G3][G5][H3][H4][C6]{E2}{B4}{B5}{H3}{G3}{H5}{C3}{D3}
Ply 8, lastPly 8
4|6|(6) |G4||G5||D7||E7||G7||G3|
(5) |E2||B4||B5||H3||G3||H5||C3||D3|
(4) |G5||C7||D2||E7||F2||D7||F7||D1||G7|
(3) |C6||G6||G3||C3||D3||C4||B4||H3||H6||B6||H5||H4|
8
(8) |G4||G5||D7||E7||G7||G3|
(7) |E2||B4||B5||H3||G3||H5||C3||D3|
(6) |D2||E7||F2||D7||F7||D1||G7||G5||C7|
(5) |G3||H4||H5||D3||C4||C3||B4||B5||H3||C2|
(4) |G5||F2||E7||H3||D7||D1||E1||G7||G2|
(3) |C6||C3||H3||C4||D3||C2||B4||G6||H5||H4|
[G4][E2][D2][G3][G5][H3][H4][C6]{E2}{B4}{B5}{H3}{G3}{H5}{C3}{D3}
Ply 8, lastPly 8
4|6|(6) |G4||G5||D7||E7||G7||G3|
(5) |E2||B4||B5||H3||G3||H5||C3||D3|
(4) |G5||C7||D2||E7||F2||D7||F7||D1||G7|
(3) |C6||G6||G3||C3||D3||C4||B4||H3||H6||B6||H5||H4|
8
(8) |G4||G5||D7||E7||G7||G3|
(7) |E2||B4||B5||H3||G3||H5||C3||D3|
(6) |D2||E7||F2||D7||F7||D1||G7||G5||C7|
(5) |G3||H4||H5||D3||C4||C3||B4||B5||H3||C2|
(4) |G5||F2||E7||H3||D7||D1||E1||G7||G2|
(3) |C6||C3||H3||C4||D3||C2||B4||G6||H5||H4|
[G4][E2][D2][G3][G5][H3][H4][C6]{E2}{B4}{B5}{H3}{G3}{H5}{C3}{D3}
Ply 8, lastPly 8
4|6|(6) |G4||G5||D7||E7||G7||G3|
(5) |E2||B4||B5||H3||G3||H5||C3||D3|
(4) |G5||C7||D2||E7||F2||D7||F7||D1||G7|
(3) |C6||G6||G3||C3||D3||C4||B4||H3||H6||B6||H5||H4|
8
(8) |G4||G5||D7||E7||G7||G3|
(7) |E2||B4||B5||H3||G3||H5||C3||D3|
(6) |D2||E7||F2||D7||F7||D1||G7||G5||C7|
(5) |G3||H4||H5||D3||C4||C3||B4||B5||H3||C2|
(4) |G5||F2||E7||H3||D7||D1||E1||G7||G2|
(3) |C6||C3||H3||C4||D3||C2||B4||G6||H5||H4|
[G4][E2][D2][G3][G5][H3][H4][C6]{E2}{B4}{B5}{H3}{G3}{H5}{C3}{D3}
Ply 8, lastPly 8
4|6|(6) |G4||G5||D7||E7||G7||G3|
(5) |E2||B4||B5||H3||G3||H5||C3||D3|
(4) |G5||C7||D2||E7||F2||D7||F7||D1||G7|
(3) |C6||G6||G3||C3||D3||C4||B4||H3||H6||B6||H5||H4|
8
(8) |G4||G5||D7||E7||G7||G3|
(7) |E2||B4||B5||H3||G3||H5||C3||D3|
(6) |D2||E7||F2||D7||F7||D1||G7||G5||C7|
(5) |G3||H4||H5||D3||C4||C3||B4||B5||H3||C2|
(4) |G5||F2||E7||H3||D7||D1||E1||G7||G2|
(3) |C6||C3||H3||C4||D3||C2||B4||G6||H5||H4|
[G4][E2][D2][G3][G5][H3][H4][C6]{E2}{B4}{B5}{H3}{G3}{H5}{C3}{D3}
Ply 8, lastPly 8
4|6|(6) |G4||G5||D7||E7||G7||G3|
(5) |E2||B4||B5||H3||G3||H5||C3||D3|
(4) |G5||C7||D2||E7||F2||D7||F7||D1||G7|
(3) |C6||G6||G3||C3||D3||C4||B4||H3||H6||B6||H5||H4|
8
(8) |G4||G5||D7||E7||G7||G3|
(7) |E2||B4||B5||H3||G3||H5||C3||D3|
(6) |D2||E7||F2||D7||F7||D1||G7||G5||C7|
(5) |G3||H4||H5||D3||C4||C3||B4||B5||H3||C2|
(4) |G5||F2||E7||H3||D7||D1||E1||G7||G2|
(3) |C6||C3||H3||C4||D3||C2||B4||G6||H5||H4|
[G4][E2][D2][G3][G5][H3][H4][C6]{E2}{B4}{B5}{H3}{G3}{H5}{C3}{D3}
Ply 8, lastPly 8
4|6|(6) |G4||G5||D7||E7||G7||G3|
(5) |E2||B4||B5||H3||G3||H5||C3||D3|
(4) |G5||C7||D2||E7||F2||D7||F7||D1||G7|
(3) |C6||G6||G3||C3||D3||C4||B4||H3||H6||B6||H5||H4|
8
(8) |G4||G5||D7||E7||G7||G3|
(7) |E2||B4||B5||H3||G3||H5||C3||D3|
(6) |D2||E7||F2||D7||F7||D1||G7||G5||C7|
(5) |G3||H4||H5||D3||C4||C3||B4||B5||H3||C2|
(4) |G5||F2||E7||H3||D7||D1||E1||G7||G2|
(3) |C6||C3||H3||C4||D3||C2||B4||G6||H5||H4|
[G4][E2][D2][G3][G5][H3][H4][C6]{E2}{B4}{B5}{H3}{G3}{H5}{C3}{D3}
